
--- 2024-09-22T04:15:54.115Z debug
🪵  Writing logs to "/home/yogix/.config/.wrangler/logs/wrangler-2024-09-22_04-15-53_887.log"
---

--- 2024-09-22T04:15:54.115Z debug
Failed to load .env file ".env": Error: ENOENT: no such file or directory, open '.env'
    at Object.openSync (node:fs:573:18)
    at Object.readFileSync (node:fs:452:35)
    at tryLoadDotEnv (/home/yogix/Projects/hono/serverless-api/node_modules/wrangler/wrangler-dist/cli.js:158093:72)
    at loadDotEnv (/home/yogix/Projects/hono/serverless-api/node_modules/wrangler/wrangler-dist/cli.js:158102:12)
    at /home/yogix/Projects/hono/serverless-api/node_modules/wrangler/wrangler-dist/cli.js:213632:20
    at /home/yogix/Projects/hono/serverless-api/node_modules/wrangler/wrangler-dist/cli.js:179343:16
    at maybeAsyncResult (/home/yogix/Projects/hono/serverless-api/node_modules/wrangler/wrangler-dist/cli.js:177564:44)
    at /home/yogix/Projects/hono/serverless-api/node_modules/wrangler/wrangler-dist/cli.js:179342:14
    at /home/yogix/Projects/hono/serverless-api/node_modules/wrangler/wrangler-dist/cli.js:177551:22
    at Array.reduce (<anonymous>) {
  errno: -2,
  code: 'ENOENT',
  syscall: 'open',
  path: '.env'
}
---

--- 2024-09-22T04:15:57.852Z log

 ⛅️ wrangler 3.78.7
[38;2;255;136;0m-------------------[39m

---

--- 2024-09-22T04:15:57.959Z debug
Failed to load .env file "/home/yogix/Projects/hono/serverless-api/.dev.vars": Error: ENOENT: no such file or directory, open '/home/yogix/Projects/hono/serverless-api/.dev.vars'
    at Object.openSync (node:fs:573:18)
    at Object.readFileSync (node:fs:452:35)
    at tryLoadDotEnv (/home/yogix/Projects/hono/serverless-api/node_modules/wrangler/wrangler-dist/cli.js:158093:72)
    at loadDotEnv (/home/yogix/Projects/hono/serverless-api/node_modules/wrangler/wrangler-dist/cli.js:158102:12)
    at getVarsForDev (/home/yogix/Projects/hono/serverless-api/node_modules/wrangler/wrangler-dist/cli.js:176513:18)
    at getBindings (/home/yogix/Projects/hono/serverless-api/node_modules/wrangler/wrangler-dist/cli.js:215311:10)
    at getResolvedBindings (/home/yogix/Projects/hono/serverless-api/node_modules/wrangler/wrangler-dist/cli.js:215181:20)
    at getBindingsAndLegacyAssetPaths (/home/yogix/Projects/hono/serverless-api/node_modules/wrangler/wrangler-dist/cli.js:215211:15)
    at getDevReactElement (/home/yogix/Projects/hono/serverless-api/node_modules/wrangler/wrangler-dist/cli.js:214815:46)
    at startDev (/home/yogix/Projects/hono/serverless-api/node_modules/wrangler/wrangler-dist/cli.js:214884:60) {
  errno: -2,
  code: 'ENOENT',
  syscall: 'open',
  path: '/home/yogix/Projects/hono/serverless-api/.dev.vars'
}
---

--- 2024-09-22T04:15:57.965Z debug
Metrics dispatcher: Dispatching disabled - would have sent {"type":"event","name":"run dev","properties":{"local":true,"usesTypeScript":true}}.
---

--- 2024-09-22T04:15:58.083Z log
[2m⎔ Starting local server...[22m
---

--- 2024-09-22T04:15:58.791Z debug
[InspectorProxyWorker] handleProxyControllerIncomingMessage {"type":"reloadStart"}
---

--- 2024-09-22T04:15:58.799Z debug
[InspectorProxyWorker] handleProxyControllerIncomingMessage {"type":"reloadComplete","proxyData":{"userWorkerUrl":{"protocol":"http:","hostname":"127.0.0.1","port":"35711"},"userWorkerInspectorUrl":{"protocol":"ws:","hostname":"127.0.0.1","port":"37869","pathname":"/core:user:serverless-api"},"userWorkerInnerUrlOverrides":{"protocol":"http"},"headers":{"MF-Proxy-Shared-Secret":"3cd2fd40-8e9f-4f96-ad56-ef8a89e1f68e"},"liveReload":false,"proxyLogsToController":false,"internalDurableObjects":[],"entrypointAddresses":{"__INTERNAL_WRANGLER_MIDDLEWARE__":{"host":"127.0.0.1","port":44753},"default":{"host":"127.0.0.1","port":42587}}}}
---

--- 2024-09-22T04:15:58.801Z debug
[InspectorProxyWorker] reconnectRuntimeWebSocket
---

--- 2024-09-22T04:15:58.807Z debug
[InspectorProxyWorker] NEW RUNTIME WEBSOCKET http://127.0.0.1:37869/core:user:serverless-api
---

--- 2024-09-22T04:15:58.809Z debug
[InspectorProxyWorker] RUNTIME WEBSOCKET OPENED
---

--- 2024-09-22T04:15:58.814Z debug
[InspectorProxyWorker] RUNTIME INCOMING MESSAGE {
  method: 'Runtime.executionContextCreated',
  params: {
    context: {
      id: 57324289,
      origin: '',
      name: 'Worker',
      uniqueId: '-9208370557593106011.-2868154896127373301'
    }
  }
}
---

--- 2024-09-22T04:15:58.815Z debug
[InspectorProxyWorker] SEND TO DEVTOOLS {"method":"Runtime.executionContextsCleared"}
---

--- 2024-09-22T04:15:58.817Z debug
[InspectorProxyWorker] SEND TO RUNTIME {"method":"Runtime.enable","id":100000001}
---

--- 2024-09-22T04:15:58.819Z debug
[InspectorProxyWorker] SEND TO RUNTIME {"method":"Debugger.enable","id":100000002}
---

--- 2024-09-22T04:15:58.820Z debug
[InspectorProxyWorker] SEND TO RUNTIME {"method":"Network.enable","id":100000003}
---

--- 2024-09-22T04:15:58.821Z debug
[InspectorProxyWorker] RUNTIME INCOMING MESSAGE { id: 100000001, result: {} }
---

--- 2024-09-22T04:15:58.822Z debug
[InspectorProxyWorker] RUNTIME INCOMING MESSAGE {
  method: 'Debugger.scriptParsed',
  params: {
    scriptId: '3',
    url: 'file:///home/yogix/Projects/hono/serverless-api/.wrangler/tmp/dev-WACESz/index.js',
    startLine: 0,
    startColumn: 0,
    endLine: 1743,
    endColumn: 95,
    executionContextId: 57324289,
    hash: 'b2c532be159018f24dacde3e899f685adc9bd26f194245c9d425bab623710e13',
    isLiveEdit: false,
    sourceMapURL: 'index.js.map',
    hasSourceURL: true,
    isModule: true,
    length: 52091,
    scriptLanguage: 'JavaScript',
    embedderName: 'index.js'
  }
}
---

--- 2024-09-22T04:15:58.823Z debug
[InspectorProxyWorker] RUNTIME INCOMING MESSAGE {
  id: 100000002,
  result: { debuggerId: '2004006182367511592.1934916276884224676' }
}
---

--- 2024-09-22T04:15:58.824Z debug
[InspectorProxyWorker] RUNTIME INCOMING MESSAGE { id: 100000003, method: 'Network.enable', result: {} }
---

--- 2024-09-22T04:16:08.809Z debug
[InspectorProxyWorker] SEND TO RUNTIME {"method":"Runtime.getIsolateId","id":100000004}
---

--- 2024-09-22T04:16:08.810Z debug
[InspectorProxyWorker] RUNTIME INCOMING MESSAGE { id: 100000004, result: { id: '866fc21eea3da1c0' } }
---

--- 2024-09-22T04:16:18.809Z debug
[InspectorProxyWorker] SEND TO RUNTIME {"method":"Runtime.getIsolateId","id":100000005}
---

--- 2024-09-22T04:16:18.810Z debug
[InspectorProxyWorker] RUNTIME INCOMING MESSAGE { id: 100000005, result: { id: '866fc21eea3da1c0' } }
---

--- 2024-09-22T04:16:28.809Z debug
[InspectorProxyWorker] SEND TO RUNTIME {"method":"Runtime.getIsolateId","id":100000006}
---

--- 2024-09-22T04:16:28.809Z debug
[InspectorProxyWorker] RUNTIME INCOMING MESSAGE { id: 100000006, result: { id: '866fc21eea3da1c0' } }
---

--- 2024-09-22T04:16:38.811Z debug
[InspectorProxyWorker] SEND TO RUNTIME {"method":"Runtime.getIsolateId","id":100000007}
---

--- 2024-09-22T04:16:38.812Z debug
[InspectorProxyWorker] RUNTIME INCOMING MESSAGE { id: 100000007, result: { id: '866fc21eea3da1c0' } }
---

--- 2024-09-22T04:16:48.808Z debug
[InspectorProxyWorker] SEND TO RUNTIME {"method":"Runtime.getIsolateId","id":100000008}
---

--- 2024-09-22T04:16:48.809Z debug
[InspectorProxyWorker] RUNTIME INCOMING MESSAGE { id: 100000008, result: { id: '866fc21eea3da1c0' } }
---

--- 2024-09-22T04:16:58.809Z debug
[InspectorProxyWorker] SEND TO RUNTIME {"method":"Runtime.getIsolateId","id":100000009}
---

--- 2024-09-22T04:16:58.810Z debug
[InspectorProxyWorker] RUNTIME INCOMING MESSAGE { id: 100000009, result: { id: '866fc21eea3da1c0' } }
---

--- 2024-09-22T04:17:08.804Z debug
[InspectorProxyWorker] SEND TO RUNTIME {"method":"Runtime.getIsolateId","id":100000010}
---

--- 2024-09-22T04:17:08.805Z debug
[InspectorProxyWorker] RUNTIME INCOMING MESSAGE { id: 100000010, result: { id: '866fc21eea3da1c0' } }
---

--- 2024-09-22T04:17:18.809Z debug
[InspectorProxyWorker] SEND TO RUNTIME {"method":"Runtime.getIsolateId","id":100000011}
---

--- 2024-09-22T04:17:18.810Z debug
[InspectorProxyWorker] RUNTIME INCOMING MESSAGE { id: 100000011, result: { id: '866fc21eea3da1c0' } }
---

--- 2024-09-22T04:17:28.810Z debug
[InspectorProxyWorker] SEND TO RUNTIME {"method":"Runtime.getIsolateId","id":100000012}
---

--- 2024-09-22T04:17:28.810Z debug
[InspectorProxyWorker] RUNTIME INCOMING MESSAGE { id: 100000012, result: { id: '866fc21eea3da1c0' } }
---

--- 2024-09-22T04:17:38.808Z debug
[InspectorProxyWorker] SEND TO RUNTIME {"method":"Runtime.getIsolateId","id":100000013}
---

--- 2024-09-22T04:17:38.809Z debug
[InspectorProxyWorker] RUNTIME INCOMING MESSAGE { id: 100000013, result: { id: '866fc21eea3da1c0' } }
---

--- 2024-09-22T04:17:48.808Z debug
[InspectorProxyWorker] SEND TO RUNTIME {"method":"Runtime.getIsolateId","id":100000014}
---

--- 2024-09-22T04:17:48.809Z debug
[InspectorProxyWorker] RUNTIME INCOMING MESSAGE { id: 100000014, result: { id: '866fc21eea3da1c0' } }
---

--- 2024-09-22T04:17:58.810Z debug
[InspectorProxyWorker] SEND TO RUNTIME {"method":"Runtime.getIsolateId","id":100000015}
---

--- 2024-09-22T04:17:58.811Z debug
[InspectorProxyWorker] RUNTIME INCOMING MESSAGE { id: 100000015, result: { id: '866fc21eea3da1c0' } }
---

--- 2024-09-22T04:18:08.808Z debug
[InspectorProxyWorker] SEND TO RUNTIME {"method":"Runtime.getIsolateId","id":100000016}
---

--- 2024-09-22T04:18:08.809Z debug
[InspectorProxyWorker] RUNTIME INCOMING MESSAGE { id: 100000016, result: { id: '866fc21eea3da1c0' } }
---

--- 2024-09-22T04:18:18.803Z debug
[InspectorProxyWorker] SEND TO RUNTIME {"method":"Runtime.getIsolateId","id":100000017}
---

--- 2024-09-22T04:18:18.803Z debug
[InspectorProxyWorker] RUNTIME INCOMING MESSAGE { id: 100000017, result: { id: '866fc21eea3da1c0' } }
---

--- 2024-09-22T04:18:28.808Z debug
[InspectorProxyWorker] SEND TO RUNTIME {"method":"Runtime.getIsolateId","id":100000018}
---

--- 2024-09-22T04:18:28.809Z debug
[InspectorProxyWorker] RUNTIME INCOMING MESSAGE { id: 100000018, result: { id: '866fc21eea3da1c0' } }
---

--- 2024-09-22T04:18:38.810Z debug
[InspectorProxyWorker] SEND TO RUNTIME {"method":"Runtime.getIsolateId","id":100000019}
---

--- 2024-09-22T04:18:38.811Z debug
[InspectorProxyWorker] RUNTIME INCOMING MESSAGE { id: 100000019, result: { id: '866fc21eea3da1c0' } }
---

--- 2024-09-22T04:18:48.808Z debug
[InspectorProxyWorker] SEND TO RUNTIME {"method":"Runtime.getIsolateId","id":100000020}
---

--- 2024-09-22T04:18:48.809Z debug
[InspectorProxyWorker] RUNTIME INCOMING MESSAGE { id: 100000020, result: { id: '866fc21eea3da1c0' } }
---

--- 2024-09-22T04:18:58.810Z debug
[InspectorProxyWorker] SEND TO RUNTIME {"method":"Runtime.getIsolateId","id":100000021}
---

--- 2024-09-22T04:18:58.810Z debug
[InspectorProxyWorker] RUNTIME INCOMING MESSAGE { id: 100000021, result: { id: '866fc21eea3da1c0' } }
---

--- 2024-09-22T04:19:08.808Z debug
[InspectorProxyWorker] SEND TO RUNTIME {"method":"Runtime.getIsolateId","id":100000022}
---

--- 2024-09-22T04:19:08.809Z debug
[InspectorProxyWorker] RUNTIME INCOMING MESSAGE { id: 100000022, result: { id: '866fc21eea3da1c0' } }
---

--- 2024-09-22T04:19:18.808Z debug
[InspectorProxyWorker] SEND TO RUNTIME {"method":"Runtime.getIsolateId","id":100000023}
---

--- 2024-09-22T04:19:18.809Z debug
[InspectorProxyWorker] RUNTIME INCOMING MESSAGE { id: 100000023, result: { id: '866fc21eea3da1c0' } }
---

--- 2024-09-22T04:19:28.803Z debug
[InspectorProxyWorker] SEND TO RUNTIME {"method":"Runtime.getIsolateId","id":100000024}
---

--- 2024-09-22T04:19:28.804Z debug
[InspectorProxyWorker] RUNTIME INCOMING MESSAGE { id: 100000024, result: { id: '866fc21eea3da1c0' } }
---

--- 2024-09-22T04:19:38.809Z debug
[InspectorProxyWorker] SEND TO RUNTIME {"method":"Runtime.getIsolateId","id":100000025}
---

--- 2024-09-22T04:19:38.810Z debug
[InspectorProxyWorker] RUNTIME INCOMING MESSAGE { id: 100000025, result: { id: '866fc21eea3da1c0' } }
---

--- 2024-09-22T04:19:48.810Z debug
[InspectorProxyWorker] SEND TO RUNTIME {"method":"Runtime.getIsolateId","id":100000026}
---

--- 2024-09-22T04:19:48.811Z debug
[InspectorProxyWorker] RUNTIME INCOMING MESSAGE { id: 100000026, result: { id: '866fc21eea3da1c0' } }
---

--- 2024-09-22T04:19:58.808Z debug
[InspectorProxyWorker] SEND TO RUNTIME {"method":"Runtime.getIsolateId","id":100000027}
---

--- 2024-09-22T04:19:58.809Z debug
[InspectorProxyWorker] RUNTIME INCOMING MESSAGE { id: 100000027, result: { id: '866fc21eea3da1c0' } }
---

--- 2024-09-22T04:20:08.808Z debug
[InspectorProxyWorker] SEND TO RUNTIME {"method":"Runtime.getIsolateId","id":100000028}
---

--- 2024-09-22T04:20:08.809Z debug
[InspectorProxyWorker] RUNTIME INCOMING MESSAGE { id: 100000028, result: { id: '866fc21eea3da1c0' } }
---

--- 2024-09-22T04:20:18.808Z debug
[InspectorProxyWorker] SEND TO RUNTIME {"method":"Runtime.getIsolateId","id":100000029}
---

--- 2024-09-22T04:20:18.809Z debug
[InspectorProxyWorker] RUNTIME INCOMING MESSAGE { id: 100000029, result: { id: '866fc21eea3da1c0' } }
---

--- 2024-09-22T04:20:28.809Z debug
[InspectorProxyWorker] SEND TO RUNTIME {"method":"Runtime.getIsolateId","id":100000030}
---

--- 2024-09-22T04:20:28.810Z debug
[InspectorProxyWorker] RUNTIME INCOMING MESSAGE { id: 100000030, result: { id: '866fc21eea3da1c0' } }
---

--- 2024-09-22T04:20:38.803Z debug
[InspectorProxyWorker] SEND TO RUNTIME {"method":"Runtime.getIsolateId","id":100000031}
---

--- 2024-09-22T04:20:38.804Z debug
[InspectorProxyWorker] RUNTIME INCOMING MESSAGE { id: 100000031, result: { id: '866fc21eea3da1c0' } }
---

--- 2024-09-22T04:20:48.810Z debug
[InspectorProxyWorker] SEND TO RUNTIME {"method":"Runtime.getIsolateId","id":100000032}
---

--- 2024-09-22T04:20:48.811Z debug
[InspectorProxyWorker] RUNTIME INCOMING MESSAGE { id: 100000032, result: { id: '866fc21eea3da1c0' } }
---

--- 2024-09-22T04:20:58.808Z debug
[InspectorProxyWorker] SEND TO RUNTIME {"method":"Runtime.getIsolateId","id":100000033}
---

--- 2024-09-22T04:20:58.810Z debug
[InspectorProxyWorker] RUNTIME INCOMING MESSAGE { id: 100000033, result: { id: '866fc21eea3da1c0' } }
---

--- 2024-09-22T04:21:08.809Z debug
[InspectorProxyWorker] SEND TO RUNTIME {"method":"Runtime.getIsolateId","id":100000034}
---

--- 2024-09-22T04:21:08.810Z debug
[InspectorProxyWorker] RUNTIME INCOMING MESSAGE { id: 100000034, result: { id: '866fc21eea3da1c0' } }
---

--- 2024-09-22T04:21:18.809Z debug
[InspectorProxyWorker] SEND TO RUNTIME {"method":"Runtime.getIsolateId","id":100000035}
---

--- 2024-09-22T04:21:18.810Z debug
[InspectorProxyWorker] RUNTIME INCOMING MESSAGE { id: 100000035, result: { id: '866fc21eea3da1c0' } }
---

--- 2024-09-22T04:21:28.808Z debug
[InspectorProxyWorker] SEND TO RUNTIME {"method":"Runtime.getIsolateId","id":100000036}
---

--- 2024-09-22T04:21:28.811Z debug
[InspectorProxyWorker] RUNTIME INCOMING MESSAGE { id: 100000036, result: { id: '866fc21eea3da1c0' } }
---

--- 2024-09-22T04:21:38.809Z debug
[InspectorProxyWorker] SEND TO RUNTIME {"method":"Runtime.getIsolateId","id":100000037}
---

--- 2024-09-22T04:21:38.810Z debug
[InspectorProxyWorker] RUNTIME INCOMING MESSAGE { id: 100000037, result: { id: '866fc21eea3da1c0' } }
---

--- 2024-09-22T04:21:48.805Z debug
[InspectorProxyWorker] SEND TO RUNTIME {"method":"Runtime.getIsolateId","id":100000038}
---

--- 2024-09-22T04:21:48.806Z debug
[InspectorProxyWorker] RUNTIME INCOMING MESSAGE { id: 100000038, result: { id: '866fc21eea3da1c0' } }
---

--- 2024-09-22T04:21:58.809Z debug
[InspectorProxyWorker] SEND TO RUNTIME {"method":"Runtime.getIsolateId","id":100000039}
---

--- 2024-09-22T04:21:58.810Z debug
[InspectorProxyWorker] RUNTIME INCOMING MESSAGE { id: 100000039, result: { id: '866fc21eea3da1c0' } }
---

--- 2024-09-22T04:22:08.809Z debug
[InspectorProxyWorker] SEND TO RUNTIME {"method":"Runtime.getIsolateId","id":100000040}
---

--- 2024-09-22T04:22:08.811Z debug
[InspectorProxyWorker] RUNTIME INCOMING MESSAGE { id: 100000040, result: { id: '866fc21eea3da1c0' } }
---

--- 2024-09-22T04:22:18.808Z debug
[InspectorProxyWorker] SEND TO RUNTIME {"method":"Runtime.getIsolateId","id":100000041}
---

--- 2024-09-22T04:22:18.810Z debug
[InspectorProxyWorker] RUNTIME INCOMING MESSAGE { id: 100000041, result: { id: '866fc21eea3da1c0' } }
---

--- 2024-09-22T04:22:28.809Z debug
[InspectorProxyWorker] SEND TO RUNTIME {"method":"Runtime.getIsolateId","id":100000042}
---

--- 2024-09-22T04:22:28.810Z debug
[InspectorProxyWorker] RUNTIME INCOMING MESSAGE { id: 100000042, result: { id: '866fc21eea3da1c0' } }
---

--- 2024-09-22T04:22:38.805Z debug
[InspectorProxyWorker] SEND TO RUNTIME {"method":"Runtime.getIsolateId","id":100000043}
---

--- 2024-09-22T04:22:38.806Z debug
[InspectorProxyWorker] RUNTIME INCOMING MESSAGE { id: 100000043, result: { id: '866fc21eea3da1c0' } }
---

--- 2024-09-22T04:22:48.809Z debug
[InspectorProxyWorker] SEND TO RUNTIME {"method":"Runtime.getIsolateId","id":100000044}
---

--- 2024-09-22T04:22:48.810Z debug
[InspectorProxyWorker] RUNTIME INCOMING MESSAGE { id: 100000044, result: { id: '866fc21eea3da1c0' } }
---

--- 2024-09-22T04:22:58.804Z debug
[InspectorProxyWorker] SEND TO RUNTIME {"method":"Runtime.getIsolateId","id":100000045}
---

--- 2024-09-22T04:22:58.805Z debug
[InspectorProxyWorker] RUNTIME INCOMING MESSAGE { id: 100000045, result: { id: '866fc21eea3da1c0' } }
---

--- 2024-09-22T04:23:08.811Z debug
[InspectorProxyWorker] SEND TO RUNTIME {"method":"Runtime.getIsolateId","id":100000046}
---

--- 2024-09-22T04:23:08.812Z debug
[InspectorProxyWorker] RUNTIME INCOMING MESSAGE { id: 100000046, result: { id: '866fc21eea3da1c0' } }
---

--- 2024-09-22T04:23:18.809Z debug
[InspectorProxyWorker] SEND TO RUNTIME {"method":"Runtime.getIsolateId","id":100000047}
---

--- 2024-09-22T04:23:18.811Z debug
[InspectorProxyWorker] RUNTIME INCOMING MESSAGE { id: 100000047, result: { id: '866fc21eea3da1c0' } }
---

--- 2024-09-22T04:23:28.809Z debug
[InspectorProxyWorker] SEND TO RUNTIME {"method":"Runtime.getIsolateId","id":100000048}
---

--- 2024-09-22T04:23:28.810Z debug
[InspectorProxyWorker] RUNTIME INCOMING MESSAGE { id: 100000048, result: { id: '866fc21eea3da1c0' } }
---

--- 2024-09-22T04:23:38.808Z debug
[InspectorProxyWorker] SEND TO RUNTIME {"method":"Runtime.getIsolateId","id":100000049}
---

--- 2024-09-22T04:23:38.809Z debug
[InspectorProxyWorker] RUNTIME INCOMING MESSAGE { id: 100000049, result: { id: '866fc21eea3da1c0' } }
---

--- 2024-09-22T04:23:48.811Z debug
[InspectorProxyWorker] SEND TO RUNTIME {"method":"Runtime.getIsolateId","id":100000050}
---

--- 2024-09-22T04:23:48.812Z debug
[InspectorProxyWorker] RUNTIME INCOMING MESSAGE { id: 100000050, result: { id: '866fc21eea3da1c0' } }
---

--- 2024-09-22T04:23:58.809Z debug
[InspectorProxyWorker] SEND TO RUNTIME {"method":"Runtime.getIsolateId","id":100000051}
---

--- 2024-09-22T04:23:58.811Z debug
[InspectorProxyWorker] RUNTIME INCOMING MESSAGE { id: 100000051, result: { id: '866fc21eea3da1c0' } }
---

--- 2024-09-22T04:24:08.803Z debug
[InspectorProxyWorker] SEND TO RUNTIME {"method":"Runtime.getIsolateId","id":100000052}
---

--- 2024-09-22T04:24:08.804Z debug
[InspectorProxyWorker] RUNTIME INCOMING MESSAGE { id: 100000052, result: { id: '866fc21eea3da1c0' } }
---

--- 2024-09-22T04:24:18.808Z debug
[InspectorProxyWorker] SEND TO RUNTIME {"method":"Runtime.getIsolateId","id":100000053}
---

--- 2024-09-22T04:24:18.809Z debug
[InspectorProxyWorker] RUNTIME INCOMING MESSAGE { id: 100000053, result: { id: '866fc21eea3da1c0' } }
---

--- 2024-09-22T04:24:28.808Z debug
[InspectorProxyWorker] SEND TO RUNTIME {"method":"Runtime.getIsolateId","id":100000054}
---

--- 2024-09-22T04:24:28.809Z debug
[InspectorProxyWorker] RUNTIME INCOMING MESSAGE { id: 100000054, result: { id: '866fc21eea3da1c0' } }
---

--- 2024-09-22T04:24:38.808Z debug
[InspectorProxyWorker] SEND TO RUNTIME {"method":"Runtime.getIsolateId","id":100000055}
---

--- 2024-09-22T04:24:38.811Z debug
[InspectorProxyWorker] RUNTIME INCOMING MESSAGE { id: 100000055, result: { id: '866fc21eea3da1c0' } }
---

--- 2024-09-22T04:24:48.809Z debug
[InspectorProxyWorker] SEND TO RUNTIME {"method":"Runtime.getIsolateId","id":100000056}
---

--- 2024-09-22T04:24:48.810Z debug
[InspectorProxyWorker] RUNTIME INCOMING MESSAGE { id: 100000056, result: { id: '866fc21eea3da1c0' } }
---

--- 2024-09-22T04:24:58.808Z debug
[InspectorProxyWorker] SEND TO RUNTIME {"method":"Runtime.getIsolateId","id":100000057}
---

--- 2024-09-22T04:24:58.809Z debug
[InspectorProxyWorker] RUNTIME INCOMING MESSAGE { id: 100000057, result: { id: '866fc21eea3da1c0' } }
---

--- 2024-09-22T04:25:08.808Z debug
[InspectorProxyWorker] SEND TO RUNTIME {"method":"Runtime.getIsolateId","id":100000058}
---

--- 2024-09-22T04:25:08.810Z debug
[InspectorProxyWorker] RUNTIME INCOMING MESSAGE { id: 100000058, result: { id: '866fc21eea3da1c0' } }
---

--- 2024-09-22T04:25:18.804Z debug
[InspectorProxyWorker] SEND TO RUNTIME {"method":"Runtime.getIsolateId","id":100000059}
---

--- 2024-09-22T04:25:18.805Z debug
[InspectorProxyWorker] RUNTIME INCOMING MESSAGE { id: 100000059, result: { id: '866fc21eea3da1c0' } }
---

--- 2024-09-22T04:25:28.809Z debug
[InspectorProxyWorker] SEND TO RUNTIME {"method":"Runtime.getIsolateId","id":100000060}
---

--- 2024-09-22T04:25:28.810Z debug
[InspectorProxyWorker] RUNTIME INCOMING MESSAGE { id: 100000060, result: { id: '866fc21eea3da1c0' } }
---

--- 2024-09-22T04:25:38.808Z debug
[InspectorProxyWorker] SEND TO RUNTIME {"method":"Runtime.getIsolateId","id":100000061}
---

--- 2024-09-22T04:25:38.809Z debug
[InspectorProxyWorker] RUNTIME INCOMING MESSAGE { id: 100000061, result: { id: '866fc21eea3da1c0' } }
---

--- 2024-09-22T04:25:48.808Z debug
[InspectorProxyWorker] SEND TO RUNTIME {"method":"Runtime.getIsolateId","id":100000062}
---

--- 2024-09-22T04:25:48.809Z debug
[InspectorProxyWorker] RUNTIME INCOMING MESSAGE { id: 100000062, result: { id: '866fc21eea3da1c0' } }
---

--- 2024-09-22T04:25:58.808Z debug
[InspectorProxyWorker] SEND TO RUNTIME {"method":"Runtime.getIsolateId","id":100000063}
---

--- 2024-09-22T04:25:58.808Z debug
[InspectorProxyWorker] RUNTIME INCOMING MESSAGE { id: 100000063, result: { id: '866fc21eea3da1c0' } }
---

--- 2024-09-22T04:26:08.808Z debug
[InspectorProxyWorker] SEND TO RUNTIME {"method":"Runtime.getIsolateId","id":100000064}
---

--- 2024-09-22T04:26:08.809Z debug
[InspectorProxyWorker] RUNTIME INCOMING MESSAGE { id: 100000064, result: { id: '866fc21eea3da1c0' } }
---

--- 2024-09-22T04:26:18.809Z debug
[InspectorProxyWorker] SEND TO RUNTIME {"method":"Runtime.getIsolateId","id":100000065}
---

--- 2024-09-22T04:26:18.810Z debug
[InspectorProxyWorker] RUNTIME INCOMING MESSAGE { id: 100000065, result: { id: '866fc21eea3da1c0' } }
---

--- 2024-09-22T04:26:28.803Z debug
[InspectorProxyWorker] SEND TO RUNTIME {"method":"Runtime.getIsolateId","id":100000066}
---

--- 2024-09-22T04:26:28.804Z debug
[InspectorProxyWorker] RUNTIME INCOMING MESSAGE { id: 100000066, result: { id: '866fc21eea3da1c0' } }
---

--- 2024-09-22T04:26:38.806Z debug
[InspectorProxyWorker] SEND TO RUNTIME {"method":"Runtime.getIsolateId","id":100000067}
---

--- 2024-09-22T04:26:38.807Z debug
[InspectorProxyWorker] RUNTIME INCOMING MESSAGE { id: 100000067, result: { id: '866fc21eea3da1c0' } }
---

--- 2024-09-22T04:26:48.810Z debug
[InspectorProxyWorker] SEND TO RUNTIME {"method":"Runtime.getIsolateId","id":100000068}
---

--- 2024-09-22T04:26:48.811Z debug
[InspectorProxyWorker] RUNTIME INCOMING MESSAGE { id: 100000068, result: { id: '866fc21eea3da1c0' } }
---

--- 2024-09-22T04:26:58.808Z debug
[InspectorProxyWorker] SEND TO RUNTIME {"method":"Runtime.getIsolateId","id":100000069}
---

--- 2024-09-22T04:26:58.809Z debug
[InspectorProxyWorker] RUNTIME INCOMING MESSAGE { id: 100000069, result: { id: '866fc21eea3da1c0' } }
---

--- 2024-09-22T04:27:08.804Z debug
[InspectorProxyWorker] SEND TO RUNTIME {"method":"Runtime.getIsolateId","id":100000070}
---

--- 2024-09-22T04:27:08.805Z debug
[InspectorProxyWorker] RUNTIME INCOMING MESSAGE { id: 100000070, result: { id: '866fc21eea3da1c0' } }
---

--- 2024-09-22T04:27:18.808Z debug
[InspectorProxyWorker] SEND TO RUNTIME {"method":"Runtime.getIsolateId","id":100000071}
---

--- 2024-09-22T04:27:18.809Z debug
[InspectorProxyWorker] RUNTIME INCOMING MESSAGE { id: 100000071, result: { id: '866fc21eea3da1c0' } }
---

--- 2024-09-22T04:27:28.808Z debug
[InspectorProxyWorker] SEND TO RUNTIME {"method":"Runtime.getIsolateId","id":100000072}
---

--- 2024-09-22T04:27:28.809Z debug
[InspectorProxyWorker] RUNTIME INCOMING MESSAGE { id: 100000072, result: { id: '866fc21eea3da1c0' } }
---

--- 2024-09-22T04:27:38.803Z debug
[InspectorProxyWorker] SEND TO RUNTIME {"method":"Runtime.getIsolateId","id":100000073}
---

--- 2024-09-22T04:27:38.804Z debug
[InspectorProxyWorker] RUNTIME INCOMING MESSAGE { id: 100000073, result: { id: '866fc21eea3da1c0' } }
---

--- 2024-09-22T04:27:48.808Z debug
[InspectorProxyWorker] SEND TO RUNTIME {"method":"Runtime.getIsolateId","id":100000074}
---

--- 2024-09-22T04:27:48.809Z debug
[InspectorProxyWorker] RUNTIME INCOMING MESSAGE { id: 100000074, result: { id: '866fc21eea3da1c0' } }
---

--- 2024-09-22T04:27:58.809Z debug
[InspectorProxyWorker] SEND TO RUNTIME {"method":"Runtime.getIsolateId","id":100000075}
---

--- 2024-09-22T04:27:58.809Z debug
[InspectorProxyWorker] RUNTIME INCOMING MESSAGE { id: 100000075, result: { id: '866fc21eea3da1c0' } }
---

--- 2024-09-22T04:28:08.808Z debug
[InspectorProxyWorker] SEND TO RUNTIME {"method":"Runtime.getIsolateId","id":100000076}
---

--- 2024-09-22T04:28:08.809Z debug
[InspectorProxyWorker] RUNTIME INCOMING MESSAGE { id: 100000076, result: { id: '866fc21eea3da1c0' } }
---

--- 2024-09-22T04:28:18.808Z debug
[InspectorProxyWorker] SEND TO RUNTIME {"method":"Runtime.getIsolateId","id":100000077}
---

--- 2024-09-22T04:28:18.809Z debug
[InspectorProxyWorker] RUNTIME INCOMING MESSAGE { id: 100000077, result: { id: '866fc21eea3da1c0' } }
---

--- 2024-09-22T04:28:28.809Z debug
[InspectorProxyWorker] SEND TO RUNTIME {"method":"Runtime.getIsolateId","id":100000078}
---

--- 2024-09-22T04:28:28.810Z debug
[InspectorProxyWorker] RUNTIME INCOMING MESSAGE { id: 100000078, result: { id: '866fc21eea3da1c0' } }
---

--- 2024-09-22T04:28:38.809Z debug
[InspectorProxyWorker] SEND TO RUNTIME {"method":"Runtime.getIsolateId","id":100000079}
---

--- 2024-09-22T04:28:38.810Z debug
[InspectorProxyWorker] RUNTIME INCOMING MESSAGE { id: 100000079, result: { id: '866fc21eea3da1c0' } }
---

--- 2024-09-22T04:28:48.803Z debug
[InspectorProxyWorker] SEND TO RUNTIME {"method":"Runtime.getIsolateId","id":100000080}
---

--- 2024-09-22T04:28:48.804Z debug
[InspectorProxyWorker] RUNTIME INCOMING MESSAGE { id: 100000080, result: { id: '866fc21eea3da1c0' } }
---

--- 2024-09-22T04:28:58.808Z debug
[InspectorProxyWorker] SEND TO RUNTIME {"method":"Runtime.getIsolateId","id":100000081}
---

--- 2024-09-22T04:28:58.810Z debug
[InspectorProxyWorker] RUNTIME INCOMING MESSAGE { id: 100000081, result: { id: '866fc21eea3da1c0' } }
---

--- 2024-09-22T04:29:08.808Z debug
[InspectorProxyWorker] SEND TO RUNTIME {"method":"Runtime.getIsolateId","id":100000082}
---

--- 2024-09-22T04:29:08.809Z debug
[InspectorProxyWorker] RUNTIME INCOMING MESSAGE { id: 100000082, result: { id: '866fc21eea3da1c0' } }
---

--- 2024-09-22T04:29:18.808Z debug
[InspectorProxyWorker] SEND TO RUNTIME {"method":"Runtime.getIsolateId","id":100000083}
---

--- 2024-09-22T04:29:18.811Z debug
[InspectorProxyWorker] RUNTIME INCOMING MESSAGE { id: 100000083, result: { id: '866fc21eea3da1c0' } }
---

--- 2024-09-22T04:29:28.808Z debug
[InspectorProxyWorker] SEND TO RUNTIME {"method":"Runtime.getIsolateId","id":100000084}
---

--- 2024-09-22T04:29:28.809Z debug
[InspectorProxyWorker] RUNTIME INCOMING MESSAGE { id: 100000084, result: { id: '866fc21eea3da1c0' } }
---

--- 2024-09-22T04:29:38.808Z debug
[InspectorProxyWorker] SEND TO RUNTIME {"method":"Runtime.getIsolateId","id":100000085}
---

--- 2024-09-22T04:29:38.809Z debug
[InspectorProxyWorker] RUNTIME INCOMING MESSAGE { id: 100000085, result: { id: '866fc21eea3da1c0' } }
---

--- 2024-09-22T04:29:48.803Z debug
[InspectorProxyWorker] SEND TO RUNTIME {"method":"Runtime.getIsolateId","id":100000086}
---

--- 2024-09-22T04:29:48.804Z debug
[InspectorProxyWorker] RUNTIME INCOMING MESSAGE { id: 100000086, result: { id: '866fc21eea3da1c0' } }
---

--- 2024-09-22T04:29:58.804Z debug
[InspectorProxyWorker] SEND TO RUNTIME {"method":"Runtime.getIsolateId","id":100000087}
---

--- 2024-09-22T04:29:58.804Z debug
[InspectorProxyWorker] RUNTIME INCOMING MESSAGE { id: 100000087, result: { id: '866fc21eea3da1c0' } }
---

--- 2024-09-22T04:30:08.809Z debug
[InspectorProxyWorker] SEND TO RUNTIME {"method":"Runtime.getIsolateId","id":100000088}
---

--- 2024-09-22T04:30:08.810Z debug
[InspectorProxyWorker] RUNTIME INCOMING MESSAGE { id: 100000088, result: { id: '866fc21eea3da1c0' } }
---

--- 2024-09-22T04:30:18.808Z debug
[InspectorProxyWorker] SEND TO RUNTIME {"method":"Runtime.getIsolateId","id":100000089}
---

--- 2024-09-22T04:30:18.809Z debug
[InspectorProxyWorker] RUNTIME INCOMING MESSAGE { id: 100000089, result: { id: '866fc21eea3da1c0' } }
---

--- 2024-09-22T04:30:28.808Z debug
[InspectorProxyWorker] SEND TO RUNTIME {"method":"Runtime.getIsolateId","id":100000090}
---

--- 2024-09-22T04:30:28.809Z debug
[InspectorProxyWorker] RUNTIME INCOMING MESSAGE { id: 100000090, result: { id: '866fc21eea3da1c0' } }
---

--- 2024-09-22T04:30:38.808Z debug
[InspectorProxyWorker] SEND TO RUNTIME {"method":"Runtime.getIsolateId","id":100000091}
---

--- 2024-09-22T04:30:38.809Z debug
[InspectorProxyWorker] RUNTIME INCOMING MESSAGE { id: 100000091, result: { id: '866fc21eea3da1c0' } }
---

--- 2024-09-22T04:30:48.808Z debug
[InspectorProxyWorker] SEND TO RUNTIME {"method":"Runtime.getIsolateId","id":100000092}
---

--- 2024-09-22T04:30:48.809Z debug
[InspectorProxyWorker] RUNTIME INCOMING MESSAGE { id: 100000092, result: { id: '866fc21eea3da1c0' } }
---

--- 2024-09-22T04:30:58.809Z debug
[InspectorProxyWorker] SEND TO RUNTIME {"method":"Runtime.getIsolateId","id":100000093}
---

--- 2024-09-22T04:30:58.809Z debug
[InspectorProxyWorker] RUNTIME INCOMING MESSAGE { id: 100000093, result: { id: '866fc21eea3da1c0' } }
---

--- 2024-09-22T04:31:08.807Z debug
[InspectorProxyWorker] SEND TO RUNTIME {"method":"Runtime.getIsolateId","id":100000094}
---

--- 2024-09-22T04:31:08.807Z debug
[InspectorProxyWorker] RUNTIME INCOMING MESSAGE { id: 100000094, result: { id: '866fc21eea3da1c0' } }
---

--- 2024-09-22T04:31:18.811Z debug
[InspectorProxyWorker] SEND TO RUNTIME {"method":"Runtime.getIsolateId","id":100000095}
---

--- 2024-09-22T04:31:18.812Z debug
[InspectorProxyWorker] RUNTIME INCOMING MESSAGE { id: 100000095, result: { id: '866fc21eea3da1c0' } }
---

--- 2024-09-22T04:31:28.808Z debug
[InspectorProxyWorker] SEND TO RUNTIME {"method":"Runtime.getIsolateId","id":100000096}
---

--- 2024-09-22T04:31:28.809Z debug
[InspectorProxyWorker] RUNTIME INCOMING MESSAGE { id: 100000096, result: { id: '866fc21eea3da1c0' } }
---

--- 2024-09-22T04:31:38.810Z debug
[InspectorProxyWorker] SEND TO RUNTIME {"method":"Runtime.getIsolateId","id":100000097}
---

--- 2024-09-22T04:31:38.811Z debug
[InspectorProxyWorker] RUNTIME INCOMING MESSAGE { id: 100000097, result: { id: '866fc21eea3da1c0' } }
---

--- 2024-09-22T04:31:48.808Z debug
[InspectorProxyWorker] SEND TO RUNTIME {"method":"Runtime.getIsolateId","id":100000098}
---

--- 2024-09-22T04:31:48.809Z debug
[InspectorProxyWorker] RUNTIME INCOMING MESSAGE { id: 100000098, result: { id: '866fc21eea3da1c0' } }
---

--- 2024-09-22T04:31:58.808Z debug
[InspectorProxyWorker] SEND TO RUNTIME {"method":"Runtime.getIsolateId","id":100000099}
---

--- 2024-09-22T04:31:58.809Z debug
[InspectorProxyWorker] RUNTIME INCOMING MESSAGE { id: 100000099, result: { id: '866fc21eea3da1c0' } }
---

--- 2024-09-22T04:32:08.809Z debug
[InspectorProxyWorker] SEND TO RUNTIME {"method":"Runtime.getIsolateId","id":100000100}
---

--- 2024-09-22T04:32:08.809Z debug
[InspectorProxyWorker] RUNTIME INCOMING MESSAGE { id: 100000100, result: { id: '866fc21eea3da1c0' } }
---

--- 2024-09-22T04:32:18.809Z debug
[InspectorProxyWorker] SEND TO RUNTIME {"method":"Runtime.getIsolateId","id":100000101}
---

--- 2024-09-22T04:32:18.810Z debug
[InspectorProxyWorker] RUNTIME INCOMING MESSAGE { id: 100000101, result: { id: '866fc21eea3da1c0' } }
---

--- 2024-09-22T04:32:28.807Z debug
[InspectorProxyWorker] SEND TO RUNTIME {"method":"Runtime.getIsolateId","id":100000102}
---

--- 2024-09-22T04:32:28.808Z debug
[InspectorProxyWorker] RUNTIME INCOMING MESSAGE { id: 100000102, result: { id: '866fc21eea3da1c0' } }
---

--- 2024-09-22T04:32:38.808Z debug
[InspectorProxyWorker] SEND TO RUNTIME {"method":"Runtime.getIsolateId","id":100000103}
---

--- 2024-09-22T04:32:38.809Z debug
[InspectorProxyWorker] RUNTIME INCOMING MESSAGE { id: 100000103, result: { id: '866fc21eea3da1c0' } }
---

--- 2024-09-22T04:32:48.808Z debug
[InspectorProxyWorker] SEND TO RUNTIME {"method":"Runtime.getIsolateId","id":100000104}
---

--- 2024-09-22T04:32:48.809Z debug
[InspectorProxyWorker] RUNTIME INCOMING MESSAGE { id: 100000104, result: { id: '866fc21eea3da1c0' } }
---

--- 2024-09-22T04:32:58.808Z debug
[InspectorProxyWorker] SEND TO RUNTIME {"method":"Runtime.getIsolateId","id":100000105}
---

--- 2024-09-22T04:32:58.809Z debug
[InspectorProxyWorker] RUNTIME INCOMING MESSAGE { id: 100000105, result: { id: '866fc21eea3da1c0' } }
---

--- 2024-09-22T04:33:08.808Z debug
[InspectorProxyWorker] SEND TO RUNTIME {"method":"Runtime.getIsolateId","id":100000106}
---

--- 2024-09-22T04:33:08.810Z debug
[InspectorProxyWorker] RUNTIME INCOMING MESSAGE { id: 100000106, result: { id: '866fc21eea3da1c0' } }
---

--- 2024-09-22T04:33:18.808Z debug
[InspectorProxyWorker] SEND TO RUNTIME {"method":"Runtime.getIsolateId","id":100000107}
---

--- 2024-09-22T04:33:18.808Z debug
[InspectorProxyWorker] RUNTIME INCOMING MESSAGE { id: 100000107, result: { id: '866fc21eea3da1c0' } }
---

--- 2024-09-22T04:33:28.809Z debug
[InspectorProxyWorker] SEND TO RUNTIME {"method":"Runtime.getIsolateId","id":100000108}
---

--- 2024-09-22T04:33:28.810Z debug
[InspectorProxyWorker] RUNTIME INCOMING MESSAGE { id: 100000108, result: { id: '866fc21eea3da1c0' } }
---

--- 2024-09-22T04:33:38.804Z debug
[InspectorProxyWorker] SEND TO RUNTIME {"method":"Runtime.getIsolateId","id":100000109}
---

--- 2024-09-22T04:33:38.804Z debug
[InspectorProxyWorker] RUNTIME INCOMING MESSAGE { id: 100000109, result: { id: '866fc21eea3da1c0' } }
---

--- 2024-09-22T04:33:48.808Z debug
[InspectorProxyWorker] SEND TO RUNTIME {"method":"Runtime.getIsolateId","id":100000110}
---

--- 2024-09-22T04:33:48.809Z debug
[InspectorProxyWorker] RUNTIME INCOMING MESSAGE { id: 100000110, result: { id: '866fc21eea3da1c0' } }
---

--- 2024-09-22T04:33:58.808Z debug
[InspectorProxyWorker] SEND TO RUNTIME {"method":"Runtime.getIsolateId","id":100000111}
---

--- 2024-09-22T04:33:58.809Z debug
[InspectorProxyWorker] RUNTIME INCOMING MESSAGE { id: 100000111, result: { id: '866fc21eea3da1c0' } }
---

--- 2024-09-22T04:34:08.808Z debug
[InspectorProxyWorker] SEND TO RUNTIME {"method":"Runtime.getIsolateId","id":100000112}
---

--- 2024-09-22T04:34:08.809Z debug
[InspectorProxyWorker] RUNTIME INCOMING MESSAGE { id: 100000112, result: { id: '866fc21eea3da1c0' } }
---

--- 2024-09-22T04:34:18.808Z debug
[InspectorProxyWorker] SEND TO RUNTIME {"method":"Runtime.getIsolateId","id":100000113}
---

--- 2024-09-22T04:34:18.808Z debug
[InspectorProxyWorker] RUNTIME INCOMING MESSAGE { id: 100000113, result: { id: '866fc21eea3da1c0' } }
---

--- 2024-09-22T04:34:28.808Z debug
[InspectorProxyWorker] SEND TO RUNTIME {"method":"Runtime.getIsolateId","id":100000114}
---

--- 2024-09-22T04:34:28.810Z debug
[InspectorProxyWorker] RUNTIME INCOMING MESSAGE { id: 100000114, result: { id: '866fc21eea3da1c0' } }
---

--- 2024-09-22T04:34:38.809Z debug
[InspectorProxyWorker] SEND TO RUNTIME {"method":"Runtime.getIsolateId","id":100000115}
---

--- 2024-09-22T04:34:38.809Z debug
[InspectorProxyWorker] RUNTIME INCOMING MESSAGE { id: 100000115, result: { id: '866fc21eea3da1c0' } }
---

--- 2024-09-22T04:34:48.804Z debug
[InspectorProxyWorker] SEND TO RUNTIME {"method":"Runtime.getIsolateId","id":100000116}
---

--- 2024-09-22T04:34:48.804Z debug
[InspectorProxyWorker] RUNTIME INCOMING MESSAGE { id: 100000116, result: { id: '866fc21eea3da1c0' } }
---

--- 2024-09-22T04:34:58.803Z debug
[InspectorProxyWorker] SEND TO RUNTIME {"method":"Runtime.getIsolateId","id":100000117}
---

--- 2024-09-22T04:34:58.804Z debug
[InspectorProxyWorker] RUNTIME INCOMING MESSAGE { id: 100000117, result: { id: '866fc21eea3da1c0' } }
---

--- 2024-09-22T04:35:08.808Z debug
[InspectorProxyWorker] SEND TO RUNTIME {"method":"Runtime.getIsolateId","id":100000118}
---

--- 2024-09-22T04:35:08.809Z debug
[InspectorProxyWorker] RUNTIME INCOMING MESSAGE { id: 100000118, result: { id: '866fc21eea3da1c0' } }
---

--- 2024-09-22T04:35:18.809Z debug
[InspectorProxyWorker] SEND TO RUNTIME {"method":"Runtime.getIsolateId","id":100000119}
---

--- 2024-09-22T04:35:18.810Z debug
[InspectorProxyWorker] RUNTIME INCOMING MESSAGE { id: 100000119, result: { id: '866fc21eea3da1c0' } }
---

--- 2024-09-22T04:35:28.808Z debug
[InspectorProxyWorker] SEND TO RUNTIME {"method":"Runtime.getIsolateId","id":100000120}
---

--- 2024-09-22T04:35:28.809Z debug
[InspectorProxyWorker] RUNTIME INCOMING MESSAGE { id: 100000120, result: { id: '866fc21eea3da1c0' } }
---

--- 2024-09-22T04:35:38.808Z debug
[InspectorProxyWorker] SEND TO RUNTIME {"method":"Runtime.getIsolateId","id":100000121}
---

--- 2024-09-22T04:35:38.809Z debug
[InspectorProxyWorker] RUNTIME INCOMING MESSAGE { id: 100000121, result: { id: '866fc21eea3da1c0' } }
---

--- 2024-09-22T04:35:48.806Z debug
[InspectorProxyWorker] SEND TO RUNTIME {"method":"Runtime.getIsolateId","id":100000122}
---

--- 2024-09-22T04:35:48.807Z debug
[InspectorProxyWorker] RUNTIME INCOMING MESSAGE { id: 100000122, result: { id: '866fc21eea3da1c0' } }
---

--- 2024-09-22T04:35:58.810Z debug
[InspectorProxyWorker] SEND TO RUNTIME {"method":"Runtime.getIsolateId","id":100000123}
---

--- 2024-09-22T04:35:58.811Z debug
[InspectorProxyWorker] RUNTIME INCOMING MESSAGE { id: 100000123, result: { id: '866fc21eea3da1c0' } }
---

--- 2024-09-22T04:36:08.809Z debug
[InspectorProxyWorker] SEND TO RUNTIME {"method":"Runtime.getIsolateId","id":100000124}
---

--- 2024-09-22T04:36:08.810Z debug
[InspectorProxyWorker] RUNTIME INCOMING MESSAGE { id: 100000124, result: { id: '866fc21eea3da1c0' } }
---

--- 2024-09-22T04:36:18.808Z debug
[InspectorProxyWorker] SEND TO RUNTIME {"method":"Runtime.getIsolateId","id":100000125}
---

--- 2024-09-22T04:36:18.808Z debug
[InspectorProxyWorker] RUNTIME INCOMING MESSAGE { id: 100000125, result: { id: '866fc21eea3da1c0' } }
---

--- 2024-09-22T04:36:28.808Z debug
[InspectorProxyWorker] SEND TO RUNTIME {"method":"Runtime.getIsolateId","id":100000126}
---

--- 2024-09-22T04:36:28.809Z debug
[InspectorProxyWorker] RUNTIME INCOMING MESSAGE { id: 100000126, result: { id: '866fc21eea3da1c0' } }
---

--- 2024-09-22T04:36:38.808Z debug
[InspectorProxyWorker] SEND TO RUNTIME {"method":"Runtime.getIsolateId","id":100000127}
---

--- 2024-09-22T04:36:38.810Z debug
[InspectorProxyWorker] RUNTIME INCOMING MESSAGE { id: 100000127, result: { id: '866fc21eea3da1c0' } }
---

--- 2024-09-22T04:36:48.804Z debug
[InspectorProxyWorker] SEND TO RUNTIME {"method":"Runtime.getIsolateId","id":100000128}
---

--- 2024-09-22T04:36:48.804Z debug
[InspectorProxyWorker] RUNTIME INCOMING MESSAGE { id: 100000128, result: { id: '866fc21eea3da1c0' } }
---

--- 2024-09-22T04:36:58.804Z debug
[InspectorProxyWorker] SEND TO RUNTIME {"method":"Runtime.getIsolateId","id":100000129}
---

--- 2024-09-22T04:36:58.805Z debug
[InspectorProxyWorker] RUNTIME INCOMING MESSAGE { id: 100000129, result: { id: '866fc21eea3da1c0' } }
---

--- 2024-09-22T04:37:08.809Z debug
[InspectorProxyWorker] SEND TO RUNTIME {"method":"Runtime.getIsolateId","id":100000130}
---

--- 2024-09-22T04:37:08.810Z debug
[InspectorProxyWorker] RUNTIME INCOMING MESSAGE { id: 100000130, result: { id: '866fc21eea3da1c0' } }
---

--- 2024-09-22T04:37:18.808Z debug
[InspectorProxyWorker] SEND TO RUNTIME {"method":"Runtime.getIsolateId","id":100000131}
---

--- 2024-09-22T04:37:18.809Z debug
[InspectorProxyWorker] RUNTIME INCOMING MESSAGE { id: 100000131, result: { id: '866fc21eea3da1c0' } }
---

--- 2024-09-22T04:37:28.808Z debug
[InspectorProxyWorker] SEND TO RUNTIME {"method":"Runtime.getIsolateId","id":100000132}
---

--- 2024-09-22T04:37:28.809Z debug
[InspectorProxyWorker] RUNTIME INCOMING MESSAGE { id: 100000132, result: { id: '866fc21eea3da1c0' } }
---

--- 2024-09-22T04:37:38.808Z debug
[InspectorProxyWorker] SEND TO RUNTIME {"method":"Runtime.getIsolateId","id":100000133}
---

--- 2024-09-22T04:37:38.809Z debug
[InspectorProxyWorker] RUNTIME INCOMING MESSAGE { id: 100000133, result: { id: '866fc21eea3da1c0' } }
---

--- 2024-09-22T04:37:48.808Z debug
[InspectorProxyWorker] SEND TO RUNTIME {"method":"Runtime.getIsolateId","id":100000134}
---

--- 2024-09-22T04:37:48.809Z debug
[InspectorProxyWorker] RUNTIME INCOMING MESSAGE { id: 100000134, result: { id: '866fc21eea3da1c0' } }
---

--- 2024-09-22T04:37:58.803Z debug
[InspectorProxyWorker] SEND TO RUNTIME {"method":"Runtime.getIsolateId","id":100000135}
---

--- 2024-09-22T04:37:58.804Z debug
[InspectorProxyWorker] RUNTIME INCOMING MESSAGE { id: 100000135, result: { id: '866fc21eea3da1c0' } }
---

--- 2024-09-22T04:38:08.804Z debug
[InspectorProxyWorker] SEND TO RUNTIME {"method":"Runtime.getIsolateId","id":100000136}
---

--- 2024-09-22T04:38:08.805Z debug
[InspectorProxyWorker] RUNTIME INCOMING MESSAGE { id: 100000136, result: { id: '866fc21eea3da1c0' } }
---

--- 2024-09-22T04:38:18.804Z debug
[InspectorProxyWorker] SEND TO RUNTIME {"method":"Runtime.getIsolateId","id":100000137}
---

--- 2024-09-22T04:38:18.805Z debug
[InspectorProxyWorker] RUNTIME INCOMING MESSAGE { id: 100000137, result: { id: '866fc21eea3da1c0' } }
---

--- 2024-09-22T04:38:28.808Z debug
[InspectorProxyWorker] SEND TO RUNTIME {"method":"Runtime.getIsolateId","id":100000138}
---

--- 2024-09-22T04:38:28.808Z debug
[InspectorProxyWorker] RUNTIME INCOMING MESSAGE { id: 100000138, result: { id: '866fc21eea3da1c0' } }
---

--- 2024-09-22T04:38:38.808Z debug
[InspectorProxyWorker] SEND TO RUNTIME {"method":"Runtime.getIsolateId","id":100000139}
---

--- 2024-09-22T04:38:38.809Z debug
[InspectorProxyWorker] RUNTIME INCOMING MESSAGE { id: 100000139, result: { id: '866fc21eea3da1c0' } }
---

--- 2024-09-22T04:38:48.808Z debug
[InspectorProxyWorker] SEND TO RUNTIME {"method":"Runtime.getIsolateId","id":100000140}
---

--- 2024-09-22T04:38:48.809Z debug
[InspectorProxyWorker] RUNTIME INCOMING MESSAGE { id: 100000140, result: { id: '866fc21eea3da1c0' } }
---

--- 2024-09-22T04:38:58.808Z debug
[InspectorProxyWorker] SEND TO RUNTIME {"method":"Runtime.getIsolateId","id":100000141}
---

--- 2024-09-22T04:38:58.809Z debug
[InspectorProxyWorker] RUNTIME INCOMING MESSAGE { id: 100000141, result: { id: '866fc21eea3da1c0' } }
---

--- 2024-09-22T04:39:08.808Z debug
[InspectorProxyWorker] SEND TO RUNTIME {"method":"Runtime.getIsolateId","id":100000142}
---

--- 2024-09-22T04:39:08.809Z debug
[InspectorProxyWorker] RUNTIME INCOMING MESSAGE { id: 100000142, result: { id: '866fc21eea3da1c0' } }
---

--- 2024-09-22T04:39:18.808Z debug
[InspectorProxyWorker] SEND TO RUNTIME {"method":"Runtime.getIsolateId","id":100000143}
---

--- 2024-09-22T04:39:18.809Z debug
[InspectorProxyWorker] RUNTIME INCOMING MESSAGE { id: 100000143, result: { id: '866fc21eea3da1c0' } }
---

--- 2024-09-22T04:39:28.810Z debug
[InspectorProxyWorker] SEND TO RUNTIME {"method":"Runtime.getIsolateId","id":100000144}
---

--- 2024-09-22T04:39:28.810Z debug
[InspectorProxyWorker] RUNTIME INCOMING MESSAGE { id: 100000144, result: { id: '866fc21eea3da1c0' } }
---

--- 2024-09-22T04:39:38.808Z debug
[InspectorProxyWorker] SEND TO RUNTIME {"method":"Runtime.getIsolateId","id":100000145}
---

--- 2024-09-22T04:39:38.809Z debug
[InspectorProxyWorker] RUNTIME INCOMING MESSAGE { id: 100000145, result: { id: '866fc21eea3da1c0' } }
---

--- 2024-09-22T04:39:48.807Z debug
[InspectorProxyWorker] SEND TO RUNTIME {"method":"Runtime.getIsolateId","id":100000146}
---

--- 2024-09-22T04:39:48.808Z debug
[InspectorProxyWorker] RUNTIME INCOMING MESSAGE { id: 100000146, result: { id: '866fc21eea3da1c0' } }
---

--- 2024-09-22T04:39:58.804Z debug
[InspectorProxyWorker] SEND TO RUNTIME {"method":"Runtime.getIsolateId","id":100000147}
---

--- 2024-09-22T04:39:58.805Z debug
[InspectorProxyWorker] RUNTIME INCOMING MESSAGE { id: 100000147, result: { id: '866fc21eea3da1c0' } }
---

--- 2024-09-22T04:40:08.808Z debug
[InspectorProxyWorker] SEND TO RUNTIME {"method":"Runtime.getIsolateId","id":100000148}
---

--- 2024-09-22T04:40:08.809Z debug
[InspectorProxyWorker] RUNTIME INCOMING MESSAGE { id: 100000148, result: { id: '866fc21eea3da1c0' } }
---

--- 2024-09-22T04:40:18.808Z debug
[InspectorProxyWorker] SEND TO RUNTIME {"method":"Runtime.getIsolateId","id":100000149}
---

--- 2024-09-22T04:40:18.809Z debug
[InspectorProxyWorker] RUNTIME INCOMING MESSAGE { id: 100000149, result: { id: '866fc21eea3da1c0' } }
---

--- 2024-09-22T04:40:28.809Z debug
[InspectorProxyWorker] SEND TO RUNTIME {"method":"Runtime.getIsolateId","id":100000150}
---

--- 2024-09-22T04:40:28.810Z debug
[InspectorProxyWorker] RUNTIME INCOMING MESSAGE { id: 100000150, result: { id: '866fc21eea3da1c0' } }
---

--- 2024-09-22T04:40:38.808Z debug
[InspectorProxyWorker] SEND TO RUNTIME {"method":"Runtime.getIsolateId","id":100000151}
---

--- 2024-09-22T04:40:38.809Z debug
[InspectorProxyWorker] RUNTIME INCOMING MESSAGE { id: 100000151, result: { id: '866fc21eea3da1c0' } }
---

--- 2024-09-22T04:40:48.809Z debug
[InspectorProxyWorker] SEND TO RUNTIME {"method":"Runtime.getIsolateId","id":100000152}
---

--- 2024-09-22T04:40:48.810Z debug
[InspectorProxyWorker] RUNTIME INCOMING MESSAGE { id: 100000152, result: { id: '866fc21eea3da1c0' } }
---

--- 2024-09-22T04:40:58.804Z debug
[InspectorProxyWorker] SEND TO RUNTIME {"method":"Runtime.getIsolateId","id":100000153}
---

--- 2024-09-22T04:40:58.805Z debug
[InspectorProxyWorker] RUNTIME INCOMING MESSAGE { id: 100000153, result: { id: '866fc21eea3da1c0' } }
---

--- 2024-09-22T04:41:08.804Z debug
[InspectorProxyWorker] SEND TO RUNTIME {"method":"Runtime.getIsolateId","id":100000154}
---

--- 2024-09-22T04:41:08.805Z debug
[InspectorProxyWorker] RUNTIME INCOMING MESSAGE { id: 100000154, result: { id: '866fc21eea3da1c0' } }
---

--- 2024-09-22T04:41:18.808Z debug
[InspectorProxyWorker] SEND TO RUNTIME {"method":"Runtime.getIsolateId","id":100000155}
---

--- 2024-09-22T04:41:18.809Z debug
[InspectorProxyWorker] RUNTIME INCOMING MESSAGE { id: 100000155, result: { id: '866fc21eea3da1c0' } }
---

--- 2024-09-22T04:41:28.808Z debug
[InspectorProxyWorker] SEND TO RUNTIME {"method":"Runtime.getIsolateId","id":100000156}
---

--- 2024-09-22T04:41:28.809Z debug
[InspectorProxyWorker] RUNTIME INCOMING MESSAGE { id: 100000156, result: { id: '866fc21eea3da1c0' } }
---

--- 2024-09-22T04:41:38.809Z debug
[InspectorProxyWorker] SEND TO RUNTIME {"method":"Runtime.getIsolateId","id":100000157}
---

--- 2024-09-22T04:41:38.810Z debug
[InspectorProxyWorker] RUNTIME INCOMING MESSAGE { id: 100000157, result: { id: '866fc21eea3da1c0' } }
---

--- 2024-09-22T04:41:48.808Z debug
[InspectorProxyWorker] SEND TO RUNTIME {"method":"Runtime.getIsolateId","id":100000158}
---

--- 2024-09-22T04:41:48.809Z debug
[InspectorProxyWorker] RUNTIME INCOMING MESSAGE { id: 100000158, result: { id: '866fc21eea3da1c0' } }
---

--- 2024-09-22T04:41:58.810Z debug
[InspectorProxyWorker] SEND TO RUNTIME {"method":"Runtime.getIsolateId","id":100000159}
---

--- 2024-09-22T04:41:58.811Z debug
[InspectorProxyWorker] RUNTIME INCOMING MESSAGE { id: 100000159, result: { id: '866fc21eea3da1c0' } }
---

--- 2024-09-22T04:42:08.808Z debug
[InspectorProxyWorker] SEND TO RUNTIME {"method":"Runtime.getIsolateId","id":100000160}
---

--- 2024-09-22T04:42:08.809Z debug
[InspectorProxyWorker] RUNTIME INCOMING MESSAGE { id: 100000160, result: { id: '866fc21eea3da1c0' } }
---

--- 2024-09-22T04:42:18.808Z debug
[InspectorProxyWorker] SEND TO RUNTIME {"method":"Runtime.getIsolateId","id":100000161}
---

--- 2024-09-22T04:42:18.808Z debug
[InspectorProxyWorker] RUNTIME INCOMING MESSAGE { id: 100000161, result: { id: '866fc21eea3da1c0' } }
---

--- 2024-09-22T04:42:28.808Z debug
[InspectorProxyWorker] SEND TO RUNTIME {"method":"Runtime.getIsolateId","id":100000162}
---

--- 2024-09-22T04:42:28.809Z debug
[InspectorProxyWorker] RUNTIME INCOMING MESSAGE { id: 100000162, result: { id: '866fc21eea3da1c0' } }
---

--- 2024-09-22T04:42:38.808Z debug
[InspectorProxyWorker] SEND TO RUNTIME {"method":"Runtime.getIsolateId","id":100000163}
---

--- 2024-09-22T04:42:38.809Z debug
[InspectorProxyWorker] RUNTIME INCOMING MESSAGE { id: 100000163, result: { id: '866fc21eea3da1c0' } }
---

--- 2024-09-22T04:42:48.808Z debug
[InspectorProxyWorker] SEND TO RUNTIME {"method":"Runtime.getIsolateId","id":100000164}
---

--- 2024-09-22T04:42:48.808Z debug
[InspectorProxyWorker] RUNTIME INCOMING MESSAGE { id: 100000164, result: { id: '866fc21eea3da1c0' } }
---

--- 2024-09-22T04:42:58.808Z debug
[InspectorProxyWorker] SEND TO RUNTIME {"method":"Runtime.getIsolateId","id":100000165}
---

--- 2024-09-22T04:42:58.809Z debug
[InspectorProxyWorker] RUNTIME INCOMING MESSAGE { id: 100000165, result: { id: '866fc21eea3da1c0' } }
---

--- 2024-09-22T04:43:08.808Z debug
[InspectorProxyWorker] SEND TO RUNTIME {"method":"Runtime.getIsolateId","id":100000166}
---

--- 2024-09-22T04:43:08.809Z debug
[InspectorProxyWorker] RUNTIME INCOMING MESSAGE { id: 100000166, result: { id: '866fc21eea3da1c0' } }
---

--- 2024-09-22T04:43:18.808Z debug
[InspectorProxyWorker] SEND TO RUNTIME {"method":"Runtime.getIsolateId","id":100000167}
---

--- 2024-09-22T04:43:18.809Z debug
[InspectorProxyWorker] RUNTIME INCOMING MESSAGE { id: 100000167, result: { id: '866fc21eea3da1c0' } }
---

--- 2024-09-22T04:43:28.808Z debug
[InspectorProxyWorker] SEND TO RUNTIME {"method":"Runtime.getIsolateId","id":100000168}
---

--- 2024-09-22T04:43:28.808Z debug
[InspectorProxyWorker] RUNTIME INCOMING MESSAGE { id: 100000168, result: { id: '866fc21eea3da1c0' } }
---

--- 2024-09-22T04:43:38.807Z debug
[InspectorProxyWorker] SEND TO RUNTIME {"method":"Runtime.getIsolateId","id":100000169}
---

--- 2024-09-22T04:43:38.808Z debug
[InspectorProxyWorker] RUNTIME INCOMING MESSAGE { id: 100000169, result: { id: '866fc21eea3da1c0' } }
---

--- 2024-09-22T04:43:48.808Z debug
[InspectorProxyWorker] SEND TO RUNTIME {"method":"Runtime.getIsolateId","id":100000170}
---

--- 2024-09-22T04:43:48.808Z debug
[InspectorProxyWorker] RUNTIME INCOMING MESSAGE { id: 100000170, result: { id: '866fc21eea3da1c0' } }
---

--- 2024-09-22T04:43:58.808Z debug
[InspectorProxyWorker] SEND TO RUNTIME {"method":"Runtime.getIsolateId","id":100000171}
---

--- 2024-09-22T04:43:58.809Z debug
[InspectorProxyWorker] RUNTIME INCOMING MESSAGE { id: 100000171, result: { id: '866fc21eea3da1c0' } }
---

--- 2024-09-22T04:44:08.808Z debug
[InspectorProxyWorker] SEND TO RUNTIME {"method":"Runtime.getIsolateId","id":100000172}
---

--- 2024-09-22T04:44:08.808Z debug
[InspectorProxyWorker] RUNTIME INCOMING MESSAGE { id: 100000172, result: { id: '866fc21eea3da1c0' } }
---

--- 2024-09-22T04:44:18.808Z debug
[InspectorProxyWorker] SEND TO RUNTIME {"method":"Runtime.getIsolateId","id":100000173}
---

--- 2024-09-22T04:44:18.809Z debug
[InspectorProxyWorker] RUNTIME INCOMING MESSAGE { id: 100000173, result: { id: '866fc21eea3da1c0' } }
---

--- 2024-09-22T04:44:28.808Z debug
[InspectorProxyWorker] SEND TO RUNTIME {"method":"Runtime.getIsolateId","id":100000174}
---

--- 2024-09-22T04:44:28.809Z debug
[InspectorProxyWorker] RUNTIME INCOMING MESSAGE { id: 100000174, result: { id: '866fc21eea3da1c0' } }
---

--- 2024-09-22T04:44:38.808Z debug
[InspectorProxyWorker] SEND TO RUNTIME {"method":"Runtime.getIsolateId","id":100000175}
---

--- 2024-09-22T04:44:38.809Z debug
[InspectorProxyWorker] RUNTIME INCOMING MESSAGE { id: 100000175, result: { id: '866fc21eea3da1c0' } }
---

--- 2024-09-22T04:44:48.807Z debug
[InspectorProxyWorker] SEND TO RUNTIME {"method":"Runtime.getIsolateId","id":100000176}
---

--- 2024-09-22T04:44:48.809Z debug
[InspectorProxyWorker] RUNTIME INCOMING MESSAGE { id: 100000176, result: { id: '866fc21eea3da1c0' } }
---

--- 2024-09-22T04:44:58.811Z debug
[InspectorProxyWorker] SEND TO RUNTIME {"method":"Runtime.getIsolateId","id":100000177}
---

--- 2024-09-22T04:44:58.812Z debug
[InspectorProxyWorker] RUNTIME INCOMING MESSAGE { id: 100000177, result: { id: '866fc21eea3da1c0' } }
---

--- 2024-09-22T04:45:08.806Z debug
[InspectorProxyWorker] SEND TO RUNTIME {"method":"Runtime.getIsolateId","id":100000178}
---

--- 2024-09-22T04:45:08.807Z debug
[InspectorProxyWorker] RUNTIME INCOMING MESSAGE { id: 100000178, result: { id: '866fc21eea3da1c0' } }
---

--- 2024-09-22T04:45:18.808Z debug
[InspectorProxyWorker] SEND TO RUNTIME {"method":"Runtime.getIsolateId","id":100000179}
---

--- 2024-09-22T04:45:18.809Z debug
[InspectorProxyWorker] RUNTIME INCOMING MESSAGE { id: 100000179, result: { id: '866fc21eea3da1c0' } }
---

--- 2024-09-22T04:45:28.808Z debug
[InspectorProxyWorker] SEND TO RUNTIME {"method":"Runtime.getIsolateId","id":100000180}
---

--- 2024-09-22T04:45:28.809Z debug
[InspectorProxyWorker] RUNTIME INCOMING MESSAGE { id: 100000180, result: { id: '866fc21eea3da1c0' } }
---

--- 2024-09-22T04:45:38.808Z debug
[InspectorProxyWorker] SEND TO RUNTIME {"method":"Runtime.getIsolateId","id":100000181}
---

--- 2024-09-22T04:45:38.809Z debug
[InspectorProxyWorker] RUNTIME INCOMING MESSAGE { id: 100000181, result: { id: '866fc21eea3da1c0' } }
---

--- 2024-09-22T04:45:48.810Z debug
[InspectorProxyWorker] SEND TO RUNTIME {"method":"Runtime.getIsolateId","id":100000182}
---

--- 2024-09-22T04:45:48.810Z debug
[InspectorProxyWorker] RUNTIME INCOMING MESSAGE { id: 100000182, result: { id: '866fc21eea3da1c0' } }
---

--- 2024-09-22T04:45:58.808Z debug
[InspectorProxyWorker] SEND TO RUNTIME {"method":"Runtime.getIsolateId","id":100000183}
---

--- 2024-09-22T04:45:58.809Z debug
[InspectorProxyWorker] RUNTIME INCOMING MESSAGE { id: 100000183, result: { id: '866fc21eea3da1c0' } }
---

--- 2024-09-22T04:46:08.808Z debug
[InspectorProxyWorker] SEND TO RUNTIME {"method":"Runtime.getIsolateId","id":100000184}
---

--- 2024-09-22T04:46:08.809Z debug
[InspectorProxyWorker] RUNTIME INCOMING MESSAGE { id: 100000184, result: { id: '866fc21eea3da1c0' } }
---

--- 2024-09-22T04:46:18.804Z debug
[InspectorProxyWorker] SEND TO RUNTIME {"method":"Runtime.getIsolateId","id":100000185}
---

--- 2024-09-22T04:46:18.805Z debug
[InspectorProxyWorker] RUNTIME INCOMING MESSAGE { id: 100000185, result: { id: '866fc21eea3da1c0' } }
---

--- 2024-09-22T04:46:28.808Z debug
[InspectorProxyWorker] SEND TO RUNTIME {"method":"Runtime.getIsolateId","id":100000186}
---

--- 2024-09-22T04:46:28.808Z debug
[InspectorProxyWorker] RUNTIME INCOMING MESSAGE { id: 100000186, result: { id: '866fc21eea3da1c0' } }
---

--- 2024-09-22T04:46:38.809Z debug
[InspectorProxyWorker] SEND TO RUNTIME {"method":"Runtime.getIsolateId","id":100000187}
---

--- 2024-09-22T04:46:38.811Z debug
[InspectorProxyWorker] RUNTIME INCOMING MESSAGE { id: 100000187, result: { id: '866fc21eea3da1c0' } }
---

--- 2024-09-22T04:46:48.807Z debug
[InspectorProxyWorker] SEND TO RUNTIME {"method":"Runtime.getIsolateId","id":100000188}
---

--- 2024-09-22T04:46:48.808Z debug
[InspectorProxyWorker] RUNTIME INCOMING MESSAGE { id: 100000188, result: { id: '866fc21eea3da1c0' } }
---

--- 2024-09-22T04:46:58.809Z debug
[InspectorProxyWorker] SEND TO RUNTIME {"method":"Runtime.getIsolateId","id":100000189}
---

--- 2024-09-22T04:46:58.810Z debug
[InspectorProxyWorker] RUNTIME INCOMING MESSAGE { id: 100000189, result: { id: '866fc21eea3da1c0' } }
---

--- 2024-09-22T04:47:08.808Z debug
[InspectorProxyWorker] SEND TO RUNTIME {"method":"Runtime.getIsolateId","id":100000190}
---

--- 2024-09-22T04:47:08.809Z debug
[InspectorProxyWorker] RUNTIME INCOMING MESSAGE { id: 100000190, result: { id: '866fc21eea3da1c0' } }
---

--- 2024-09-22T04:47:18.807Z debug
[InspectorProxyWorker] SEND TO RUNTIME {"method":"Runtime.getIsolateId","id":100000191}
---

--- 2024-09-22T04:47:18.808Z debug
[InspectorProxyWorker] RUNTIME INCOMING MESSAGE { id: 100000191, result: { id: '866fc21eea3da1c0' } }
---

--- 2024-09-22T04:47:28.809Z debug
[InspectorProxyWorker] SEND TO RUNTIME {"method":"Runtime.getIsolateId","id":100000192}
---

--- 2024-09-22T04:47:28.810Z debug
[InspectorProxyWorker] RUNTIME INCOMING MESSAGE { id: 100000192, result: { id: '866fc21eea3da1c0' } }
---

--- 2024-09-22T04:47:38.809Z debug
[InspectorProxyWorker] SEND TO RUNTIME {"method":"Runtime.getIsolateId","id":100000193}
---

--- 2024-09-22T04:47:38.810Z debug
[InspectorProxyWorker] RUNTIME INCOMING MESSAGE { id: 100000193, result: { id: '866fc21eea3da1c0' } }
---

--- 2024-09-22T04:47:48.808Z debug
[InspectorProxyWorker] SEND TO RUNTIME {"method":"Runtime.getIsolateId","id":100000194}
---

--- 2024-09-22T04:47:48.808Z debug
[InspectorProxyWorker] RUNTIME INCOMING MESSAGE { id: 100000194, result: { id: '866fc21eea3da1c0' } }
---

--- 2024-09-22T04:47:58.808Z debug
[InspectorProxyWorker] SEND TO RUNTIME {"method":"Runtime.getIsolateId","id":100000195}
---

--- 2024-09-22T04:47:58.809Z debug
[InspectorProxyWorker] RUNTIME INCOMING MESSAGE { id: 100000195, result: { id: '866fc21eea3da1c0' } }
---

--- 2024-09-22T04:48:08.807Z debug
[InspectorProxyWorker] SEND TO RUNTIME {"method":"Runtime.getIsolateId","id":100000196}
---

--- 2024-09-22T04:48:08.807Z debug
[InspectorProxyWorker] RUNTIME INCOMING MESSAGE { id: 100000196, result: { id: '866fc21eea3da1c0' } }
---

--- 2024-09-22T04:48:18.809Z debug
[InspectorProxyWorker] SEND TO RUNTIME {"method":"Runtime.getIsolateId","id":100000197}
---

--- 2024-09-22T04:48:18.809Z debug
[InspectorProxyWorker] RUNTIME INCOMING MESSAGE { id: 100000197, result: { id: '866fc21eea3da1c0' } }
---

--- 2024-09-22T04:48:28.805Z debug
[InspectorProxyWorker] SEND TO RUNTIME {"method":"Runtime.getIsolateId","id":100000198}
---

--- 2024-09-22T04:48:28.806Z debug
[InspectorProxyWorker] RUNTIME INCOMING MESSAGE { id: 100000198, result: { id: '866fc21eea3da1c0' } }
---

--- 2024-09-22T04:48:38.809Z debug
[InspectorProxyWorker] SEND TO RUNTIME {"method":"Runtime.getIsolateId","id":100000199}
---

--- 2024-09-22T04:48:38.809Z debug
[InspectorProxyWorker] RUNTIME INCOMING MESSAGE { id: 100000199, result: { id: '866fc21eea3da1c0' } }
---

--- 2024-09-22T04:48:48.809Z debug
[InspectorProxyWorker] SEND TO RUNTIME {"method":"Runtime.getIsolateId","id":100000200}
---

--- 2024-09-22T04:48:48.809Z debug
[InspectorProxyWorker] RUNTIME INCOMING MESSAGE { id: 100000200, result: { id: '866fc21eea3da1c0' } }
---

--- 2024-09-22T04:48:58.808Z debug
[InspectorProxyWorker] SEND TO RUNTIME {"method":"Runtime.getIsolateId","id":100000201}
---

--- 2024-09-22T04:48:58.809Z debug
[InspectorProxyWorker] RUNTIME INCOMING MESSAGE { id: 100000201, result: { id: '866fc21eea3da1c0' } }
---

--- 2024-09-22T04:49:08.808Z debug
[InspectorProxyWorker] SEND TO RUNTIME {"method":"Runtime.getIsolateId","id":100000202}
---

--- 2024-09-22T04:49:08.809Z debug
[InspectorProxyWorker] RUNTIME INCOMING MESSAGE { id: 100000202, result: { id: '866fc21eea3da1c0' } }
---

--- 2024-09-22T04:49:18.808Z debug
[InspectorProxyWorker] SEND TO RUNTIME {"method":"Runtime.getIsolateId","id":100000203}
---

--- 2024-09-22T04:49:18.809Z debug
[InspectorProxyWorker] RUNTIME INCOMING MESSAGE { id: 100000203, result: { id: '866fc21eea3da1c0' } }
---

--- 2024-09-22T04:49:28.805Z debug
[InspectorProxyWorker] SEND TO RUNTIME {"method":"Runtime.getIsolateId","id":100000204}
---

--- 2024-09-22T04:49:28.806Z debug
[InspectorProxyWorker] RUNTIME INCOMING MESSAGE { id: 100000204, result: { id: '866fc21eea3da1c0' } }
---

--- 2024-09-22T04:49:38.807Z debug
[InspectorProxyWorker] SEND TO RUNTIME {"method":"Runtime.getIsolateId","id":100000205}
---

--- 2024-09-22T04:49:38.808Z debug
[InspectorProxyWorker] RUNTIME INCOMING MESSAGE { id: 100000205, result: { id: '866fc21eea3da1c0' } }
---

--- 2024-09-22T04:49:48.803Z debug
[InspectorProxyWorker] SEND TO RUNTIME {"method":"Runtime.getIsolateId","id":100000206}
---

--- 2024-09-22T04:49:48.804Z debug
[InspectorProxyWorker] RUNTIME INCOMING MESSAGE { id: 100000206, result: { id: '866fc21eea3da1c0' } }
---

--- 2024-09-22T04:49:58.808Z debug
[InspectorProxyWorker] SEND TO RUNTIME {"method":"Runtime.getIsolateId","id":100000207}
---

--- 2024-09-22T04:49:58.809Z debug
[InspectorProxyWorker] RUNTIME INCOMING MESSAGE { id: 100000207, result: { id: '866fc21eea3da1c0' } }
---

--- 2024-09-22T04:50:08.804Z debug
[InspectorProxyWorker] SEND TO RUNTIME {"method":"Runtime.getIsolateId","id":100000208}
---

--- 2024-09-22T04:50:08.805Z debug
[InspectorProxyWorker] RUNTIME INCOMING MESSAGE { id: 100000208, result: { id: '866fc21eea3da1c0' } }
---

--- 2024-09-22T04:50:18.808Z debug
[InspectorProxyWorker] SEND TO RUNTIME {"method":"Runtime.getIsolateId","id":100000209}
---

--- 2024-09-22T04:50:18.809Z debug
[InspectorProxyWorker] RUNTIME INCOMING MESSAGE { id: 100000209, result: { id: '866fc21eea3da1c0' } }
---

--- 2024-09-22T04:50:28.807Z debug
[InspectorProxyWorker] SEND TO RUNTIME {"method":"Runtime.getIsolateId","id":100000210}
---

--- 2024-09-22T04:50:28.811Z debug
[InspectorProxyWorker] RUNTIME INCOMING MESSAGE { id: 100000210, result: { id: '866fc21eea3da1c0' } }
---

--- 2024-09-22T04:50:38.803Z debug
[InspectorProxyWorker] SEND TO RUNTIME {"method":"Runtime.getIsolateId","id":100000211}
---

--- 2024-09-22T04:50:38.803Z debug
[InspectorProxyWorker] RUNTIME INCOMING MESSAGE { id: 100000211, result: { id: '866fc21eea3da1c0' } }
---

--- 2024-09-22T04:50:48.808Z debug
[InspectorProxyWorker] SEND TO RUNTIME {"method":"Runtime.getIsolateId","id":100000212}
---

--- 2024-09-22T04:50:48.809Z debug
[InspectorProxyWorker] RUNTIME INCOMING MESSAGE { id: 100000212, result: { id: '866fc21eea3da1c0' } }
---

--- 2024-09-22T04:50:58.808Z debug
[InspectorProxyWorker] SEND TO RUNTIME {"method":"Runtime.getIsolateId","id":100000213}
---

--- 2024-09-22T04:50:58.809Z debug
[InspectorProxyWorker] RUNTIME INCOMING MESSAGE { id: 100000213, result: { id: '866fc21eea3da1c0' } }
---

--- 2024-09-22T04:51:08.803Z debug
[InspectorProxyWorker] SEND TO RUNTIME {"method":"Runtime.getIsolateId","id":100000214}
---

--- 2024-09-22T04:51:08.803Z debug
[InspectorProxyWorker] RUNTIME INCOMING MESSAGE { id: 100000214, result: { id: '866fc21eea3da1c0' } }
---

--- 2024-09-22T04:51:18.809Z debug
[InspectorProxyWorker] SEND TO RUNTIME {"method":"Runtime.getIsolateId","id":100000215}
---

--- 2024-09-22T04:51:18.809Z debug
[InspectorProxyWorker] RUNTIME INCOMING MESSAGE { id: 100000215, result: { id: '866fc21eea3da1c0' } }
---

--- 2024-09-22T04:51:28.807Z debug
[InspectorProxyWorker] SEND TO RUNTIME {"method":"Runtime.getIsolateId","id":100000216}
---

--- 2024-09-22T04:51:28.808Z debug
[InspectorProxyWorker] RUNTIME INCOMING MESSAGE { id: 100000216, result: { id: '866fc21eea3da1c0' } }
---

--- 2024-09-22T04:51:38.808Z debug
[InspectorProxyWorker] SEND TO RUNTIME {"method":"Runtime.getIsolateId","id":100000217}
---

--- 2024-09-22T04:51:38.810Z debug
[InspectorProxyWorker] RUNTIME INCOMING MESSAGE { id: 100000217, result: { id: '866fc21eea3da1c0' } }
---

--- 2024-09-22T04:51:48.808Z debug
[InspectorProxyWorker] SEND TO RUNTIME {"method":"Runtime.getIsolateId","id":100000218}
---

--- 2024-09-22T04:51:48.812Z debug
[InspectorProxyWorker] RUNTIME INCOMING MESSAGE { id: 100000218, result: { id: '866fc21eea3da1c0' } }
---

--- 2024-09-22T04:51:58.808Z debug
[InspectorProxyWorker] SEND TO RUNTIME {"method":"Runtime.getIsolateId","id":100000219}
---

--- 2024-09-22T04:51:58.809Z debug
[InspectorProxyWorker] RUNTIME INCOMING MESSAGE { id: 100000219, result: { id: '866fc21eea3da1c0' } }
---

--- 2024-09-22T04:52:08.808Z debug
[InspectorProxyWorker] SEND TO RUNTIME {"method":"Runtime.getIsolateId","id":100000220}
---

--- 2024-09-22T04:52:08.809Z debug
[InspectorProxyWorker] RUNTIME INCOMING MESSAGE { id: 100000220, result: { id: '866fc21eea3da1c0' } }
---

--- 2024-09-22T04:52:18.809Z debug
[InspectorProxyWorker] SEND TO RUNTIME {"method":"Runtime.getIsolateId","id":100000221}
---

--- 2024-09-22T04:52:18.810Z debug
[InspectorProxyWorker] RUNTIME INCOMING MESSAGE { id: 100000221, result: { id: '866fc21eea3da1c0' } }
---

--- 2024-09-22T04:52:28.809Z debug
[InspectorProxyWorker] SEND TO RUNTIME {"method":"Runtime.getIsolateId","id":100000222}
---

--- 2024-09-22T04:52:28.809Z debug
[InspectorProxyWorker] RUNTIME INCOMING MESSAGE { id: 100000222, result: { id: '866fc21eea3da1c0' } }
---

--- 2024-09-22T04:52:38.808Z debug
[InspectorProxyWorker] SEND TO RUNTIME {"method":"Runtime.getIsolateId","id":100000223}
---

--- 2024-09-22T04:52:38.809Z debug
[InspectorProxyWorker] RUNTIME INCOMING MESSAGE { id: 100000223, result: { id: '866fc21eea3da1c0' } }
---

--- 2024-09-22T04:52:48.808Z debug
[InspectorProxyWorker] SEND TO RUNTIME {"method":"Runtime.getIsolateId","id":100000224}
---

--- 2024-09-22T04:52:48.809Z debug
[InspectorProxyWorker] RUNTIME INCOMING MESSAGE { id: 100000224, result: { id: '866fc21eea3da1c0' } }
---

--- 2024-09-22T04:52:58.808Z debug
[InspectorProxyWorker] SEND TO RUNTIME {"method":"Runtime.getIsolateId","id":100000225}
---

--- 2024-09-22T04:52:58.809Z debug
[InspectorProxyWorker] RUNTIME INCOMING MESSAGE { id: 100000225, result: { id: '866fc21eea3da1c0' } }
---

--- 2024-09-22T04:53:08.808Z debug
[InspectorProxyWorker] SEND TO RUNTIME {"method":"Runtime.getIsolateId","id":100000226}
---

--- 2024-09-22T04:53:08.809Z debug
[InspectorProxyWorker] RUNTIME INCOMING MESSAGE { id: 100000226, result: { id: '866fc21eea3da1c0' } }
---

--- 2024-09-22T04:53:18.808Z debug
[InspectorProxyWorker] SEND TO RUNTIME {"method":"Runtime.getIsolateId","id":100000227}
---

--- 2024-09-22T04:53:18.808Z debug
[InspectorProxyWorker] RUNTIME INCOMING MESSAGE { id: 100000227, result: { id: '866fc21eea3da1c0' } }
---

--- 2024-09-22T04:53:28.808Z debug
[InspectorProxyWorker] SEND TO RUNTIME {"method":"Runtime.getIsolateId","id":100000228}
---

--- 2024-09-22T04:53:28.808Z debug
[InspectorProxyWorker] RUNTIME INCOMING MESSAGE { id: 100000228, result: { id: '866fc21eea3da1c0' } }
---

--- 2024-09-22T04:53:38.808Z debug
[InspectorProxyWorker] SEND TO RUNTIME {"method":"Runtime.getIsolateId","id":100000229}
---

--- 2024-09-22T04:53:38.809Z debug
[InspectorProxyWorker] RUNTIME INCOMING MESSAGE { id: 100000229, result: { id: '866fc21eea3da1c0' } }
---

--- 2024-09-22T04:53:48.809Z debug
[InspectorProxyWorker] SEND TO RUNTIME {"method":"Runtime.getIsolateId","id":100000230}
---

--- 2024-09-22T04:53:48.809Z debug
[InspectorProxyWorker] RUNTIME INCOMING MESSAGE { id: 100000230, result: { id: '866fc21eea3da1c0' } }
---

--- 2024-09-22T04:53:58.809Z debug
[InspectorProxyWorker] SEND TO RUNTIME {"method":"Runtime.getIsolateId","id":100000231}
---

--- 2024-09-22T04:53:58.810Z debug
[InspectorProxyWorker] RUNTIME INCOMING MESSAGE { id: 100000231, result: { id: '866fc21eea3da1c0' } }
---

--- 2024-09-22T04:54:08.807Z debug
[InspectorProxyWorker] SEND TO RUNTIME {"method":"Runtime.getIsolateId","id":100000232}
---

--- 2024-09-22T04:54:08.808Z debug
[InspectorProxyWorker] RUNTIME INCOMING MESSAGE { id: 100000232, result: { id: '866fc21eea3da1c0' } }
---

--- 2024-09-22T04:54:18.808Z debug
[InspectorProxyWorker] SEND TO RUNTIME {"method":"Runtime.getIsolateId","id":100000233}
---

--- 2024-09-22T04:54:18.809Z debug
[InspectorProxyWorker] RUNTIME INCOMING MESSAGE { id: 100000233, result: { id: '866fc21eea3da1c0' } }
---

--- 2024-09-22T04:54:28.806Z debug
[InspectorProxyWorker] SEND TO RUNTIME {"method":"Runtime.getIsolateId","id":100000234}
---

--- 2024-09-22T04:54:28.807Z debug
[InspectorProxyWorker] RUNTIME INCOMING MESSAGE { id: 100000234, result: { id: '866fc21eea3da1c0' } }
---

--- 2024-09-22T04:54:38.808Z debug
[InspectorProxyWorker] SEND TO RUNTIME {"method":"Runtime.getIsolateId","id":100000235}
---

--- 2024-09-22T04:54:38.809Z debug
[InspectorProxyWorker] RUNTIME INCOMING MESSAGE { id: 100000235, result: { id: '866fc21eea3da1c0' } }
---

--- 2024-09-22T04:54:48.809Z debug
[InspectorProxyWorker] SEND TO RUNTIME {"method":"Runtime.getIsolateId","id":100000236}
---

--- 2024-09-22T04:54:48.811Z debug
[InspectorProxyWorker] RUNTIME INCOMING MESSAGE { id: 100000236, result: { id: '866fc21eea3da1c0' } }
---

--- 2024-09-22T04:54:58.808Z debug
[InspectorProxyWorker] SEND TO RUNTIME {"method":"Runtime.getIsolateId","id":100000237}
---

--- 2024-09-22T04:54:58.809Z debug
[InspectorProxyWorker] RUNTIME INCOMING MESSAGE { id: 100000237, result: { id: '866fc21eea3da1c0' } }
---

--- 2024-09-22T04:55:08.803Z debug
[InspectorProxyWorker] SEND TO RUNTIME {"method":"Runtime.getIsolateId","id":100000238}
---

--- 2024-09-22T04:55:08.804Z debug
[InspectorProxyWorker] RUNTIME INCOMING MESSAGE { id: 100000238, result: { id: '866fc21eea3da1c0' } }
---

--- 2024-09-22T04:55:18.809Z debug
[InspectorProxyWorker] SEND TO RUNTIME {"method":"Runtime.getIsolateId","id":100000239}
---

--- 2024-09-22T04:55:18.810Z debug
[InspectorProxyWorker] RUNTIME INCOMING MESSAGE { id: 100000239, result: { id: '866fc21eea3da1c0' } }
---

--- 2024-09-22T04:55:28.808Z debug
[InspectorProxyWorker] SEND TO RUNTIME {"method":"Runtime.getIsolateId","id":100000240}
---

--- 2024-09-22T04:55:28.809Z debug
[InspectorProxyWorker] RUNTIME INCOMING MESSAGE { id: 100000240, result: { id: '866fc21eea3da1c0' } }
---

--- 2024-09-22T04:55:38.809Z debug
[InspectorProxyWorker] SEND TO RUNTIME {"method":"Runtime.getIsolateId","id":100000241}
---

--- 2024-09-22T04:55:38.810Z debug
[InspectorProxyWorker] RUNTIME INCOMING MESSAGE { id: 100000241, result: { id: '866fc21eea3da1c0' } }
---

--- 2024-09-22T04:55:48.808Z debug
[InspectorProxyWorker] SEND TO RUNTIME {"method":"Runtime.getIsolateId","id":100000242}
---

--- 2024-09-22T04:55:48.809Z debug
[InspectorProxyWorker] RUNTIME INCOMING MESSAGE { id: 100000242, result: { id: '866fc21eea3da1c0' } }
---

--- 2024-09-22T04:55:58.808Z debug
[InspectorProxyWorker] SEND TO RUNTIME {"method":"Runtime.getIsolateId","id":100000243}
---

--- 2024-09-22T04:55:58.809Z debug
[InspectorProxyWorker] RUNTIME INCOMING MESSAGE { id: 100000243, result: { id: '866fc21eea3da1c0' } }
---

--- 2024-09-22T04:56:08.808Z debug
[InspectorProxyWorker] SEND TO RUNTIME {"method":"Runtime.getIsolateId","id":100000244}
---

--- 2024-09-22T04:56:08.808Z debug
[InspectorProxyWorker] RUNTIME INCOMING MESSAGE { id: 100000244, result: { id: '866fc21eea3da1c0' } }
---

--- 2024-09-22T04:56:18.883Z debug
[InspectorProxyWorker] SEND TO RUNTIME {"method":"Runtime.getIsolateId","id":100000245}
---

--- 2024-09-22T04:56:18.884Z debug
[InspectorProxyWorker] RUNTIME INCOMING MESSAGE { id: 100000245, result: { id: '866fc21eea3da1c0' } }
---

--- 2024-09-22T04:56:28.731Z debug
[InspectorProxyWorker] SEND TO RUNTIME {"method":"Runtime.getIsolateId","id":100000246}
---

--- 2024-09-22T04:56:28.732Z debug
[InspectorProxyWorker] RUNTIME INCOMING MESSAGE { id: 100000246, result: { id: '866fc21eea3da1c0' } }
---

--- 2024-09-22T04:56:38.737Z debug
[InspectorProxyWorker] SEND TO RUNTIME {"method":"Runtime.getIsolateId","id":100000247}
---

--- 2024-09-22T04:56:38.738Z debug
[InspectorProxyWorker] RUNTIME INCOMING MESSAGE { id: 100000247, result: { id: '866fc21eea3da1c0' } }
---

--- 2024-09-22T04:56:48.736Z debug
[InspectorProxyWorker] SEND TO RUNTIME {"method":"Runtime.getIsolateId","id":100000248}
---

--- 2024-09-22T04:56:48.737Z debug
[InspectorProxyWorker] RUNTIME INCOMING MESSAGE { id: 100000248, result: { id: '866fc21eea3da1c0' } }
---

--- 2024-09-22T04:56:58.737Z debug
[InspectorProxyWorker] SEND TO RUNTIME {"method":"Runtime.getIsolateId","id":100000249}
---

--- 2024-09-22T04:56:58.738Z debug
[InspectorProxyWorker] RUNTIME INCOMING MESSAGE { id: 100000249, result: { id: '866fc21eea3da1c0' } }
---

--- 2024-09-22T04:57:08.736Z debug
[InspectorProxyWorker] SEND TO RUNTIME {"method":"Runtime.getIsolateId","id":100000250}
---

--- 2024-09-22T04:57:08.737Z debug
[InspectorProxyWorker] RUNTIME INCOMING MESSAGE { id: 100000250, result: { id: '866fc21eea3da1c0' } }
---

--- 2024-09-22T04:57:18.737Z debug
[InspectorProxyWorker] SEND TO RUNTIME {"method":"Runtime.getIsolateId","id":100000251}
---

--- 2024-09-22T04:57:18.740Z debug
[InspectorProxyWorker] RUNTIME INCOMING MESSAGE { id: 100000251, result: { id: '866fc21eea3da1c0' } }
---

--- 2024-09-22T04:57:28.752Z debug
[InspectorProxyWorker] SEND TO RUNTIME {"method":"Runtime.getIsolateId","id":100000252}
---

--- 2024-09-22T04:57:28.753Z debug
[InspectorProxyWorker] RUNTIME INCOMING MESSAGE { id: 100000252, result: { id: '866fc21eea3da1c0' } }
---

--- 2024-09-22T04:57:38.722Z debug
[InspectorProxyWorker] SEND TO RUNTIME {"method":"Runtime.getIsolateId","id":100000253}
---

--- 2024-09-22T04:57:38.723Z debug
[InspectorProxyWorker] RUNTIME INCOMING MESSAGE { id: 100000253, result: { id: '866fc21eea3da1c0' } }
---

--- 2024-09-22T04:57:48.728Z debug
[InspectorProxyWorker] SEND TO RUNTIME {"method":"Runtime.getIsolateId","id":100000254}
---

--- 2024-09-22T04:57:48.729Z debug
[InspectorProxyWorker] RUNTIME INCOMING MESSAGE { id: 100000254, result: { id: '866fc21eea3da1c0' } }
---

--- 2024-09-22T04:57:58.728Z debug
[InspectorProxyWorker] SEND TO RUNTIME {"method":"Runtime.getIsolateId","id":100000255}
---

--- 2024-09-22T04:57:58.729Z debug
[InspectorProxyWorker] RUNTIME INCOMING MESSAGE { id: 100000255, result: { id: '866fc21eea3da1c0' } }
---

--- 2024-09-22T04:58:08.728Z debug
[InspectorProxyWorker] SEND TO RUNTIME {"method":"Runtime.getIsolateId","id":100000256}
---

--- 2024-09-22T04:58:08.730Z debug
[InspectorProxyWorker] RUNTIME INCOMING MESSAGE { id: 100000256, result: { id: '866fc21eea3da1c0' } }
---

--- 2024-09-22T04:58:18.723Z debug
[InspectorProxyWorker] SEND TO RUNTIME {"method":"Runtime.getIsolateId","id":100000257}
---

--- 2024-09-22T04:58:18.724Z debug
[InspectorProxyWorker] RUNTIME INCOMING MESSAGE { id: 100000257, result: { id: '866fc21eea3da1c0' } }
---

--- 2024-09-22T04:58:28.727Z debug
[InspectorProxyWorker] SEND TO RUNTIME {"method":"Runtime.getIsolateId","id":100000258}
---

--- 2024-09-22T04:58:28.728Z debug
[InspectorProxyWorker] RUNTIME INCOMING MESSAGE { id: 100000258, result: { id: '866fc21eea3da1c0' } }
---

--- 2024-09-22T04:58:38.726Z debug
[InspectorProxyWorker] SEND TO RUNTIME {"method":"Runtime.getIsolateId","id":100000259}
---

--- 2024-09-22T04:58:38.727Z debug
[InspectorProxyWorker] RUNTIME INCOMING MESSAGE { id: 100000259, result: { id: '866fc21eea3da1c0' } }
---

--- 2024-09-22T04:58:48.728Z debug
[InspectorProxyWorker] SEND TO RUNTIME {"method":"Runtime.getIsolateId","id":100000260}
---

--- 2024-09-22T04:58:48.729Z debug
[InspectorProxyWorker] RUNTIME INCOMING MESSAGE { id: 100000260, result: { id: '866fc21eea3da1c0' } }
---

--- 2024-09-22T04:58:58.728Z debug
[InspectorProxyWorker] SEND TO RUNTIME {"method":"Runtime.getIsolateId","id":100000261}
---

--- 2024-09-22T04:58:58.729Z debug
[InspectorProxyWorker] RUNTIME INCOMING MESSAGE { id: 100000261, result: { id: '866fc21eea3da1c0' } }
---

--- 2024-09-22T04:59:08.728Z debug
[InspectorProxyWorker] SEND TO RUNTIME {"method":"Runtime.getIsolateId","id":100000262}
---

--- 2024-09-22T04:59:08.728Z debug
[InspectorProxyWorker] RUNTIME INCOMING MESSAGE { id: 100000262, result: { id: '866fc21eea3da1c0' } }
---

--- 2024-09-22T04:59:18.730Z debug
[InspectorProxyWorker] SEND TO RUNTIME {"method":"Runtime.getIsolateId","id":100000263}
---

--- 2024-09-22T04:59:18.731Z debug
[InspectorProxyWorker] RUNTIME INCOMING MESSAGE { id: 100000263, result: { id: '866fc21eea3da1c0' } }
---

--- 2024-09-22T04:59:28.730Z debug
[InspectorProxyWorker] SEND TO RUNTIME {"method":"Runtime.getIsolateId","id":100000264}
---

--- 2024-09-22T04:59:28.730Z debug
[InspectorProxyWorker] RUNTIME INCOMING MESSAGE { id: 100000264, result: { id: '866fc21eea3da1c0' } }
---

--- 2024-09-22T04:59:38.729Z debug
[InspectorProxyWorker] SEND TO RUNTIME {"method":"Runtime.getIsolateId","id":100000265}
---

--- 2024-09-22T04:59:38.730Z debug
[InspectorProxyWorker] RUNTIME INCOMING MESSAGE { id: 100000265, result: { id: '866fc21eea3da1c0' } }
---

--- 2024-09-22T04:59:48.727Z debug
[InspectorProxyWorker] SEND TO RUNTIME {"method":"Runtime.getIsolateId","id":100000266}
---

--- 2024-09-22T04:59:48.729Z debug
[InspectorProxyWorker] RUNTIME INCOMING MESSAGE { id: 100000266, result: { id: '866fc21eea3da1c0' } }
---

--- 2024-09-22T04:59:58.728Z debug
[InspectorProxyWorker] SEND TO RUNTIME {"method":"Runtime.getIsolateId","id":100000267}
---

--- 2024-09-22T04:59:58.729Z debug
[InspectorProxyWorker] RUNTIME INCOMING MESSAGE { id: 100000267, result: { id: '866fc21eea3da1c0' } }
---

--- 2024-09-22T05:00:08.728Z debug
[InspectorProxyWorker] SEND TO RUNTIME {"method":"Runtime.getIsolateId","id":100000268}
---

--- 2024-09-22T05:00:08.729Z debug
[InspectorProxyWorker] RUNTIME INCOMING MESSAGE { id: 100000268, result: { id: '866fc21eea3da1c0' } }
---

--- 2024-09-22T05:00:18.728Z debug
[InspectorProxyWorker] SEND TO RUNTIME {"method":"Runtime.getIsolateId","id":100000269}
---

--- 2024-09-22T05:00:18.729Z debug
[InspectorProxyWorker] RUNTIME INCOMING MESSAGE { id: 100000269, result: { id: '866fc21eea3da1c0' } }
---

--- 2024-09-22T05:00:28.730Z debug
[InspectorProxyWorker] SEND TO RUNTIME {"method":"Runtime.getIsolateId","id":100000270}
---

--- 2024-09-22T05:00:28.731Z debug
[InspectorProxyWorker] RUNTIME INCOMING MESSAGE { id: 100000270, result: { id: '866fc21eea3da1c0' } }
---

--- 2024-09-22T05:00:38.729Z debug
[InspectorProxyWorker] SEND TO RUNTIME {"method":"Runtime.getIsolateId","id":100000271}
---

--- 2024-09-22T05:00:38.731Z debug
[InspectorProxyWorker] RUNTIME INCOMING MESSAGE { id: 100000271, result: { id: '866fc21eea3da1c0' } }
---

--- 2024-09-22T05:00:48.730Z debug
[InspectorProxyWorker] SEND TO RUNTIME {"method":"Runtime.getIsolateId","id":100000272}
---

--- 2024-09-22T05:00:48.730Z debug
[InspectorProxyWorker] RUNTIME INCOMING MESSAGE { id: 100000272, result: { id: '866fc21eea3da1c0' } }
---

--- 2024-09-22T05:00:58.728Z debug
[InspectorProxyWorker] SEND TO RUNTIME {"method":"Runtime.getIsolateId","id":100000273}
---

--- 2024-09-22T05:00:58.729Z debug
[InspectorProxyWorker] RUNTIME INCOMING MESSAGE { id: 100000273, result: { id: '866fc21eea3da1c0' } }
---

--- 2024-09-22T05:01:08.727Z debug
[InspectorProxyWorker] SEND TO RUNTIME {"method":"Runtime.getIsolateId","id":100000274}
---

--- 2024-09-22T05:01:08.728Z debug
[InspectorProxyWorker] RUNTIME INCOMING MESSAGE { id: 100000274, result: { id: '866fc21eea3da1c0' } }
---

--- 2024-09-22T05:01:18.728Z debug
[InspectorProxyWorker] SEND TO RUNTIME {"method":"Runtime.getIsolateId","id":100000275}
---

--- 2024-09-22T05:01:18.731Z debug
[InspectorProxyWorker] RUNTIME INCOMING MESSAGE { id: 100000275, result: { id: '866fc21eea3da1c0' } }
---

--- 2024-09-22T05:01:28.728Z debug
[InspectorProxyWorker] SEND TO RUNTIME {"method":"Runtime.getIsolateId","id":100000276}
---

--- 2024-09-22T05:01:28.729Z debug
[InspectorProxyWorker] RUNTIME INCOMING MESSAGE { id: 100000276, result: { id: '866fc21eea3da1c0' } }
---

--- 2024-09-22T05:01:38.729Z debug
[InspectorProxyWorker] SEND TO RUNTIME {"method":"Runtime.getIsolateId","id":100000277}
---

--- 2024-09-22T05:01:38.730Z debug
[InspectorProxyWorker] RUNTIME INCOMING MESSAGE { id: 100000277, result: { id: '866fc21eea3da1c0' } }
---

--- 2024-09-22T05:01:48.728Z debug
[InspectorProxyWorker] SEND TO RUNTIME {"method":"Runtime.getIsolateId","id":100000278}
---

--- 2024-09-22T05:01:48.729Z debug
[InspectorProxyWorker] RUNTIME INCOMING MESSAGE { id: 100000278, result: { id: '866fc21eea3da1c0' } }
---

--- 2024-09-22T05:01:58.728Z debug
[InspectorProxyWorker] SEND TO RUNTIME {"method":"Runtime.getIsolateId","id":100000279}
---

--- 2024-09-22T05:01:58.729Z debug
[InspectorProxyWorker] RUNTIME INCOMING MESSAGE { id: 100000279, result: { id: '866fc21eea3da1c0' } }
---

--- 2024-09-22T05:02:08.727Z debug
[InspectorProxyWorker] SEND TO RUNTIME {"method":"Runtime.getIsolateId","id":100000280}
---

--- 2024-09-22T05:02:08.728Z debug
[InspectorProxyWorker] RUNTIME INCOMING MESSAGE { id: 100000280, result: { id: '866fc21eea3da1c0' } }
---

--- 2024-09-22T05:02:18.728Z debug
[InspectorProxyWorker] SEND TO RUNTIME {"method":"Runtime.getIsolateId","id":100000281}
---

--- 2024-09-22T05:02:18.729Z debug
[InspectorProxyWorker] RUNTIME INCOMING MESSAGE { id: 100000281, result: { id: '866fc21eea3da1c0' } }
---

--- 2024-09-22T05:02:28.727Z debug
[InspectorProxyWorker] SEND TO RUNTIME {"method":"Runtime.getIsolateId","id":100000282}
---

--- 2024-09-22T05:02:28.728Z debug
[InspectorProxyWorker] RUNTIME INCOMING MESSAGE { id: 100000282, result: { id: '866fc21eea3da1c0' } }
---

--- 2024-09-22T05:02:38.728Z debug
[InspectorProxyWorker] SEND TO RUNTIME {"method":"Runtime.getIsolateId","id":100000283}
---

--- 2024-09-22T05:02:38.729Z debug
[InspectorProxyWorker] RUNTIME INCOMING MESSAGE { id: 100000283, result: { id: '866fc21eea3da1c0' } }
---

--- 2024-09-22T05:02:48.725Z debug
[InspectorProxyWorker] SEND TO RUNTIME {"method":"Runtime.getIsolateId","id":100000284}
---

--- 2024-09-22T05:02:48.726Z debug
[InspectorProxyWorker] RUNTIME INCOMING MESSAGE { id: 100000284, result: { id: '866fc21eea3da1c0' } }
---

--- 2024-09-22T05:02:58.726Z debug
[InspectorProxyWorker] SEND TO RUNTIME {"method":"Runtime.getIsolateId","id":100000285}
---

--- 2024-09-22T05:02:58.727Z debug
[InspectorProxyWorker] RUNTIME INCOMING MESSAGE { id: 100000285, result: { id: '866fc21eea3da1c0' } }
---

--- 2024-09-22T05:03:08.723Z debug
[InspectorProxyWorker] SEND TO RUNTIME {"method":"Runtime.getIsolateId","id":100000286}
---

--- 2024-09-22T05:03:08.724Z debug
[InspectorProxyWorker] RUNTIME INCOMING MESSAGE { id: 100000286, result: { id: '866fc21eea3da1c0' } }
---

--- 2024-09-22T05:03:18.728Z debug
[InspectorProxyWorker] SEND TO RUNTIME {"method":"Runtime.getIsolateId","id":100000287}
---

--- 2024-09-22T05:03:18.729Z debug
[InspectorProxyWorker] RUNTIME INCOMING MESSAGE { id: 100000287, result: { id: '866fc21eea3da1c0' } }
---

--- 2024-09-22T05:03:28.726Z debug
[InspectorProxyWorker] SEND TO RUNTIME {"method":"Runtime.getIsolateId","id":100000288}
---

--- 2024-09-22T05:03:28.726Z debug
[InspectorProxyWorker] RUNTIME INCOMING MESSAGE { id: 100000288, result: { id: '866fc21eea3da1c0' } }
---

--- 2024-09-22T05:03:38.727Z debug
[InspectorProxyWorker] SEND TO RUNTIME {"method":"Runtime.getIsolateId","id":100000289}
---

--- 2024-09-22T05:03:38.728Z debug
[InspectorProxyWorker] RUNTIME INCOMING MESSAGE { id: 100000289, result: { id: '866fc21eea3da1c0' } }
---

--- 2024-09-22T05:03:48.728Z debug
[InspectorProxyWorker] SEND TO RUNTIME {"method":"Runtime.getIsolateId","id":100000290}
---

--- 2024-09-22T05:03:48.729Z debug
[InspectorProxyWorker] RUNTIME INCOMING MESSAGE { id: 100000290, result: { id: '866fc21eea3da1c0' } }
---

--- 2024-09-22T05:03:58.728Z debug
[InspectorProxyWorker] SEND TO RUNTIME {"method":"Runtime.getIsolateId","id":100000291}
---

--- 2024-09-22T05:03:58.729Z debug
[InspectorProxyWorker] RUNTIME INCOMING MESSAGE { id: 100000291, result: { id: '866fc21eea3da1c0' } }
---

--- 2024-09-22T05:04:08.728Z debug
[InspectorProxyWorker] SEND TO RUNTIME {"method":"Runtime.getIsolateId","id":100000292}
---

--- 2024-09-22T05:04:08.729Z debug
[InspectorProxyWorker] RUNTIME INCOMING MESSAGE { id: 100000292, result: { id: '866fc21eea3da1c0' } }
---

--- 2024-09-22T05:04:15.933Z debug
DevEnv teardown beginning...
---

--- 2024-09-22T05:04:15.934Z debug
ConfigController teardown beginning...
---

--- 2024-09-22T05:04:15.934Z debug
BundlerController teardown beginning...
---

--- 2024-09-22T05:04:15.938Z debug
LocalRuntimeController teardown beginning...
---

--- 2024-09-22T05:04:15.938Z debug
RemoteRuntimeController teardown beginning...
---

--- 2024-09-22T05:04:15.939Z debug
RemoteRuntimeController teardown complete
---

--- 2024-09-22T05:04:15.939Z debug
ProxyController teardown beginning...
---

--- 2024-09-22T05:04:15.979Z log
[2m⎔ Shutting down local server...[22m
---

--- 2024-09-22T05:04:15.985Z debug
LocalRuntimeController teardown complete
---

--- 2024-09-22T05:04:15.986Z debug
ConfigController teardown complete
---

--- 2024-09-22T05:04:15.987Z debug
BundlerController teardown complete
---

--- 2024-09-22T05:04:16.035Z debug
ProxyController teardown complete
---

--- 2024-09-22T05:04:16.035Z debug
DevEnv teardown complete
---
