
--- 2024-09-17T13:53:33.695Z debug
🪵  Writing logs to "/home/yogix/.config/.wrangler/logs/wrangler-2024-09-17_13-53-33_543.log"
---

--- 2024-09-17T13:53:33.695Z debug
Failed to load .env file ".env": Error: ENOENT: no such file or directory, open '.env'
    at Object.openSync (node:fs:573:18)
    at Object.readFileSync (node:fs:452:35)
    at tryLoadDotEnv (/home/yogix/Projects/Echozy/server/node_modules/wrangler/wrangler-dist/cli.js:158087:72)
    at loadDotEnv (/home/yogix/Projects/Echozy/server/node_modules/wrangler/wrangler-dist/cli.js:158096:12)
    at /home/yogix/Projects/Echozy/server/node_modules/wrangler/wrangler-dist/cli.js:213519:20
    at /home/yogix/Projects/Echozy/server/node_modules/wrangler/wrangler-dist/cli.js:179282:16
    at maybeAsyncResult (/home/yogix/Projects/Echozy/server/node_modules/wrangler/wrangler-dist/cli.js:177503:44)
    at /home/yogix/Projects/Echozy/server/node_modules/wrangler/wrangler-dist/cli.js:179281:14
    at /home/yogix/Projects/Echozy/server/node_modules/wrangler/wrangler-dist/cli.js:177490:22
    at Array.reduce (<anonymous>) {
  errno: -2,
  code: 'ENOENT',
  syscall: 'open',
  path: '.env'
}
---

--- 2024-09-17T13:53:33.704Z log

 ⛅️ wrangler 3.78.3
[38;2;255;136;0m-------------------[39m

---

--- 2024-09-17T13:53:33.705Z debug
No experimental flag store instantiated
---

--- 2024-09-17T13:53:33.705Z debug
Attempted to use flag "JSON_CONFIG_FILE" which has not been instantiated
---

--- 2024-09-17T13:53:33.727Z log
Attempting to login via OAuth...
---

--- 2024-09-17T13:53:33.736Z log
Opening a link in your default browser: https://dash.cloudflare.com/oauth2/auth?response_type=code&client_id=54d11594-84e4-41aa-b438-e81b8fa78ee7&redirect_uri=http%3A%2F%2Flocalhost%3A8976%2Foauth%2Fcallback&scope=account%3Aread%20user%3Aread%20workers%3Awrite%20workers_kv%3Awrite%20workers_routes%3Awrite%20workers_scripts%3Awrite%20workers_tail%3Aread%20d1%3Awrite%20pages%3Awrite%20zone%3Aread%20ssl_certs%3Awrite%20ai%3Awrite%20queues%3Awrite%20pipelines%3Awrite%20offline_access&state=8TsyW6oSZ5nCZ1l__~x~u~ASkCvZsv3k&code_challenge=POi_LkxD_hRj_lO1_zryKfLynajA7UDJ7rnEsXjWOjc&code_challenge_method=S256
---
