
--- 2024-09-18T05:22:29.028Z debug
🪵  Writing logs to "/home/yogix/.config/.wrangler/logs/wrangler-2024-09-18_05-22-28_877.log"
---

--- 2024-09-18T05:22:29.028Z debug
Failed to load .env file ".env": Error: ENOENT: no such file or directory, open '.env'
    at Object.openSync (node:fs:573:18)
    at Object.readFileSync (node:fs:452:35)
    at tryLoadDotEnv (/home/yogix/Projects/Echozy/server/node_modules/wrangler/wrangler-dist/cli.js:158087:72)
    at loadDotEnv (/home/yogix/Projects/Echozy/server/node_modules/wrangler/wrangler-dist/cli.js:158096:12)
    at /home/yogix/Projects/Echozy/server/node_modules/wrangler/wrangler-dist/cli.js:213519:20
    at /home/yogix/Projects/Echozy/server/node_modules/wrangler/wrangler-dist/cli.js:179282:16
    at maybeAsyncResult (/home/yogix/Projects/Echozy/server/node_modules/wrangler/wrangler-dist/cli.js:177503:44)
    at /home/yogix/Projects/Echozy/server/node_modules/wrangler/wrangler-dist/cli.js:179281:14
    at /home/yogix/Projects/Echozy/server/node_modules/wrangler/wrangler-dist/cli.js:177490:22
    at Array.reduce (<anonymous>) {
  errno: -2,
  code: 'ENOENT',
  syscall: 'open',
  path: '.env'
}
---

--- 2024-09-18T05:22:29.045Z log

 ⛅️ wrangler 3.78.3 (update available [32m3.78.4[39m)
[38;2;255;136;0m-------------------------------------------------------[39m

---

--- 2024-09-18T05:22:29.088Z debug
Failed to load .env file "/home/yogix/Projects/Echozy/server/.dev.vars": Error: ENOENT: no such file or directory, open '/home/yogix/Projects/Echozy/server/.dev.vars'
    at Object.openSync (node:fs:573:18)
    at Object.readFileSync (node:fs:452:35)
    at tryLoadDotEnv (/home/yogix/Projects/Echozy/server/node_modules/wrangler/wrangler-dist/cli.js:158087:72)
    at loadDotEnv (/home/yogix/Projects/Echozy/server/node_modules/wrangler/wrangler-dist/cli.js:158096:12)
    at getVarsForDev (/home/yogix/Projects/Echozy/server/node_modules/wrangler/wrangler-dist/cli.js:176452:18)
    at getBindings (/home/yogix/Projects/Echozy/server/node_modules/wrangler/wrangler-dist/cli.js:215191:10)
    at getResolvedBindings (/home/yogix/Projects/Echozy/server/node_modules/wrangler/wrangler-dist/cli.js:215061:20)
    at getBindingsAndLegacyAssetPaths (/home/yogix/Projects/Echozy/server/node_modules/wrangler/wrangler-dist/cli.js:215091:15)
    at getDevReactElement (/home/yogix/Projects/Echozy/server/node_modules/wrangler/wrangler-dist/cli.js:214685:46)
    at startDev (/home/yogix/Projects/Echozy/server/node_modules/wrangler/wrangler-dist/cli.js:214754:60) {
  errno: -2,
  code: 'ENOENT',
  syscall: 'open',
  path: '/home/yogix/Projects/Echozy/server/.dev.vars'
}
---

--- 2024-09-18T05:22:29.298Z log
[2m⎔ Starting local server...[22m
---

--- 2024-09-18T05:22:29.400Z debug
[InspectorProxyWorker] handleProxyControllerIncomingMessage {"type":"reloadStart"}
---

--- 2024-09-18T05:22:29.537Z debug
[InspectorProxyWorker] handleProxyControllerIncomingMessage {"type":"reloadComplete","proxyData":{"userWorkerUrl":{"protocol":"http:","hostname":"127.0.0.1","port":"44227"},"userWorkerInspectorUrl":{"protocol":"ws:","hostname":"127.0.0.1","port":"41793","pathname":"/core:user:server"},"userWorkerInnerUrlOverrides":{"protocol":"http"},"headers":{"MF-Proxy-Shared-Secret":"c7b69259-fa3a-4631-a4c2-42eb28a2d9d2"},"liveReload":false,"proxyLogsToController":false,"internalDurableObjects":[],"entrypointAddresses":{"__INTERNAL_WRANGLER_MIDDLEWARE__":{"host":"127.0.0.1","port":37083},"default":{"host":"127.0.0.1","port":40521}}}}
---

--- 2024-09-18T05:22:29.539Z debug
[InspectorProxyWorker] reconnectRuntimeWebSocket
---

--- 2024-09-18T05:22:29.543Z debug
[InspectorProxyWorker] RUNTIME INCOMING MESSAGE {
  method: 'Runtime.executionContextCreated',
  params: {
    context: {
      id: 457532353,
      origin: '',
      name: 'Worker',
      uniqueId: '91978639619965220.-5027265512461352692'
    }
  }
}
---

--- 2024-09-18T05:22:29.545Z debug
[InspectorProxyWorker] RUNTIME WEBSOCKET OPENED
---

--- 2024-09-18T05:22:29.546Z debug
[InspectorProxyWorker] NEW RUNTIME WEBSOCKET http://127.0.0.1:41793/core:user:server
---

--- 2024-09-18T05:22:29.548Z debug
[InspectorProxyWorker] RUNTIME INCOMING MESSAGE {
  method: 'Debugger.scriptParsed',
  params: {
    scriptId: '3',
    url: 'file:///home/yogix/Projects/Echozy/server/.wrangler/tmp/dev-ZCcqTb/app.js',
    startLine: 0,
    startColumn: 0,
    endLine: 1743,
    endColumn: 87,
    executionContextId: 457532353,
    hash: 'c6e7421873d194f6b8d65ebbeb33c66ce1a898198c5cbe9374c9077a2bc15f49',
    isLiveEdit: false,
    sourceMapURL: 'app.js.map',
    hasSourceURL: true,
    isModule: true,
    length: 52079,
    scriptLanguage: 'JavaScript',
    embedderName: 'app.js'
  }
}
---

--- 2024-09-18T05:22:29.569Z debug
[InspectorProxyWorker] SEND TO DEVTOOLS {"method":"Runtime.executionContextsCleared"}
---

--- 2024-09-18T05:22:29.573Z debug
[InspectorProxyWorker] SEND TO RUNTIME {"method":"Runtime.enable","id":100000001}
---

--- 2024-09-18T05:22:29.575Z debug
[InspectorProxyWorker] SEND TO RUNTIME {"method":"Debugger.enable","id":100000002}
---

--- 2024-09-18T05:22:29.577Z debug
[InspectorProxyWorker] SEND TO RUNTIME {"method":"Network.enable","id":100000003}
---

--- 2024-09-18T05:22:29.579Z debug
[InspectorProxyWorker] RUNTIME INCOMING MESSAGE { id: 100000001, result: {} }
---

--- 2024-09-18T05:22:29.580Z debug
[InspectorProxyWorker] RUNTIME INCOMING MESSAGE {
  id: 100000002,
  result: { debuggerId: '7109341894411967641.7514069682377164268' }
}
---

--- 2024-09-18T05:22:29.582Z debug
[InspectorProxyWorker] RUNTIME INCOMING MESSAGE { id: 100000003, method: 'Network.enable', result: {} }
---

--- 2024-09-18T05:22:39.549Z debug
[InspectorProxyWorker] SEND TO RUNTIME {"method":"Runtime.getIsolateId","id":100000004}
---

--- 2024-09-18T05:22:39.551Z debug
[InspectorProxyWorker] RUNTIME INCOMING MESSAGE { id: 100000004, result: { id: '8129b8f79015353' } }
---

--- 2024-09-18T05:22:45.557Z log
[2m⎔ Reloading local server...[22m
---

--- 2024-09-18T05:22:45.574Z debug
[InspectorProxyWorker] handleProxyControllerIncomingMessage {"type":"reloadStart"}
---

--- 2024-09-18T05:22:45.581Z debug
[InspectorProxyWorker] SEND TO RUNTIME {"method":"Runtime.discardConsoleEntries","id":100000005}
---

--- 2024-09-18T05:22:45.582Z debug
[InspectorProxyWorker] RUNTIME INCOMING MESSAGE { id: 100000005, result: {} }
---

--- 2024-09-18T05:22:45.609Z debug
[InspectorProxyWorker] RUNTIME WEBSOCKET CLOSED 1006 WebSocket disconnected without sending Close frame.
---

--- 2024-09-18T05:22:45.701Z debug
[InspectorProxyWorker] handleProxyControllerIncomingMessage {"type":"reloadComplete","proxyData":{"userWorkerUrl":{"protocol":"http:","hostname":"127.0.0.1","port":"39625"},"userWorkerInspectorUrl":{"protocol":"ws:","hostname":"127.0.0.1","port":"41793","pathname":"/core:user:server"},"userWorkerInnerUrlOverrides":{"protocol":"http"},"headers":{"MF-Proxy-Shared-Secret":"c7b69259-fa3a-4631-a4c2-42eb28a2d9d2"},"liveReload":false,"proxyLogsToController":false,"internalDurableObjects":[],"entrypointAddresses":{"__INTERNAL_WRANGLER_MIDDLEWARE__":{"host":"127.0.0.1","port":37083},"default":{"host":"127.0.0.1","port":40521}}}}
---

--- 2024-09-18T05:22:45.703Z debug
[InspectorProxyWorker] reconnectRuntimeWebSocket
---

--- 2024-09-18T05:22:45.704Z debug
[InspectorProxyWorker] NEW RUNTIME WEBSOCKET http://127.0.0.1:41793/core:user:server
---

--- 2024-09-18T05:22:45.706Z debug
[InspectorProxyWorker] RUNTIME WEBSOCKET OPENED
---

--- 2024-09-18T05:22:45.707Z debug
[InspectorProxyWorker] SEND TO DEVTOOLS {"method":"Runtime.executionContextsCleared"}
---

--- 2024-09-18T05:22:45.709Z debug
[InspectorProxyWorker] RUNTIME INCOMING MESSAGE {
  method: 'Runtime.executionContextCreated',
  params: {
    context: {
      id: 187581441,
      origin: '',
      name: 'Worker',
      uniqueId: '5683528958401982532.2770493029665461530'
    }
  }
}
---

--- 2024-09-18T05:22:45.710Z debug
[InspectorProxyWorker] RUNTIME INCOMING MESSAGE { id: 100000006, result: {} }
---

--- 2024-09-18T05:22:45.712Z debug
[InspectorProxyWorker] RUNTIME INCOMING MESSAGE {
  method: 'Debugger.scriptParsed',
  params: {
    scriptId: '3',
    url: 'file:///home/yogix/Projects/Echozy/server/.wrangler/tmp/dev-ZCcqTb/app.js',
    startLine: 0,
    startColumn: 0,
    endLine: 1743,
    endColumn: 87,
    executionContextId: 187581441,
    hash: 'c6e7421873d194f6b8d65ebbeb33c66ce1a898198c5cbe9374c9077a2bc15f49',
    isLiveEdit: false,
    sourceMapURL: 'app.js.map',
    hasSourceURL: true,
    isModule: true,
    length: 52079,
    scriptLanguage: 'JavaScript',
    embedderName: 'app.js'
  }
}
---

--- 2024-09-18T05:22:45.713Z debug
[InspectorProxyWorker] SEND TO RUNTIME {"method":"Runtime.enable","id":100000006}
---

--- 2024-09-18T05:22:45.714Z debug
[InspectorProxyWorker] SEND TO RUNTIME {"method":"Debugger.enable","id":100000007}
---

--- 2024-09-18T05:22:45.716Z debug
[InspectorProxyWorker] SEND TO RUNTIME {"method":"Network.enable","id":100000008}
---

--- 2024-09-18T05:22:45.717Z debug
[InspectorProxyWorker] RUNTIME INCOMING MESSAGE {
  id: 100000007,
  result: { debuggerId: '-6751182574720297725.-2406205576396128823' }
}
---

--- 2024-09-18T05:22:45.718Z debug
[InspectorProxyWorker] RUNTIME INCOMING MESSAGE { id: 100000008, method: 'Network.enable', result: {} }
---

--- 2024-09-18T05:22:48.862Z log
[2m⎔ Reloading local server...[22m
---

--- 2024-09-18T05:22:48.877Z debug
[InspectorProxyWorker] handleProxyControllerIncomingMessage {"type":"reloadStart"}
---

--- 2024-09-18T05:22:48.879Z debug
[InspectorProxyWorker] SEND TO RUNTIME {"method":"Runtime.discardConsoleEntries","id":100000009}
---

--- 2024-09-18T05:22:48.881Z debug
[InspectorProxyWorker] RUNTIME INCOMING MESSAGE { id: 100000009, result: {} }
---

--- 2024-09-18T05:22:48.918Z debug
[InspectorProxyWorker] RUNTIME WEBSOCKET CLOSED 1006 WebSocket disconnected without sending Close frame.
---

--- 2024-09-18T05:22:49.028Z debug
[InspectorProxyWorker] handleProxyControllerIncomingMessage {"type":"reloadComplete","proxyData":{"userWorkerUrl":{"protocol":"http:","hostname":"127.0.0.1","port":"37857"},"userWorkerInspectorUrl":{"protocol":"ws:","hostname":"127.0.0.1","port":"41793","pathname":"/core:user:server"},"userWorkerInnerUrlOverrides":{"protocol":"http"},"headers":{"MF-Proxy-Shared-Secret":"c7b69259-fa3a-4631-a4c2-42eb28a2d9d2"},"liveReload":false,"proxyLogsToController":false,"internalDurableObjects":[],"entrypointAddresses":{"__INTERNAL_WRANGLER_MIDDLEWARE__":{"host":"127.0.0.1","port":37083},"default":{"host":"127.0.0.1","port":40521}}}}
---

--- 2024-09-18T05:22:49.029Z debug
[InspectorProxyWorker] reconnectRuntimeWebSocket
---

--- 2024-09-18T05:22:49.030Z debug
[InspectorProxyWorker] NEW RUNTIME WEBSOCKET http://127.0.0.1:41793/core:user:server
---

--- 2024-09-18T05:22:49.031Z debug
[InspectorProxyWorker] SEND TO DEVTOOLS {"method":"Runtime.executionContextsCleared"}
---

--- 2024-09-18T05:22:49.032Z debug
[InspectorProxyWorker] RUNTIME WEBSOCKET OPENED
---

--- 2024-09-18T05:22:49.033Z debug
[InspectorProxyWorker] SEND TO RUNTIME {"method":"Runtime.enable","id":100000010}
---

--- 2024-09-18T05:22:49.034Z debug
[InspectorProxyWorker] SEND TO RUNTIME {"method":"Debugger.enable","id":100000011}
---

--- 2024-09-18T05:22:49.036Z debug
[InspectorProxyWorker] SEND TO RUNTIME {"method":"Network.enable","id":100000012}
---

--- 2024-09-18T05:22:49.037Z debug
[InspectorProxyWorker] RUNTIME INCOMING MESSAGE {
  method: 'Runtime.executionContextCreated',
  params: {
    context: {
      id: 425257409,
      origin: '',
      name: 'Worker',
      uniqueId: '-6419645202338616716.8934534356351616471'
    }
  }
}
---

--- 2024-09-18T05:22:49.038Z debug
[InspectorProxyWorker] RUNTIME INCOMING MESSAGE { id: 100000010, result: {} }
---

--- 2024-09-18T05:22:49.041Z debug
[InspectorProxyWorker] RUNTIME INCOMING MESSAGE {
  method: 'Debugger.scriptParsed',
  params: {
    scriptId: '3',
    url: 'file:///home/yogix/Projects/Echozy/server/.wrangler/tmp/dev-ZCcqTb/app.js',
    startLine: 0,
    startColumn: 0,
    endLine: 1743,
    endColumn: 87,
    executionContextId: 425257409,
    hash: 'c6e7421873d194f6b8d65ebbeb33c66ce1a898198c5cbe9374c9077a2bc15f49',
    isLiveEdit: false,
    sourceMapURL: 'app.js.map',
    hasSourceURL: true,
    isModule: true,
    length: 52079,
    scriptLanguage: 'JavaScript',
    embedderName: 'app.js'
  }
}
---

--- 2024-09-18T05:22:49.042Z debug
[InspectorProxyWorker] RUNTIME INCOMING MESSAGE {
  id: 100000011,
  result: { debuggerId: '-1530293409386312148.-3339804275639165634' }
}
---

--- 2024-09-18T05:22:49.043Z debug
[InspectorProxyWorker] RUNTIME INCOMING MESSAGE { id: 100000012, method: 'Network.enable', result: {} }
---

--- 2024-09-18T05:22:50.336Z log
[2m⎔ Reloading local server...[22m
---

--- 2024-09-18T05:22:50.348Z debug
[InspectorProxyWorker] handleProxyControllerIncomingMessage {"type":"reloadStart"}
---

--- 2024-09-18T05:22:50.350Z debug
[InspectorProxyWorker] SEND TO RUNTIME {"method":"Runtime.discardConsoleEntries","id":100000013}
---

--- 2024-09-18T05:22:50.352Z debug
[InspectorProxyWorker] RUNTIME INCOMING MESSAGE { id: 100000013, result: {} }
---

--- 2024-09-18T05:22:50.378Z debug
[InspectorProxyWorker] RUNTIME WEBSOCKET CLOSED 1006 WebSocket disconnected without sending Close frame.
---

--- 2024-09-18T05:22:50.447Z debug
[InspectorProxyWorker] handleProxyControllerIncomingMessage {"type":"reloadComplete","proxyData":{"userWorkerUrl":{"protocol":"http:","hostname":"127.0.0.1","port":"40315"},"userWorkerInspectorUrl":{"protocol":"ws:","hostname":"127.0.0.1","port":"41793","pathname":"/core:user:server"},"userWorkerInnerUrlOverrides":{"protocol":"http"},"headers":{"MF-Proxy-Shared-Secret":"c7b69259-fa3a-4631-a4c2-42eb28a2d9d2"},"liveReload":false,"proxyLogsToController":false,"internalDurableObjects":[],"entrypointAddresses":{"__INTERNAL_WRANGLER_MIDDLEWARE__":{"host":"127.0.0.1","port":37083},"default":{"host":"127.0.0.1","port":40521}}}}
---

--- 2024-09-18T05:22:50.448Z debug
[InspectorProxyWorker] reconnectRuntimeWebSocket
---

--- 2024-09-18T05:22:50.449Z debug
[InspectorProxyWorker] NEW RUNTIME WEBSOCKET http://127.0.0.1:41793/core:user:server
---

--- 2024-09-18T05:22:50.450Z debug
[InspectorProxyWorker] SEND TO DEVTOOLS {"method":"Runtime.executionContextsCleared"}
---

--- 2024-09-18T05:22:50.451Z debug
[InspectorProxyWorker] RUNTIME WEBSOCKET OPENED
---

--- 2024-09-18T05:22:50.451Z debug
[InspectorProxyWorker] SEND TO RUNTIME {"method":"Runtime.enable","id":100000014}
---

--- 2024-09-18T05:22:50.452Z debug
[InspectorProxyWorker] SEND TO RUNTIME {"method":"Debugger.enable","id":100000015}
---

--- 2024-09-18T05:22:50.453Z debug
[InspectorProxyWorker] SEND TO RUNTIME {"method":"Network.enable","id":100000016}
---

--- 2024-09-18T05:22:50.454Z debug
[InspectorProxyWorker] RUNTIME INCOMING MESSAGE {
  method: 'Runtime.executionContextCreated',
  params: {
    context: {
      id: 397559201,
      origin: '',
      name: 'Worker',
      uniqueId: '-1081240389514715159.1085132973336655261'
    }
  }
}
---

--- 2024-09-18T05:22:50.458Z debug
[InspectorProxyWorker] RUNTIME INCOMING MESSAGE { id: 100000014, result: {} }
---

--- 2024-09-18T05:22:50.461Z debug
[InspectorProxyWorker] RUNTIME INCOMING MESSAGE {
  method: 'Debugger.scriptParsed',
  params: {
    scriptId: '3',
    url: 'file:///home/yogix/Projects/Echozy/server/.wrangler/tmp/dev-ZCcqTb/app.js',
    startLine: 0,
    startColumn: 0,
    endLine: 1743,
    endColumn: 87,
    executionContextId: 397559201,
    hash: 'c6e7421873d194f6b8d65ebbeb33c66ce1a898198c5cbe9374c9077a2bc15f49',
    isLiveEdit: false,
    sourceMapURL: 'app.js.map',
    hasSourceURL: true,
    isModule: true,
    length: 52079,
    scriptLanguage: 'JavaScript',
    embedderName: 'app.js'
  }
}
---

--- 2024-09-18T05:22:50.462Z debug
[InspectorProxyWorker] RUNTIME INCOMING MESSAGE {
  id: 100000015,
  result: { debuggerId: '-1608137161616960493.-6966789429962548103' }
}
---

--- 2024-09-18T05:22:50.464Z debug
[InspectorProxyWorker] RUNTIME INCOMING MESSAGE { id: 100000016, method: 'Network.enable', result: {} }
---

--- 2024-09-18T05:23:00.454Z debug
[InspectorProxyWorker] SEND TO RUNTIME {"method":"Runtime.getIsolateId","id":100000017}
---

--- 2024-09-18T05:23:00.456Z debug
[InspectorProxyWorker] RUNTIME INCOMING MESSAGE { id: 100000017, result: { id: '3de0a1193df48b9' } }
---

--- 2024-09-18T05:23:10.410Z log
[2m⎔ Reloading local server...[22m
---

--- 2024-09-18T05:23:10.423Z debug
[InspectorProxyWorker] handleProxyControllerIncomingMessage {"type":"reloadStart"}
---

--- 2024-09-18T05:23:10.425Z debug
[InspectorProxyWorker] SEND TO RUNTIME {"method":"Runtime.discardConsoleEntries","id":100000018}
---

--- 2024-09-18T05:23:10.434Z debug
[InspectorProxyWorker] RUNTIME INCOMING MESSAGE { id: 100000018, result: {} }
---

--- 2024-09-18T05:23:10.452Z debug
[InspectorProxyWorker] SEND TO RUNTIME {"method":"Runtime.getIsolateId","id":100000019}
---

--- 2024-09-18T05:23:10.453Z debug
[InspectorProxyWorker] RUNTIME WEBSOCKET CLOSED 1006 WebSocket disconnected without sending Close frame.
---

--- 2024-09-18T05:23:10.521Z debug
[InspectorProxyWorker] handleProxyControllerIncomingMessage {"type":"reloadComplete","proxyData":{"userWorkerUrl":{"protocol":"http:","hostname":"127.0.0.1","port":"46279"},"userWorkerInspectorUrl":{"protocol":"ws:","hostname":"127.0.0.1","port":"41793","pathname":"/core:user:server"},"userWorkerInnerUrlOverrides":{"protocol":"http"},"headers":{"MF-Proxy-Shared-Secret":"c7b69259-fa3a-4631-a4c2-42eb28a2d9d2"},"liveReload":false,"proxyLogsToController":false,"internalDurableObjects":[],"entrypointAddresses":{"__INTERNAL_WRANGLER_MIDDLEWARE__":{"host":"127.0.0.1","port":37083},"default":{"host":"127.0.0.1","port":40521}}}}
---

--- 2024-09-18T05:23:10.523Z debug
[InspectorProxyWorker] reconnectRuntimeWebSocket
---

--- 2024-09-18T05:23:10.524Z debug
[InspectorProxyWorker] NEW RUNTIME WEBSOCKET http://127.0.0.1:41793/core:user:server
---

--- 2024-09-18T05:23:10.525Z debug
[InspectorProxyWorker] RUNTIME WEBSOCKET OPENED
---

--- 2024-09-18T05:23:10.525Z debug
[InspectorProxyWorker] SEND TO DEVTOOLS {"method":"Runtime.executionContextsCleared"}
---

--- 2024-09-18T05:23:10.526Z debug
[InspectorProxyWorker] SEND TO RUNTIME {"method":"Runtime.enable","id":100000020}
---

--- 2024-09-18T05:23:10.527Z debug
[InspectorProxyWorker] RUNTIME INCOMING MESSAGE {
  method: 'Debugger.scriptParsed',
  params: {
    scriptId: '3',
    url: 'file:///home/yogix/Projects/Echozy/server/.wrangler/tmp/dev-ZCcqTb/app.js',
    startLine: 0,
    startColumn: 0,
    endLine: 1743,
    endColumn: 87,
    executionContextId: 36649857,
    hash: 'c6e7421873d194f6b8d65ebbeb33c66ce1a898198c5cbe9374c9077a2bc15f49',
    isLiveEdit: false,
    sourceMapURL: 'app.js.map',
    hasSourceURL: true,
    isModule: true,
    length: 52079,
    scriptLanguage: 'JavaScript',
    embedderName: 'app.js'
  }
}
---

--- 2024-09-18T05:23:10.528Z debug
[InspectorProxyWorker] RUNTIME INCOMING MESSAGE {
  id: 100000021,
  result: { debuggerId: '4596778978791739951.5932697293722003120' }
}
---

--- 2024-09-18T05:23:10.529Z debug
[InspectorProxyWorker] SEND TO RUNTIME {"method":"Debugger.enable","id":100000021}
---

--- 2024-09-18T05:23:10.532Z debug
[InspectorProxyWorker] RUNTIME INCOMING MESSAGE { id: 100000022, method: 'Network.enable', result: {} }
---

--- 2024-09-18T05:23:10.533Z debug
[InspectorProxyWorker] SEND TO RUNTIME {"method":"Network.enable","id":100000022}
---

--- 2024-09-18T05:23:10.534Z debug
[InspectorProxyWorker] RUNTIME INCOMING MESSAGE {
  method: 'Runtime.executionContextCreated',
  params: {
    context: {
      id: 36649857,
      origin: '',
      name: 'Worker',
      uniqueId: '-7186207051856237596.-6834730498126036693'
    }
  }
}
---

--- 2024-09-18T05:23:10.535Z debug
[InspectorProxyWorker] RUNTIME INCOMING MESSAGE { id: 100000020, result: {} }
---

--- 2024-09-18T05:23:18.591Z log
[2m⎔ Reloading local server...[22m
---

--- 2024-09-18T05:23:18.603Z debug
[InspectorProxyWorker] handleProxyControllerIncomingMessage {"type":"reloadStart"}
---

--- 2024-09-18T05:23:18.609Z debug
[InspectorProxyWorker] SEND TO RUNTIME {"method":"Runtime.discardConsoleEntries","id":100000023}
---

--- 2024-09-18T05:23:18.611Z debug
[InspectorProxyWorker] RUNTIME INCOMING MESSAGE { id: 100000023, result: {} }
---

--- 2024-09-18T05:23:18.612Z debug
[InspectorProxyWorker] RUNTIME WEBSOCKET CLOSED 1006 WebSocket disconnected without sending Close frame.
---

--- 2024-09-18T05:23:18.696Z debug
[InspectorProxyWorker] handleProxyControllerIncomingMessage {"type":"reloadComplete","proxyData":{"userWorkerUrl":{"protocol":"http:","hostname":"127.0.0.1","port":"35091"},"userWorkerInspectorUrl":{"protocol":"ws:","hostname":"127.0.0.1","port":"41793","pathname":"/core:user:server"},"userWorkerInnerUrlOverrides":{"protocol":"http"},"headers":{"MF-Proxy-Shared-Secret":"c7b69259-fa3a-4631-a4c2-42eb28a2d9d2"},"liveReload":false,"proxyLogsToController":false,"internalDurableObjects":[],"entrypointAddresses":{"__INTERNAL_WRANGLER_MIDDLEWARE__":{"host":"127.0.0.1","port":37083},"default":{"host":"127.0.0.1","port":40521}}}}
---

--- 2024-09-18T05:23:18.697Z debug
[InspectorProxyWorker] reconnectRuntimeWebSocket
---

--- 2024-09-18T05:23:18.698Z debug
[InspectorProxyWorker] NEW RUNTIME WEBSOCKET http://127.0.0.1:41793/core:user:server
---

--- 2024-09-18T05:23:18.699Z debug
[InspectorProxyWorker] RUNTIME WEBSOCKET OPENED
---

--- 2024-09-18T05:23:18.702Z debug
[InspectorProxyWorker] SEND TO DEVTOOLS {"method":"Runtime.executionContextsCleared"}
---

--- 2024-09-18T05:23:18.703Z debug
[InspectorProxyWorker] SEND TO RUNTIME {"method":"Runtime.enable","id":100000024}
---

--- 2024-09-18T05:23:18.704Z debug
[InspectorProxyWorker] RUNTIME INCOMING MESSAGE {
  method: 'Runtime.executionContextCreated',
  params: {
    context: {
      id: 20929473,
      origin: '',
      name: 'Worker',
      uniqueId: '-9221866141243717848.2830609328057035747'
    }
  }
}
---

--- 2024-09-18T05:23:18.705Z debug
[InspectorProxyWorker] RUNTIME INCOMING MESSAGE { id: 100000024, result: {} }
---

--- 2024-09-18T05:23:18.705Z debug
[InspectorProxyWorker] RUNTIME INCOMING MESSAGE {
  method: 'Debugger.scriptParsed',
  params: {
    scriptId: '3',
    url: 'file:///home/yogix/Projects/Echozy/server/.wrangler/tmp/dev-ZCcqTb/app.js',
    startLine: 0,
    startColumn: 0,
    endLine: 1743,
    endColumn: 87,
    executionContextId: 20929473,
    hash: 'c6e7421873d194f6b8d65ebbeb33c66ce1a898198c5cbe9374c9077a2bc15f49',
    isLiveEdit: false,
    sourceMapURL: 'app.js.map',
    hasSourceURL: true,
    isModule: true,
    length: 52079,
    scriptLanguage: 'JavaScript',
    embedderName: 'app.js'
  }
}
---

--- 2024-09-18T05:23:18.706Z debug
[InspectorProxyWorker] RUNTIME INCOMING MESSAGE {
  id: 100000025,
  result: { debuggerId: '-8226210067483909963.-4190101729204483512' }
}
---

--- 2024-09-18T05:23:18.706Z debug
[InspectorProxyWorker] SEND TO RUNTIME {"method":"Debugger.enable","id":100000025}
---

--- 2024-09-18T05:23:18.707Z debug
[InspectorProxyWorker] SEND TO RUNTIME {"method":"Network.enable","id":100000026}
---

--- 2024-09-18T05:23:18.708Z debug
[InspectorProxyWorker] RUNTIME INCOMING MESSAGE { id: 100000026, method: 'Network.enable', result: {} }
---

--- 2024-09-18T05:23:28.705Z debug
[InspectorProxyWorker] SEND TO RUNTIME {"method":"Runtime.getIsolateId","id":100000027}
---

--- 2024-09-18T05:23:28.707Z debug
[InspectorProxyWorker] RUNTIME INCOMING MESSAGE { id: 100000027, result: { id: '550ec1049b3cd25c' } }
---

--- 2024-09-18T05:23:38.708Z debug
[InspectorProxyWorker] SEND TO RUNTIME {"method":"Runtime.getIsolateId","id":100000028}
---

--- 2024-09-18T05:23:38.711Z debug
[InspectorProxyWorker] RUNTIME INCOMING MESSAGE { id: 100000028, result: { id: '550ec1049b3cd25c' } }
---

--- 2024-09-18T05:23:48.706Z debug
[InspectorProxyWorker] SEND TO RUNTIME {"method":"Runtime.getIsolateId","id":100000029}
---

--- 2024-09-18T05:23:48.711Z debug
[InspectorProxyWorker] RUNTIME INCOMING MESSAGE { id: 100000029, result: { id: '550ec1049b3cd25c' } }
---

--- 2024-09-18T05:23:58.705Z debug
[InspectorProxyWorker] SEND TO RUNTIME {"method":"Runtime.getIsolateId","id":100000030}
---

--- 2024-09-18T05:23:58.707Z debug
[InspectorProxyWorker] RUNTIME INCOMING MESSAGE { id: 100000030, result: { id: '550ec1049b3cd25c' } }
---

--- 2024-09-18T05:24:08.706Z debug
[InspectorProxyWorker] SEND TO RUNTIME {"method":"Runtime.getIsolateId","id":100000031}
---

--- 2024-09-18T05:24:08.708Z debug
[InspectorProxyWorker] RUNTIME INCOMING MESSAGE { id: 100000031, result: { id: '550ec1049b3cd25c' } }
---

--- 2024-09-18T05:24:18.707Z debug
[InspectorProxyWorker] SEND TO RUNTIME {"method":"Runtime.getIsolateId","id":100000032}
---

--- 2024-09-18T05:24:18.708Z debug
[InspectorProxyWorker] RUNTIME INCOMING MESSAGE { id: 100000032, result: { id: '550ec1049b3cd25c' } }
---

--- 2024-09-18T05:24:28.706Z debug
[InspectorProxyWorker] SEND TO RUNTIME {"method":"Runtime.getIsolateId","id":100000033}
---

--- 2024-09-18T05:24:28.709Z debug
[InspectorProxyWorker] RUNTIME INCOMING MESSAGE { id: 100000033, result: { id: '550ec1049b3cd25c' } }
---

--- 2024-09-18T05:24:38.704Z debug
[InspectorProxyWorker] SEND TO RUNTIME {"method":"Runtime.getIsolateId","id":100000034}
---

--- 2024-09-18T05:24:38.706Z debug
[InspectorProxyWorker] RUNTIME INCOMING MESSAGE { id: 100000034, result: { id: '550ec1049b3cd25c' } }
---

--- 2024-09-18T05:24:48.705Z debug
[InspectorProxyWorker] SEND TO RUNTIME {"method":"Runtime.getIsolateId","id":100000035}
---

--- 2024-09-18T05:24:48.706Z debug
[InspectorProxyWorker] RUNTIME INCOMING MESSAGE { id: 100000035, result: { id: '550ec1049b3cd25c' } }
---

--- 2024-09-18T05:24:58.704Z debug
[InspectorProxyWorker] SEND TO RUNTIME {"method":"Runtime.getIsolateId","id":100000036}
---

--- 2024-09-18T05:24:58.706Z debug
[InspectorProxyWorker] RUNTIME INCOMING MESSAGE { id: 100000036, result: { id: '550ec1049b3cd25c' } }
---

--- 2024-09-18T05:25:08.705Z debug
[InspectorProxyWorker] SEND TO RUNTIME {"method":"Runtime.getIsolateId","id":100000037}
---

--- 2024-09-18T05:25:08.707Z debug
[InspectorProxyWorker] RUNTIME INCOMING MESSAGE { id: 100000037, result: { id: '550ec1049b3cd25c' } }
---

--- 2024-09-18T05:25:18.704Z debug
[InspectorProxyWorker] SEND TO RUNTIME {"method":"Runtime.getIsolateId","id":100000038}
---

--- 2024-09-18T05:25:18.709Z debug
[InspectorProxyWorker] RUNTIME INCOMING MESSAGE { id: 100000038, result: { id: '550ec1049b3cd25c' } }
---

--- 2024-09-18T05:25:28.705Z debug
[InspectorProxyWorker] SEND TO RUNTIME {"method":"Runtime.getIsolateId","id":100000039}
---

--- 2024-09-18T05:25:28.708Z debug
[InspectorProxyWorker] RUNTIME INCOMING MESSAGE { id: 100000039, result: { id: '550ec1049b3cd25c' } }
---

--- 2024-09-18T05:25:38.706Z debug
[InspectorProxyWorker] SEND TO RUNTIME {"method":"Runtime.getIsolateId","id":100000040}
---

--- 2024-09-18T05:25:38.707Z debug
[InspectorProxyWorker] RUNTIME INCOMING MESSAGE { id: 100000040, result: { id: '550ec1049b3cd25c' } }
---

--- 2024-09-18T05:25:48.706Z debug
[InspectorProxyWorker] SEND TO RUNTIME {"method":"Runtime.getIsolateId","id":100000041}
---

--- 2024-09-18T05:25:48.708Z debug
[InspectorProxyWorker] RUNTIME INCOMING MESSAGE { id: 100000041, result: { id: '550ec1049b3cd25c' } }
---

--- 2024-09-18T05:25:58.703Z debug
[InspectorProxyWorker] SEND TO RUNTIME {"method":"Runtime.getIsolateId","id":100000042}
---

--- 2024-09-18T05:25:58.704Z debug
[InspectorProxyWorker] RUNTIME INCOMING MESSAGE { id: 100000042, result: { id: '550ec1049b3cd25c' } }
---

--- 2024-09-18T05:26:08.705Z debug
[InspectorProxyWorker] SEND TO RUNTIME {"method":"Runtime.getIsolateId","id":100000043}
---

--- 2024-09-18T05:26:08.708Z debug
[InspectorProxyWorker] RUNTIME INCOMING MESSAGE { id: 100000043, result: { id: '550ec1049b3cd25c' } }
---

--- 2024-09-18T05:26:18.705Z debug
[InspectorProxyWorker] SEND TO RUNTIME {"method":"Runtime.getIsolateId","id":100000044}
---

--- 2024-09-18T05:26:18.707Z debug
[InspectorProxyWorker] RUNTIME INCOMING MESSAGE { id: 100000044, result: { id: '550ec1049b3cd25c' } }
---

--- 2024-09-18T05:26:28.705Z debug
[InspectorProxyWorker] SEND TO RUNTIME {"method":"Runtime.getIsolateId","id":100000045}
---

--- 2024-09-18T05:26:28.707Z debug
[InspectorProxyWorker] RUNTIME INCOMING MESSAGE { id: 100000045, result: { id: '550ec1049b3cd25c' } }
---

--- 2024-09-18T05:26:38.703Z debug
[InspectorProxyWorker] SEND TO RUNTIME {"method":"Runtime.getIsolateId","id":100000046}
---

--- 2024-09-18T05:26:38.706Z debug
[InspectorProxyWorker] RUNTIME INCOMING MESSAGE { id: 100000046, result: { id: '550ec1049b3cd25c' } }
---

--- 2024-09-18T05:26:48.705Z debug
[InspectorProxyWorker] SEND TO RUNTIME {"method":"Runtime.getIsolateId","id":100000047}
---

--- 2024-09-18T05:26:48.706Z debug
[InspectorProxyWorker] RUNTIME INCOMING MESSAGE { id: 100000047, result: { id: '550ec1049b3cd25c' } }
---

--- 2024-09-18T05:26:58.705Z debug
[InspectorProxyWorker] SEND TO RUNTIME {"method":"Runtime.getIsolateId","id":100000048}
---

--- 2024-09-18T05:26:58.707Z debug
[InspectorProxyWorker] RUNTIME INCOMING MESSAGE { id: 100000048, result: { id: '550ec1049b3cd25c' } }
---

--- 2024-09-18T05:27:08.706Z debug
[InspectorProxyWorker] SEND TO RUNTIME {"method":"Runtime.getIsolateId","id":100000049}
---

--- 2024-09-18T05:27:08.708Z debug
[InspectorProxyWorker] RUNTIME INCOMING MESSAGE { id: 100000049, result: { id: '550ec1049b3cd25c' } }
---

--- 2024-09-18T05:27:18.705Z debug
[InspectorProxyWorker] SEND TO RUNTIME {"method":"Runtime.getIsolateId","id":100000050}
---

--- 2024-09-18T05:27:18.707Z debug
[InspectorProxyWorker] RUNTIME INCOMING MESSAGE { id: 100000050, result: { id: '550ec1049b3cd25c' } }
---

--- 2024-09-18T05:27:28.708Z debug
[InspectorProxyWorker] SEND TO RUNTIME {"method":"Runtime.getIsolateId","id":100000051}
---

--- 2024-09-18T05:27:28.709Z debug
[InspectorProxyWorker] RUNTIME INCOMING MESSAGE { id: 100000051, result: { id: '550ec1049b3cd25c' } }
---

--- 2024-09-18T05:27:38.705Z debug
[InspectorProxyWorker] SEND TO RUNTIME {"method":"Runtime.getIsolateId","id":100000052}
---

--- 2024-09-18T05:27:38.707Z debug
[InspectorProxyWorker] RUNTIME INCOMING MESSAGE { id: 100000052, result: { id: '550ec1049b3cd25c' } }
---

--- 2024-09-18T05:27:48.705Z debug
[InspectorProxyWorker] SEND TO RUNTIME {"method":"Runtime.getIsolateId","id":100000053}
---

--- 2024-09-18T05:27:48.706Z debug
[InspectorProxyWorker] RUNTIME INCOMING MESSAGE { id: 100000053, result: { id: '550ec1049b3cd25c' } }
---

--- 2024-09-18T05:27:58.705Z debug
[InspectorProxyWorker] SEND TO RUNTIME {"method":"Runtime.getIsolateId","id":100000054}
---

--- 2024-09-18T05:27:58.706Z debug
[InspectorProxyWorker] RUNTIME INCOMING MESSAGE { id: 100000054, result: { id: '550ec1049b3cd25c' } }
---

--- 2024-09-18T05:28:08.704Z debug
[InspectorProxyWorker] SEND TO RUNTIME {"method":"Runtime.getIsolateId","id":100000055}
---

--- 2024-09-18T05:28:08.707Z debug
[InspectorProxyWorker] RUNTIME INCOMING MESSAGE { id: 100000055, result: { id: '550ec1049b3cd25c' } }
---

--- 2024-09-18T05:28:18.704Z debug
[InspectorProxyWorker] SEND TO RUNTIME {"method":"Runtime.getIsolateId","id":100000056}
---

--- 2024-09-18T05:28:18.707Z debug
[InspectorProxyWorker] RUNTIME INCOMING MESSAGE { id: 100000056, result: { id: '550ec1049b3cd25c' } }
---

--- 2024-09-18T05:28:28.705Z debug
[InspectorProxyWorker] SEND TO RUNTIME {"method":"Runtime.getIsolateId","id":100000057}
---

--- 2024-09-18T05:28:28.708Z debug
[InspectorProxyWorker] RUNTIME INCOMING MESSAGE { id: 100000057, result: { id: '550ec1049b3cd25c' } }
---

--- 2024-09-18T05:28:38.706Z debug
[InspectorProxyWorker] SEND TO RUNTIME {"method":"Runtime.getIsolateId","id":100000058}
---

--- 2024-09-18T05:28:38.708Z debug
[InspectorProxyWorker] RUNTIME INCOMING MESSAGE { id: 100000058, result: { id: '550ec1049b3cd25c' } }
---

--- 2024-09-18T05:28:48.705Z debug
[InspectorProxyWorker] SEND TO RUNTIME {"method":"Runtime.getIsolateId","id":100000059}
---

--- 2024-09-18T05:28:48.706Z debug
[InspectorProxyWorker] RUNTIME INCOMING MESSAGE { id: 100000059, result: { id: '550ec1049b3cd25c' } }
---

--- 2024-09-18T05:28:58.705Z debug
[InspectorProxyWorker] SEND TO RUNTIME {"method":"Runtime.getIsolateId","id":100000060}
---

--- 2024-09-18T05:28:58.706Z debug
[InspectorProxyWorker] RUNTIME INCOMING MESSAGE { id: 100000060, result: { id: '550ec1049b3cd25c' } }
---

--- 2024-09-18T05:29:08.703Z debug
[InspectorProxyWorker] SEND TO RUNTIME {"method":"Runtime.getIsolateId","id":100000061}
---

--- 2024-09-18T05:29:08.706Z debug
[InspectorProxyWorker] RUNTIME INCOMING MESSAGE { id: 100000061, result: { id: '550ec1049b3cd25c' } }
---

--- 2024-09-18T05:29:18.705Z debug
[InspectorProxyWorker] SEND TO RUNTIME {"method":"Runtime.getIsolateId","id":100000062}
---

--- 2024-09-18T05:29:18.706Z debug
[InspectorProxyWorker] RUNTIME INCOMING MESSAGE { id: 100000062, result: { id: '550ec1049b3cd25c' } }
---

--- 2024-09-18T05:29:28.703Z debug
[InspectorProxyWorker] SEND TO RUNTIME {"method":"Runtime.getIsolateId","id":100000063}
---

--- 2024-09-18T05:29:28.704Z debug
[InspectorProxyWorker] RUNTIME INCOMING MESSAGE { id: 100000063, result: { id: '550ec1049b3cd25c' } }
---

--- 2024-09-18T05:29:38.707Z debug
[InspectorProxyWorker] SEND TO RUNTIME {"method":"Runtime.getIsolateId","id":100000064}
---

--- 2024-09-18T05:29:38.709Z debug
[InspectorProxyWorker] RUNTIME INCOMING MESSAGE { id: 100000064, result: { id: '550ec1049b3cd25c' } }
---

--- 2024-09-18T05:29:48.706Z debug
[InspectorProxyWorker] SEND TO RUNTIME {"method":"Runtime.getIsolateId","id":100000065}
---

--- 2024-09-18T05:29:48.708Z debug
[InspectorProxyWorker] RUNTIME INCOMING MESSAGE { id: 100000065, result: { id: '550ec1049b3cd25c' } }
---

--- 2024-09-18T05:29:58.704Z debug
[InspectorProxyWorker] SEND TO RUNTIME {"method":"Runtime.getIsolateId","id":100000066}
---

--- 2024-09-18T05:29:58.705Z debug
[InspectorProxyWorker] RUNTIME INCOMING MESSAGE { id: 100000066, result: { id: '550ec1049b3cd25c' } }
---

--- 2024-09-18T05:30:08.705Z debug
[InspectorProxyWorker] SEND TO RUNTIME {"method":"Runtime.getIsolateId","id":100000067}
---

--- 2024-09-18T05:30:08.706Z debug
[InspectorProxyWorker] RUNTIME INCOMING MESSAGE { id: 100000067, result: { id: '550ec1049b3cd25c' } }
---

--- 2024-09-18T05:30:18.704Z debug
[InspectorProxyWorker] SEND TO RUNTIME {"method":"Runtime.getIsolateId","id":100000068}
---

--- 2024-09-18T05:30:18.706Z debug
[InspectorProxyWorker] RUNTIME INCOMING MESSAGE { id: 100000068, result: { id: '550ec1049b3cd25c' } }
---

--- 2024-09-18T05:30:28.705Z debug
[InspectorProxyWorker] SEND TO RUNTIME {"method":"Runtime.getIsolateId","id":100000069}
---

--- 2024-09-18T05:30:28.706Z debug
[InspectorProxyWorker] RUNTIME INCOMING MESSAGE { id: 100000069, result: { id: '550ec1049b3cd25c' } }
---

--- 2024-09-18T05:30:38.704Z debug
[InspectorProxyWorker] SEND TO RUNTIME {"method":"Runtime.getIsolateId","id":100000070}
---

--- 2024-09-18T05:30:38.705Z debug
[InspectorProxyWorker] RUNTIME INCOMING MESSAGE { id: 100000070, result: { id: '550ec1049b3cd25c' } }
---

--- 2024-09-18T05:30:48.705Z debug
[InspectorProxyWorker] SEND TO RUNTIME {"method":"Runtime.getIsolateId","id":100000071}
---

--- 2024-09-18T05:30:48.707Z debug
[InspectorProxyWorker] RUNTIME INCOMING MESSAGE { id: 100000071, result: { id: '550ec1049b3cd25c' } }
---

--- 2024-09-18T05:30:58.705Z debug
[InspectorProxyWorker] SEND TO RUNTIME {"method":"Runtime.getIsolateId","id":100000072}
---

--- 2024-09-18T05:30:58.707Z debug
[InspectorProxyWorker] RUNTIME INCOMING MESSAGE { id: 100000072, result: { id: '550ec1049b3cd25c' } }
---

--- 2024-09-18T05:31:08.703Z debug
[InspectorProxyWorker] SEND TO RUNTIME {"method":"Runtime.getIsolateId","id":100000073}
---

--- 2024-09-18T05:31:08.705Z debug
[InspectorProxyWorker] RUNTIME INCOMING MESSAGE { id: 100000073, result: { id: '550ec1049b3cd25c' } }
---

--- 2024-09-18T05:31:18.704Z debug
[InspectorProxyWorker] SEND TO RUNTIME {"method":"Runtime.getIsolateId","id":100000074}
---

--- 2024-09-18T05:31:18.706Z debug
[InspectorProxyWorker] RUNTIME INCOMING MESSAGE { id: 100000074, result: { id: '550ec1049b3cd25c' } }
---

--- 2024-09-18T05:31:28.704Z debug
[InspectorProxyWorker] SEND TO RUNTIME {"method":"Runtime.getIsolateId","id":100000075}
---

--- 2024-09-18T05:31:28.706Z debug
[InspectorProxyWorker] RUNTIME INCOMING MESSAGE { id: 100000075, result: { id: '550ec1049b3cd25c' } }
---

--- 2024-09-18T05:31:38.704Z debug
[InspectorProxyWorker] SEND TO RUNTIME {"method":"Runtime.getIsolateId","id":100000076}
---

--- 2024-09-18T05:31:38.705Z debug
[InspectorProxyWorker] RUNTIME INCOMING MESSAGE { id: 100000076, result: { id: '550ec1049b3cd25c' } }
---

--- 2024-09-18T05:31:48.703Z debug
[InspectorProxyWorker] SEND TO RUNTIME {"method":"Runtime.getIsolateId","id":100000077}
---

--- 2024-09-18T05:31:48.705Z debug
[InspectorProxyWorker] RUNTIME INCOMING MESSAGE { id: 100000077, result: { id: '550ec1049b3cd25c' } }
---

--- 2024-09-18T05:31:58.704Z debug
[InspectorProxyWorker] SEND TO RUNTIME {"method":"Runtime.getIsolateId","id":100000078}
---

--- 2024-09-18T05:31:58.706Z debug
[InspectorProxyWorker] RUNTIME INCOMING MESSAGE { id: 100000078, result: { id: '550ec1049b3cd25c' } }
---

--- 2024-09-18T05:32:08.704Z debug
[InspectorProxyWorker] SEND TO RUNTIME {"method":"Runtime.getIsolateId","id":100000079}
---

--- 2024-09-18T05:32:08.705Z debug
[InspectorProxyWorker] RUNTIME INCOMING MESSAGE { id: 100000079, result: { id: '550ec1049b3cd25c' } }
---

--- 2024-09-18T05:32:18.704Z debug
[InspectorProxyWorker] SEND TO RUNTIME {"method":"Runtime.getIsolateId","id":100000080}
---

--- 2024-09-18T05:32:18.705Z debug
[InspectorProxyWorker] RUNTIME INCOMING MESSAGE { id: 100000080, result: { id: '550ec1049b3cd25c' } }
---

--- 2024-09-18T05:32:28.704Z debug
[InspectorProxyWorker] SEND TO RUNTIME {"method":"Runtime.getIsolateId","id":100000081}
---

--- 2024-09-18T05:32:28.705Z debug
[InspectorProxyWorker] RUNTIME INCOMING MESSAGE { id: 100000081, result: { id: '550ec1049b3cd25c' } }
---

--- 2024-09-18T05:32:38.704Z debug
[InspectorProxyWorker] SEND TO RUNTIME {"method":"Runtime.getIsolateId","id":100000082}
---

--- 2024-09-18T05:32:38.705Z debug
[InspectorProxyWorker] RUNTIME INCOMING MESSAGE { id: 100000082, result: { id: '550ec1049b3cd25c' } }
---

--- 2024-09-18T05:32:48.704Z debug
[InspectorProxyWorker] SEND TO RUNTIME {"method":"Runtime.getIsolateId","id":100000083}
---

--- 2024-09-18T05:32:48.706Z debug
[InspectorProxyWorker] RUNTIME INCOMING MESSAGE { id: 100000083, result: { id: '550ec1049b3cd25c' } }
---

--- 2024-09-18T05:32:58.705Z debug
[InspectorProxyWorker] SEND TO RUNTIME {"method":"Runtime.getIsolateId","id":100000084}
---

--- 2024-09-18T05:32:58.707Z debug
[InspectorProxyWorker] RUNTIME INCOMING MESSAGE { id: 100000084, result: { id: '550ec1049b3cd25c' } }
---

--- 2024-09-18T05:33:08.703Z debug
[InspectorProxyWorker] SEND TO RUNTIME {"method":"Runtime.getIsolateId","id":100000085}
---

--- 2024-09-18T05:33:08.705Z debug
[InspectorProxyWorker] RUNTIME INCOMING MESSAGE { id: 100000085, result: { id: '550ec1049b3cd25c' } }
---

--- 2024-09-18T05:33:18.707Z debug
[InspectorProxyWorker] SEND TO RUNTIME {"method":"Runtime.getIsolateId","id":100000086}
---

--- 2024-09-18T05:33:18.709Z debug
[InspectorProxyWorker] RUNTIME INCOMING MESSAGE { id: 100000086, result: { id: '550ec1049b3cd25c' } }
---

--- 2024-09-18T05:33:28.705Z debug
[InspectorProxyWorker] SEND TO RUNTIME {"method":"Runtime.getIsolateId","id":100000087}
---

--- 2024-09-18T05:33:28.707Z debug
[InspectorProxyWorker] RUNTIME INCOMING MESSAGE { id: 100000087, result: { id: '550ec1049b3cd25c' } }
---

--- 2024-09-18T05:33:38.704Z debug
[InspectorProxyWorker] SEND TO RUNTIME {"method":"Runtime.getIsolateId","id":100000088}
---

--- 2024-09-18T05:33:38.706Z debug
[InspectorProxyWorker] RUNTIME INCOMING MESSAGE { id: 100000088, result: { id: '550ec1049b3cd25c' } }
---

--- 2024-09-18T05:33:48.700Z debug
[InspectorProxyWorker] SEND TO RUNTIME {"method":"Runtime.getIsolateId","id":100000089}
---

--- 2024-09-18T05:33:48.703Z debug
[InspectorProxyWorker] RUNTIME INCOMING MESSAGE { id: 100000089, result: { id: '550ec1049b3cd25c' } }
---

--- 2024-09-18T05:33:58.704Z debug
[InspectorProxyWorker] SEND TO RUNTIME {"method":"Runtime.getIsolateId","id":100000090}
---

--- 2024-09-18T05:33:58.706Z debug
[InspectorProxyWorker] RUNTIME INCOMING MESSAGE { id: 100000090, result: { id: '550ec1049b3cd25c' } }
---

--- 2024-09-18T05:34:08.704Z debug
[InspectorProxyWorker] SEND TO RUNTIME {"method":"Runtime.getIsolateId","id":100000091}
---

--- 2024-09-18T05:34:08.705Z debug
[InspectorProxyWorker] RUNTIME INCOMING MESSAGE { id: 100000091, result: { id: '550ec1049b3cd25c' } }
---

--- 2024-09-18T05:34:18.704Z debug
[InspectorProxyWorker] SEND TO RUNTIME {"method":"Runtime.getIsolateId","id":100000092}
---

--- 2024-09-18T05:34:18.706Z debug
[InspectorProxyWorker] RUNTIME INCOMING MESSAGE { id: 100000092, result: { id: '550ec1049b3cd25c' } }
---

--- 2024-09-18T05:34:28.705Z debug
[InspectorProxyWorker] SEND TO RUNTIME {"method":"Runtime.getIsolateId","id":100000093}
---

--- 2024-09-18T05:34:28.707Z debug
[InspectorProxyWorker] RUNTIME INCOMING MESSAGE { id: 100000093, result: { id: '550ec1049b3cd25c' } }
---

--- 2024-09-18T05:34:38.706Z debug
[InspectorProxyWorker] SEND TO RUNTIME {"method":"Runtime.getIsolateId","id":100000094}
---

--- 2024-09-18T05:34:38.708Z debug
[InspectorProxyWorker] RUNTIME INCOMING MESSAGE { id: 100000094, result: { id: '550ec1049b3cd25c' } }
---

--- 2024-09-18T05:34:48.704Z debug
[InspectorProxyWorker] SEND TO RUNTIME {"method":"Runtime.getIsolateId","id":100000095}
---

--- 2024-09-18T05:34:48.706Z debug
[InspectorProxyWorker] RUNTIME INCOMING MESSAGE { id: 100000095, result: { id: '550ec1049b3cd25c' } }
---

--- 2024-09-18T05:34:58.706Z debug
[InspectorProxyWorker] SEND TO RUNTIME {"method":"Runtime.getIsolateId","id":100000096}
---

--- 2024-09-18T05:34:58.709Z debug
[InspectorProxyWorker] RUNTIME INCOMING MESSAGE { id: 100000096, result: { id: '550ec1049b3cd25c' } }
---

--- 2024-09-18T05:35:08.703Z debug
[InspectorProxyWorker] SEND TO RUNTIME {"method":"Runtime.getIsolateId","id":100000097}
---

--- 2024-09-18T05:35:08.706Z debug
[InspectorProxyWorker] RUNTIME INCOMING MESSAGE { id: 100000097, result: { id: '550ec1049b3cd25c' } }
---

--- 2024-09-18T05:35:18.705Z debug
[InspectorProxyWorker] SEND TO RUNTIME {"method":"Runtime.getIsolateId","id":100000098}
---

--- 2024-09-18T05:35:18.708Z debug
[InspectorProxyWorker] RUNTIME INCOMING MESSAGE { id: 100000098, result: { id: '550ec1049b3cd25c' } }
---

--- 2024-09-18T05:35:28.706Z debug
[InspectorProxyWorker] SEND TO RUNTIME {"method":"Runtime.getIsolateId","id":100000099}
---

--- 2024-09-18T05:35:28.707Z debug
[InspectorProxyWorker] RUNTIME INCOMING MESSAGE { id: 100000099, result: { id: '550ec1049b3cd25c' } }
---

--- 2024-09-18T05:35:38.705Z debug
[InspectorProxyWorker] SEND TO RUNTIME {"method":"Runtime.getIsolateId","id":100000100}
---

--- 2024-09-18T05:35:38.706Z debug
[InspectorProxyWorker] RUNTIME INCOMING MESSAGE { id: 100000100, result: { id: '550ec1049b3cd25c' } }
---

--- 2024-09-18T05:35:48.705Z debug
[InspectorProxyWorker] SEND TO RUNTIME {"method":"Runtime.getIsolateId","id":100000101}
---

--- 2024-09-18T05:35:48.707Z debug
[InspectorProxyWorker] RUNTIME INCOMING MESSAGE { id: 100000101, result: { id: '550ec1049b3cd25c' } }
---

--- 2024-09-18T05:35:58.706Z debug
[InspectorProxyWorker] SEND TO RUNTIME {"method":"Runtime.getIsolateId","id":100000102}
---

--- 2024-09-18T05:35:58.709Z debug
[InspectorProxyWorker] RUNTIME INCOMING MESSAGE { id: 100000102, result: { id: '550ec1049b3cd25c' } }
---

--- 2024-09-18T05:36:08.698Z debug
[InspectorProxyWorker] SEND TO RUNTIME {"method":"Runtime.getIsolateId","id":100000103}
---

--- 2024-09-18T05:36:08.699Z debug
[InspectorProxyWorker] RUNTIME INCOMING MESSAGE { id: 100000103, result: { id: '550ec1049b3cd25c' } }
---

--- 2024-09-18T05:36:18.705Z debug
[InspectorProxyWorker] SEND TO RUNTIME {"method":"Runtime.getIsolateId","id":100000104}
---

--- 2024-09-18T05:36:18.706Z debug
[InspectorProxyWorker] RUNTIME INCOMING MESSAGE { id: 100000104, result: { id: '550ec1049b3cd25c' } }
---

--- 2024-09-18T05:36:28.704Z debug
[InspectorProxyWorker] SEND TO RUNTIME {"method":"Runtime.getIsolateId","id":100000105}
---

--- 2024-09-18T05:36:28.710Z debug
[InspectorProxyWorker] RUNTIME INCOMING MESSAGE { id: 100000105, result: { id: '550ec1049b3cd25c' } }
---

--- 2024-09-18T05:36:38.705Z debug
[InspectorProxyWorker] SEND TO RUNTIME {"method":"Runtime.getIsolateId","id":100000106}
---

--- 2024-09-18T05:36:38.707Z debug
[InspectorProxyWorker] RUNTIME INCOMING MESSAGE { id: 100000106, result: { id: '550ec1049b3cd25c' } }
---

--- 2024-09-18T05:36:48.704Z debug
[InspectorProxyWorker] SEND TO RUNTIME {"method":"Runtime.getIsolateId","id":100000107}
---

--- 2024-09-18T05:36:48.705Z debug
[InspectorProxyWorker] RUNTIME INCOMING MESSAGE { id: 100000107, result: { id: '550ec1049b3cd25c' } }
---

--- 2024-09-18T05:36:58.705Z debug
[InspectorProxyWorker] SEND TO RUNTIME {"method":"Runtime.getIsolateId","id":100000108}
---

--- 2024-09-18T05:36:58.707Z debug
[InspectorProxyWorker] RUNTIME INCOMING MESSAGE { id: 100000108, result: { id: '550ec1049b3cd25c' } }
---

--- 2024-09-18T05:37:08.705Z debug
[InspectorProxyWorker] SEND TO RUNTIME {"method":"Runtime.getIsolateId","id":100000109}
---

--- 2024-09-18T05:37:08.711Z debug
[InspectorProxyWorker] RUNTIME INCOMING MESSAGE { id: 100000109, result: { id: '550ec1049b3cd25c' } }
---

--- 2024-09-18T05:37:18.705Z debug
[InspectorProxyWorker] SEND TO RUNTIME {"method":"Runtime.getIsolateId","id":100000110}
---

--- 2024-09-18T05:37:18.707Z debug
[InspectorProxyWorker] RUNTIME INCOMING MESSAGE { id: 100000110, result: { id: '550ec1049b3cd25c' } }
---

--- 2024-09-18T05:37:28.704Z debug
[InspectorProxyWorker] SEND TO RUNTIME {"method":"Runtime.getIsolateId","id":100000111}
---

--- 2024-09-18T05:37:28.707Z debug
[InspectorProxyWorker] RUNTIME INCOMING MESSAGE { id: 100000111, result: { id: '550ec1049b3cd25c' } }
---

--- 2024-09-18T05:37:38.705Z debug
[InspectorProxyWorker] SEND TO RUNTIME {"method":"Runtime.getIsolateId","id":100000112}
---

--- 2024-09-18T05:37:38.708Z debug
[InspectorProxyWorker] RUNTIME INCOMING MESSAGE { id: 100000112, result: { id: '550ec1049b3cd25c' } }
---

--- 2024-09-18T05:37:48.705Z debug
[InspectorProxyWorker] SEND TO RUNTIME {"method":"Runtime.getIsolateId","id":100000113}
---

--- 2024-09-18T05:37:48.706Z debug
[InspectorProxyWorker] RUNTIME INCOMING MESSAGE { id: 100000113, result: { id: '550ec1049b3cd25c' } }
---

--- 2024-09-18T05:37:58.705Z debug
[InspectorProxyWorker] SEND TO RUNTIME {"method":"Runtime.getIsolateId","id":100000114}
---

--- 2024-09-18T05:37:58.708Z debug
[InspectorProxyWorker] RUNTIME INCOMING MESSAGE { id: 100000114, result: { id: '550ec1049b3cd25c' } }
---

--- 2024-09-18T05:38:08.706Z debug
[InspectorProxyWorker] SEND TO RUNTIME {"method":"Runtime.getIsolateId","id":100000115}
---

--- 2024-09-18T05:38:08.709Z debug
[InspectorProxyWorker] RUNTIME INCOMING MESSAGE { id: 100000115, result: { id: '550ec1049b3cd25c' } }
---

--- 2024-09-18T05:38:18.709Z debug
[InspectorProxyWorker] SEND TO RUNTIME {"method":"Runtime.getIsolateId","id":100000116}
---

--- 2024-09-18T05:38:18.711Z debug
[InspectorProxyWorker] RUNTIME INCOMING MESSAGE { id: 100000116, result: { id: '550ec1049b3cd25c' } }
---

--- 2024-09-18T05:38:28.704Z debug
[InspectorProxyWorker] SEND TO RUNTIME {"method":"Runtime.getIsolateId","id":100000117}
---

--- 2024-09-18T05:38:28.706Z debug
[InspectorProxyWorker] RUNTIME INCOMING MESSAGE { id: 100000117, result: { id: '550ec1049b3cd25c' } }
---

--- 2024-09-18T05:38:38.705Z debug
[InspectorProxyWorker] SEND TO RUNTIME {"method":"Runtime.getIsolateId","id":100000118}
---

--- 2024-09-18T05:38:38.707Z debug
[InspectorProxyWorker] RUNTIME INCOMING MESSAGE { id: 100000118, result: { id: '550ec1049b3cd25c' } }
---

--- 2024-09-18T05:38:48.704Z debug
[InspectorProxyWorker] SEND TO RUNTIME {"method":"Runtime.getIsolateId","id":100000119}
---

--- 2024-09-18T05:38:48.707Z debug
[InspectorProxyWorker] RUNTIME INCOMING MESSAGE { id: 100000119, result: { id: '550ec1049b3cd25c' } }
---

--- 2024-09-18T05:38:58.704Z debug
[InspectorProxyWorker] SEND TO RUNTIME {"method":"Runtime.getIsolateId","id":100000120}
---

--- 2024-09-18T05:38:58.706Z debug
[InspectorProxyWorker] RUNTIME INCOMING MESSAGE { id: 100000120, result: { id: '550ec1049b3cd25c' } }
---

--- 2024-09-18T05:39:08.704Z debug
[InspectorProxyWorker] SEND TO RUNTIME {"method":"Runtime.getIsolateId","id":100000121}
---

--- 2024-09-18T05:39:08.705Z debug
[InspectorProxyWorker] RUNTIME INCOMING MESSAGE { id: 100000121, result: { id: '550ec1049b3cd25c' } }
---

--- 2024-09-18T05:39:18.706Z debug
[InspectorProxyWorker] SEND TO RUNTIME {"method":"Runtime.getIsolateId","id":100000122}
---

--- 2024-09-18T05:39:18.708Z debug
[InspectorProxyWorker] RUNTIME INCOMING MESSAGE { id: 100000122, result: { id: '550ec1049b3cd25c' } }
---

--- 2024-09-18T05:39:28.706Z debug
[InspectorProxyWorker] SEND TO RUNTIME {"method":"Runtime.getIsolateId","id":100000123}
---

--- 2024-09-18T05:39:28.709Z debug
[InspectorProxyWorker] RUNTIME INCOMING MESSAGE { id: 100000123, result: { id: '550ec1049b3cd25c' } }
---

--- 2024-09-18T05:39:38.705Z debug
[InspectorProxyWorker] SEND TO RUNTIME {"method":"Runtime.getIsolateId","id":100000124}
---

--- 2024-09-18T05:39:38.706Z debug
[InspectorProxyWorker] RUNTIME INCOMING MESSAGE { id: 100000124, result: { id: '550ec1049b3cd25c' } }
---

--- 2024-09-18T05:39:48.703Z debug
[InspectorProxyWorker] SEND TO RUNTIME {"method":"Runtime.getIsolateId","id":100000125}
---

--- 2024-09-18T05:39:48.704Z debug
[InspectorProxyWorker] RUNTIME INCOMING MESSAGE { id: 100000125, result: { id: '550ec1049b3cd25c' } }
---

--- 2024-09-18T05:39:58.704Z debug
[InspectorProxyWorker] SEND TO RUNTIME {"method":"Runtime.getIsolateId","id":100000126}
---

--- 2024-09-18T05:39:58.706Z debug
[InspectorProxyWorker] RUNTIME INCOMING MESSAGE { id: 100000126, result: { id: '550ec1049b3cd25c' } }
---

--- 2024-09-18T05:40:08.704Z debug
[InspectorProxyWorker] SEND TO RUNTIME {"method":"Runtime.getIsolateId","id":100000127}
---

--- 2024-09-18T05:40:08.705Z debug
[InspectorProxyWorker] RUNTIME INCOMING MESSAGE { id: 100000127, result: { id: '550ec1049b3cd25c' } }
---

--- 2024-09-18T05:40:18.704Z debug
[InspectorProxyWorker] SEND TO RUNTIME {"method":"Runtime.getIsolateId","id":100000128}
---

--- 2024-09-18T05:40:18.706Z debug
[InspectorProxyWorker] RUNTIME INCOMING MESSAGE { id: 100000128, result: { id: '550ec1049b3cd25c' } }
---

--- 2024-09-18T05:40:20.794Z log
[2m⎔ Reloading local server...[22m
---

--- 2024-09-18T05:40:20.837Z debug
[InspectorProxyWorker] handleProxyControllerIncomingMessage {"type":"reloadStart"}
---

--- 2024-09-18T05:40:20.838Z debug
[InspectorProxyWorker] SEND TO RUNTIME {"method":"Runtime.discardConsoleEntries","id":100000129}
---

--- 2024-09-18T05:40:20.838Z debug
[InspectorProxyWorker] RUNTIME INCOMING MESSAGE { id: 100000129, result: {} }
---

--- 2024-09-18T05:40:20.908Z debug
[InspectorProxyWorker] RUNTIME WEBSOCKET CLOSED 1006 WebSocket disconnected without sending Close frame.
---

--- 2024-09-18T05:40:21.340Z debug
[InspectorProxyWorker] handleProxyControllerIncomingMessage {"type":"reloadComplete","proxyData":{"userWorkerUrl":{"protocol":"http:","hostname":"127.0.0.1","port":"42833"},"userWorkerInspectorUrl":{"protocol":"ws:","hostname":"127.0.0.1","port":"41793","pathname":"/core:user:server"},"userWorkerInnerUrlOverrides":{"protocol":"http"},"headers":{"MF-Proxy-Shared-Secret":"c7b69259-fa3a-4631-a4c2-42eb28a2d9d2"},"liveReload":false,"proxyLogsToController":false,"internalDurableObjects":[],"entrypointAddresses":{"__INTERNAL_WRANGLER_MIDDLEWARE__":{"host":"127.0.0.1","port":37083},"default":{"host":"127.0.0.1","port":40521}}}}
---

--- 2024-09-18T05:40:21.345Z debug
[InspectorProxyWorker] reconnectRuntimeWebSocket
---

--- 2024-09-18T05:40:21.348Z debug
[InspectorProxyWorker] NEW RUNTIME WEBSOCKET http://127.0.0.1:41793/core:user:server
---

--- 2024-09-18T05:40:21.350Z debug
[InspectorProxyWorker] SEND TO DEVTOOLS {"method":"Runtime.executionContextsCleared"}
---

--- 2024-09-18T05:40:21.354Z debug
[InspectorProxyWorker] RUNTIME WEBSOCKET OPENED
---

--- 2024-09-18T05:40:21.357Z debug
[InspectorProxyWorker] SEND TO RUNTIME {"method":"Runtime.enable","id":100000130}
---

--- 2024-09-18T05:40:21.362Z debug
[InspectorProxyWorker] RUNTIME INCOMING MESSAGE {
  method: 'Runtime.executionContextCreated',
  params: {
    context: {
      id: 450471297,
      origin: '',
      name: 'Worker',
      uniqueId: '-5051283343233001517.5490385639934214709'
    }
  }
}
---

--- 2024-09-18T05:40:21.364Z debug
[InspectorProxyWorker] RUNTIME INCOMING MESSAGE { id: 100000130, result: {} }
---

--- 2024-09-18T05:40:21.365Z debug
[InspectorProxyWorker] RUNTIME INCOMING MESSAGE {
  method: 'Debugger.scriptParsed',
  params: {
    scriptId: '3',
    url: 'file:///home/yogix/Projects/Echozy/server/.wrangler/tmp/dev-ZCcqTb/app.js',
    startLine: 0,
    startColumn: 0,
    endLine: 1743,
    endColumn: 87,
    executionContextId: 450471297,
    hash: 'c6e7421873d194f6b8d65ebbeb33c66ce1a898198c5cbe9374c9077a2bc15f49',
    isLiveEdit: false,
    sourceMapURL: 'app.js.map',
    hasSourceURL: true,
    isModule: true,
    length: 52079,
    scriptLanguage: 'JavaScript',
    embedderName: 'app.js'
  }
}
---

--- 2024-09-18T05:40:21.367Z debug
[InspectorProxyWorker] RUNTIME INCOMING MESSAGE {
  id: 100000131,
  result: { debuggerId: '-9039235141786776194.-7859168177157768615' }
}
---

--- 2024-09-18T05:40:21.368Z debug
[InspectorProxyWorker] SEND TO RUNTIME {"method":"Debugger.enable","id":100000131}
---

--- 2024-09-18T05:40:21.379Z debug
[InspectorProxyWorker] SEND TO RUNTIME {"method":"Network.enable","id":100000132}
---

--- 2024-09-18T05:40:21.381Z debug
[InspectorProxyWorker] RUNTIME INCOMING MESSAGE { id: 100000132, method: 'Network.enable', result: {} }
---

--- 2024-09-18T05:40:31.347Z debug
[InspectorProxyWorker] SEND TO RUNTIME {"method":"Runtime.getIsolateId","id":100000133}
---

--- 2024-09-18T05:40:31.349Z debug
[InspectorProxyWorker] RUNTIME INCOMING MESSAGE { id: 100000133, result: { id: '3b15dfb56de6435a' } }
---

--- 2024-09-18T05:40:41.348Z debug
[InspectorProxyWorker] SEND TO RUNTIME {"method":"Runtime.getIsolateId","id":100000134}
---

--- 2024-09-18T05:40:41.350Z debug
[InspectorProxyWorker] RUNTIME INCOMING MESSAGE { id: 100000134, result: { id: '3b15dfb56de6435a' } }
---

--- 2024-09-18T05:40:51.349Z debug
[InspectorProxyWorker] SEND TO RUNTIME {"method":"Runtime.getIsolateId","id":100000135}
---

--- 2024-09-18T05:40:51.350Z debug
[InspectorProxyWorker] RUNTIME INCOMING MESSAGE { id: 100000135, result: { id: '3b15dfb56de6435a' } }
---

--- 2024-09-18T05:41:01.348Z debug
[InspectorProxyWorker] SEND TO RUNTIME {"method":"Runtime.getIsolateId","id":100000136}
---

--- 2024-09-18T05:41:01.350Z debug
[InspectorProxyWorker] RUNTIME INCOMING MESSAGE { id: 100000136, result: { id: '3b15dfb56de6435a' } }
---

--- 2024-09-18T05:41:11.347Z debug
[InspectorProxyWorker] SEND TO RUNTIME {"method":"Runtime.getIsolateId","id":100000137}
---

--- 2024-09-18T05:41:11.349Z debug
[InspectorProxyWorker] RUNTIME INCOMING MESSAGE { id: 100000137, result: { id: '3b15dfb56de6435a' } }
---

--- 2024-09-18T05:41:21.348Z debug
[InspectorProxyWorker] SEND TO RUNTIME {"method":"Runtime.getIsolateId","id":100000138}
---

--- 2024-09-18T05:41:21.350Z debug
[InspectorProxyWorker] RUNTIME INCOMING MESSAGE { id: 100000138, result: { id: '3b15dfb56de6435a' } }
---

--- 2024-09-18T05:41:31.349Z debug
[InspectorProxyWorker] SEND TO RUNTIME {"method":"Runtime.getIsolateId","id":100000139}
---

--- 2024-09-18T05:41:31.351Z debug
[InspectorProxyWorker] RUNTIME INCOMING MESSAGE { id: 100000139, result: { id: '3b15dfb56de6435a' } }
---

--- 2024-09-18T05:41:36.619Z log
[2m⎔ Reloading local server...[22m
---

--- 2024-09-18T05:41:36.642Z debug
[InspectorProxyWorker] handleProxyControllerIncomingMessage {"type":"reloadStart"}
---

--- 2024-09-18T05:41:36.654Z debug
[InspectorProxyWorker] SEND TO RUNTIME {"method":"Runtime.discardConsoleEntries","id":100000140}
---

--- 2024-09-18T05:41:36.655Z debug
[InspectorProxyWorker] RUNTIME INCOMING MESSAGE { id: 100000140, result: {} }
---

--- 2024-09-18T05:41:36.690Z debug
[InspectorProxyWorker] RUNTIME WEBSOCKET CLOSED 1006 WebSocket disconnected without sending Close frame.
---

--- 2024-09-18T05:41:36.812Z debug
[InspectorProxyWorker] handleProxyControllerIncomingMessage {"type":"reloadComplete","proxyData":{"userWorkerUrl":{"protocol":"http:","hostname":"127.0.0.1","port":"45761"},"userWorkerInspectorUrl":{"protocol":"ws:","hostname":"127.0.0.1","port":"41793","pathname":"/core:user:server"},"userWorkerInnerUrlOverrides":{"protocol":"http"},"headers":{"MF-Proxy-Shared-Secret":"c7b69259-fa3a-4631-a4c2-42eb28a2d9d2"},"liveReload":false,"proxyLogsToController":false,"internalDurableObjects":[],"entrypointAddresses":{"__INTERNAL_WRANGLER_MIDDLEWARE__":{"host":"127.0.0.1","port":37083},"default":{"host":"127.0.0.1","port":40521}}}}
---

--- 2024-09-18T05:41:36.813Z debug
[InspectorProxyWorker] reconnectRuntimeWebSocket
---

--- 2024-09-18T05:41:36.814Z debug
[InspectorProxyWorker] NEW RUNTIME WEBSOCKET http://127.0.0.1:41793/core:user:server
---

--- 2024-09-18T05:41:36.814Z debug
[InspectorProxyWorker] SEND TO DEVTOOLS {"method":"Runtime.executionContextsCleared"}
---

--- 2024-09-18T05:41:36.815Z debug
[InspectorProxyWorker] RUNTIME INCOMING MESSAGE {
  method: 'Runtime.executionContextCreated',
  params: {
    context: {
      id: 19278753,
      origin: '',
      name: 'Worker',
      uniqueId: '7470401718960484095.9154187421821045062'
    }
  }
}
---

--- 2024-09-18T05:41:36.816Z debug
[InspectorProxyWorker] RUNTIME WEBSOCKET OPENED
---

--- 2024-09-18T05:41:36.817Z debug
[InspectorProxyWorker] SEND TO RUNTIME {"method":"Runtime.enable","id":100000141}
---

--- 2024-09-18T05:41:36.818Z debug
[InspectorProxyWorker] RUNTIME INCOMING MESSAGE { id: 100000141, result: {} }
---

--- 2024-09-18T05:41:36.819Z debug
[InspectorProxyWorker] RUNTIME INCOMING MESSAGE {
  method: 'Debugger.scriptParsed',
  params: {
    scriptId: '3',
    url: 'file:///home/yogix/Projects/Echozy/server/.wrangler/tmp/dev-ZCcqTb/app.js',
    startLine: 0,
    startColumn: 0,
    endLine: 1743,
    endColumn: 87,
    executionContextId: 19278753,
    hash: 'c6e7421873d194f6b8d65ebbeb33c66ce1a898198c5cbe9374c9077a2bc15f49',
    isLiveEdit: false,
    sourceMapURL: 'app.js.map',
    hasSourceURL: true,
    isModule: true,
    length: 52079,
    scriptLanguage: 'JavaScript',
    embedderName: 'app.js'
  }
}
---

--- 2024-09-18T05:41:36.823Z debug
[InspectorProxyWorker] SEND TO RUNTIME {"method":"Debugger.enable","id":100000142}
---

--- 2024-09-18T05:41:36.824Z debug
[InspectorProxyWorker] RUNTIME INCOMING MESSAGE {
  id: 100000142,
  result: { debuggerId: '-160352665098446621.1972010400037051714' }
}
---

--- 2024-09-18T05:41:36.825Z debug
[InspectorProxyWorker] RUNTIME INCOMING MESSAGE { id: 100000143, method: 'Network.enable', result: {} }
---

--- 2024-09-18T05:41:36.825Z debug
[InspectorProxyWorker] SEND TO RUNTIME {"method":"Network.enable","id":100000143}
---

--- 2024-09-18T05:41:46.819Z debug
[InspectorProxyWorker] SEND TO RUNTIME {"method":"Runtime.getIsolateId","id":100000144}
---

--- 2024-09-18T05:41:46.820Z debug
[InspectorProxyWorker] RUNTIME INCOMING MESSAGE { id: 100000144, result: { id: '5c963fa742b058d7' } }
---

--- 2024-09-18T05:41:56.819Z debug
[InspectorProxyWorker] SEND TO RUNTIME {"method":"Runtime.getIsolateId","id":100000145}
---

--- 2024-09-18T05:41:56.820Z debug
[InspectorProxyWorker] RUNTIME INCOMING MESSAGE { id: 100000145, result: { id: '5c963fa742b058d7' } }
---

--- 2024-09-18T05:42:02.304Z log
[2m⎔ Reloading local server...[22m
---

--- 2024-09-18T05:42:02.319Z debug
[InspectorProxyWorker] handleProxyControllerIncomingMessage {"type":"reloadStart"}
---

--- 2024-09-18T05:42:02.325Z debug
[InspectorProxyWorker] SEND TO RUNTIME {"method":"Runtime.discardConsoleEntries","id":100000146}
---

--- 2024-09-18T05:42:02.326Z debug
[InspectorProxyWorker] RUNTIME INCOMING MESSAGE { id: 100000146, result: {} }
---

--- 2024-09-18T05:42:02.343Z debug
[InspectorProxyWorker] RUNTIME WEBSOCKET CLOSED 1006 WebSocket disconnected without sending Close frame.
---

--- 2024-09-18T05:42:02.419Z debug
[InspectorProxyWorker] RUNTIME INCOMING MESSAGE {
  method: 'Runtime.executionContextCreated',
  params: {
    context: {
      id: 34436961,
      origin: '',
      name: 'Worker',
      uniqueId: '-9067815601849696031.-2433428512378981420'
    }
  }
}
---

--- 2024-09-18T05:42:02.420Z debug
[InspectorProxyWorker] handleProxyControllerIncomingMessage {"type":"reloadComplete","proxyData":{"userWorkerUrl":{"protocol":"http:","hostname":"127.0.0.1","port":"32913"},"userWorkerInspectorUrl":{"protocol":"ws:","hostname":"127.0.0.1","port":"41793","pathname":"/core:user:server"},"userWorkerInnerUrlOverrides":{"protocol":"http"},"headers":{"MF-Proxy-Shared-Secret":"c7b69259-fa3a-4631-a4c2-42eb28a2d9d2"},"liveReload":false,"proxyLogsToController":false,"internalDurableObjects":[],"entrypointAddresses":{"__INTERNAL_WRANGLER_MIDDLEWARE__":{"host":"127.0.0.1","port":37083},"default":{"host":"127.0.0.1","port":40521}}}}
---

--- 2024-09-18T05:42:02.421Z debug
[InspectorProxyWorker] reconnectRuntimeWebSocket
---

--- 2024-09-18T05:42:02.422Z debug
[InspectorProxyWorker] NEW RUNTIME WEBSOCKET http://127.0.0.1:41793/core:user:server
---

--- 2024-09-18T05:42:02.423Z debug
[InspectorProxyWorker] RUNTIME INCOMING MESSAGE {
  id: 100000148,
  result: { debuggerId: '-481902507335262746.6703932166329632103' }
}
---

--- 2024-09-18T05:42:02.424Z debug
[InspectorProxyWorker] RUNTIME INCOMING MESSAGE {
  method: 'Debugger.scriptParsed',
  params: {
    scriptId: '3',
    url: 'file:///home/yogix/Projects/Echozy/server/.wrangler/tmp/dev-ZCcqTb/app.js',
    startLine: 0,
    startColumn: 0,
    endLine: 1743,
    endColumn: 87,
    executionContextId: 34436961,
    hash: 'c6e7421873d194f6b8d65ebbeb33c66ce1a898198c5cbe9374c9077a2bc15f49',
    isLiveEdit: false,
    sourceMapURL: 'app.js.map',
    hasSourceURL: true,
    isModule: true,
    length: 52079,
    scriptLanguage: 'JavaScript',
    embedderName: 'app.js'
  }
}
---

--- 2024-09-18T05:42:02.425Z debug
[InspectorProxyWorker] SEND TO DEVTOOLS {"method":"Runtime.executionContextsCleared"}
---

--- 2024-09-18T05:42:02.426Z debug
[InspectorProxyWorker] RUNTIME WEBSOCKET OPENED
---

--- 2024-09-18T05:42:02.427Z debug
[InspectorProxyWorker] SEND TO RUNTIME {"method":"Runtime.enable","id":100000147}
---

--- 2024-09-18T05:42:02.428Z debug
[InspectorProxyWorker] SEND TO RUNTIME {"method":"Debugger.enable","id":100000148}
---

--- 2024-09-18T05:42:02.431Z debug
[InspectorProxyWorker] SEND TO RUNTIME {"method":"Network.enable","id":100000149}
---

--- 2024-09-18T05:42:02.432Z debug
[InspectorProxyWorker] RUNTIME INCOMING MESSAGE { id: 100000147, result: {} }
---

--- 2024-09-18T05:42:02.433Z debug
[InspectorProxyWorker] RUNTIME INCOMING MESSAGE { id: 100000149, method: 'Network.enable', result: {} }
---
