
--- 2024-09-22T06:43:32.642Z debug
🪵  Writing logs to "/home/yogix/.config/.wrangler/logs/wrangler-2024-09-22_06-43-32_514.log"
---

--- 2024-09-22T06:43:32.642Z debug
Failed to load .env file ".env": Error: ENOENT: no such file or directory, open '.env'
    at Object.openSync (node:fs:573:18)
    at Object.readFileSync (node:fs:452:35)
    at tryLoadDotEnv (/home/yogix/Projects/hono/serverless-api/node_modules/wrangler/wrangler-dist/cli.js:158093:72)
    at loadDotEnv (/home/yogix/Projects/hono/serverless-api/node_modules/wrangler/wrangler-dist/cli.js:158102:12)
    at /home/yogix/Projects/hono/serverless-api/node_modules/wrangler/wrangler-dist/cli.js:213632:20
    at /home/yogix/Projects/hono/serverless-api/node_modules/wrangler/wrangler-dist/cli.js:179343:16
    at maybeAsyncResult (/home/yogix/Projects/hono/serverless-api/node_modules/wrangler/wrangler-dist/cli.js:177564:44)
    at /home/yogix/Projects/hono/serverless-api/node_modules/wrangler/wrangler-dist/cli.js:179342:14
    at /home/yogix/Projects/hono/serverless-api/node_modules/wrangler/wrangler-dist/cli.js:177551:22
    at Array.reduce (<anonymous>) {
  errno: -2,
  code: 'ENOENT',
  syscall: 'open',
  path: '.env'
}
---

--- 2024-09-22T06:43:32.643Z debug
No experimental flag store instantiated
---

--- 2024-09-22T06:43:32.643Z debug
Attempted to use flag "JSON_CONFIG_FILE" which has not been instantiated
---

--- 2024-09-22T06:43:39.942Z log

 ⛅️ wrangler 3.78.7
[38;2;255;136;0m-------------------[39m

---

--- 2024-09-22T06:43:39.943Z debug
Checking if domain has Access enabled: dash.cloudflare.com
---

--- 2024-09-22T06:43:39.943Z debug
Access switch not cached for: dash.cloudflare.com
---

--- 2024-09-22T06:43:40.217Z debug
Caching access switch for: dash.cloudflare.com
---

--- 2024-09-22T06:43:41.110Z debug
Retrieving cached values for account from node_modules/.cache/wrangler
---

--- 2024-09-22T06:43:41.111Z debug
-- START CF API REQUEST: GET https://api.cloudflare.com/client/v4/accounts/40313f4271b0dd4ee88f2e24130d2140/d1/database?per_page=10&page=1
---

--- 2024-09-22T06:43:41.111Z debug
HEADERS: omitted; set WRANGLER_LOG_SANITIZE=false to include sanitized data
---

--- 2024-09-22T06:43:41.111Z debug
INIT: omitted; set WRANGLER_LOG_SANITIZE=false to include sanitized data
---

--- 2024-09-22T06:43:41.111Z debug
-- END CF API REQUEST
---

--- 2024-09-22T06:43:43.031Z debug
-- START CF API RESPONSE: OK 200
---

--- 2024-09-22T06:43:43.032Z debug
HEADERS: omitted; set WRANGLER_LOG_SANITIZE=false to include sanitized data
---

--- 2024-09-22T06:43:43.032Z debug
RESPONSE: omitted; set WRANGLER_LOG_SANITIZE=false to include sanitized data
---

--- 2024-09-22T06:43:43.032Z debug
-- END CF API RESPONSE
---

--- 2024-09-22T06:43:43.032Z log
About to delete DB 'd1-database' (afc00725-a284-46b3-83ba-baf2c0e482d4).
---

--- 2024-09-22T06:43:45.098Z log
Deleting...
---

--- 2024-09-22T06:43:45.099Z debug
-- START CF API REQUEST: DELETE https://api.cloudflare.com/client/v4/accounts/40313f4271b0dd4ee88f2e24130d2140/d1/database/afc00725-a284-46b3-83ba-baf2c0e482d4
---

--- 2024-09-22T06:43:45.099Z debug
HEADERS: omitted; set WRANGLER_LOG_SANITIZE=false to include sanitized data
---

--- 2024-09-22T06:43:45.099Z debug
INIT: omitted; set WRANGLER_LOG_SANITIZE=false to include sanitized data
---

--- 2024-09-22T06:43:45.099Z debug
-- END CF API REQUEST
---

--- 2024-09-22T06:43:46.924Z debug
-- START CF API RESPONSE: OK 200
---

--- 2024-09-22T06:43:46.925Z debug
HEADERS: omitted; set WRANGLER_LOG_SANITIZE=false to include sanitized data
---

--- 2024-09-22T06:43:46.925Z debug
RESPONSE: omitted; set WRANGLER_LOG_SANITIZE=false to include sanitized data
---

--- 2024-09-22T06:43:46.925Z debug
-- END CF API RESPONSE
---

--- 2024-09-22T06:43:46.925Z log
Deleted 'd1-database' successfully.
---
