
--- 2024-09-20T06:33:30.912Z debug
🪵  Writing logs to "/home/yogix/.config/.wrangler/logs/wrangler-2024-09-20_06-33-22_784.log"
---

--- 2024-09-20T06:33:30.912Z log

 ⛅️ wrangler 3.78.3
[38;2;255;136;0m-------------------[39m

---

--- 2024-09-20T06:33:31.076Z debug
Failed to load .env file "/home/yogix/Projects/Echozy/server/.dev.vars": Error: ENOENT: no such file or directory, open '/home/yogix/Projects/Echozy/server/.dev.vars'
    at Object.openSync (node:fs:573:18)
    at Object.readFileSync (node:fs:452:35)
    at tryLoadDotEnv (/home/yogix/Projects/Echozy/server/node_modules/wrangler/wrangler-dist/cli.js:158087:72)
    at loadDotEnv (/home/yogix/Projects/Echozy/server/node_modules/wrangler/wrangler-dist/cli.js:158096:12)
    at getVarsForDev (/home/yogix/Projects/Echozy/server/node_modules/wrangler/wrangler-dist/cli.js:176452:18)
    at getBindings (/home/yogix/Projects/Echozy/server/node_modules/wrangler/wrangler-dist/cli.js:215191:10)
    at getResolvedBindings (/home/yogix/Projects/Echozy/server/node_modules/wrangler/wrangler-dist/cli.js:215061:20)
    at getBindingsAndLegacyAssetPaths (/home/yogix/Projects/Echozy/server/node_modules/wrangler/wrangler-dist/cli.js:215091:15)
    at getDevReactElement (/home/yogix/Projects/Echozy/server/node_modules/wrangler/wrangler-dist/cli.js:214685:46)
    at startDev (/home/yogix/Projects/Echozy/server/node_modules/wrangler/wrangler-dist/cli.js:214754:60) {
  errno: -2,
  code: 'ENOENT',
  syscall: 'open',
  path: '/home/yogix/Projects/Echozy/server/.dev.vars'
}
---

--- 2024-09-20T06:33:31.094Z debug
Metrics dispatcher: Dispatching disabled - would have sent {"type":"event","name":"run dev","properties":{"local":true,"usesTypeScript":true}}.
---

--- 2024-09-20T06:33:31.521Z log
[2m⎔ Starting local server...[22m
---

--- 2024-09-20T06:33:31.890Z debug
[InspectorProxyWorker] handleProxyControllerIncomingMessage {"type":"reloadStart"}
---

--- 2024-09-20T06:33:32.119Z debug
[InspectorProxyWorker] handleProxyControllerIncomingMessage {"type":"reloadComplete","proxyData":{"userWorkerUrl":{"protocol":"http:","hostname":"127.0.0.1","port":"46841"},"userWorkerInspectorUrl":{"protocol":"ws:","hostname":"127.0.0.1","port":"34145","pathname":"/core:user:server"},"userWorkerInnerUrlOverrides":{"protocol":"http"},"headers":{"MF-Proxy-Shared-Secret":"f448ca24-a858-43b7-80b4-630686ab588a"},"liveReload":false,"proxyLogsToController":false,"internalDurableObjects":[],"entrypointAddresses":{"__INTERNAL_WRANGLER_MIDDLEWARE__":{"host":"127.0.0.1","port":36823},"default":{"host":"127.0.0.1","port":36167}}}}
---

--- 2024-09-20T06:33:32.123Z debug
[InspectorProxyWorker] reconnectRuntimeWebSocket
---

--- 2024-09-20T06:33:32.129Z debug
[InspectorProxyWorker] RUNTIME INCOMING MESSAGE {
  method: 'Runtime.executionContextCreated',
  params: {
    context: {
      id: 53690945,
      origin: '',
      name: 'Worker',
      uniqueId: '2292750108282194197.4886939154367471567'
    }
  }
}
---

--- 2024-09-20T06:33:32.133Z debug
[InspectorProxyWorker] RUNTIME WEBSOCKET OPENED
---

--- 2024-09-20T06:33:32.135Z debug
[InspectorProxyWorker] NEW RUNTIME WEBSOCKET http://127.0.0.1:34145/core:user:server
---

--- 2024-09-20T06:33:32.141Z debug
[InspectorProxyWorker] RUNTIME INCOMING MESSAGE {
  method: 'Debugger.scriptParsed',
  params: {
    scriptId: '3',
    url: 'file:///home/yogix/Projects/Echozy/server/.wrangler/tmp/dev-MQqNBg/app.js',
    startLine: 0,
    startColumn: 0,
    endLine: 1743,
    endColumn: 87,
    executionContextId: 53690945,
    hash: '28c548970c3311cbefb4b4c56e6679689ab2ff21168477b125c9b08fa85e680a',
    isLiveEdit: false,
    sourceMapURL: 'app.js.map',
    hasSourceURL: true,
    isModule: true,
    length: 52079,
    scriptLanguage: 'JavaScript',
    embedderName: 'app.js'
  }
}
---

--- 2024-09-20T06:33:32.144Z debug
[InspectorProxyWorker] RUNTIME INCOMING MESSAGE {
  id: 100000002,
  result: { debuggerId: '-5310852642427622668.6784085723198797181' }
}
---

--- 2024-09-20T06:33:32.146Z debug
[InspectorProxyWorker] SEND TO DEVTOOLS {"method":"Runtime.executionContextsCleared"}
---

--- 2024-09-20T06:33:32.150Z debug
[InspectorProxyWorker] SEND TO RUNTIME {"method":"Runtime.enable","id":100000001}
---

--- 2024-09-20T06:33:32.154Z debug
[InspectorProxyWorker] SEND TO RUNTIME {"method":"Debugger.enable","id":100000002}
---

--- 2024-09-20T06:33:32.158Z debug
[InspectorProxyWorker] SEND TO RUNTIME {"method":"Network.enable","id":100000003}
---

--- 2024-09-20T06:33:32.163Z debug
[InspectorProxyWorker] RUNTIME INCOMING MESSAGE { id: 100000001, result: {} }
---

--- 2024-09-20T06:33:32.166Z debug
[InspectorProxyWorker] RUNTIME INCOMING MESSAGE { id: 100000003, method: 'Network.enable', result: {} }
---

--- 2024-09-20T06:33:42.124Z debug
[InspectorProxyWorker] SEND TO RUNTIME {"method":"Runtime.getIsolateId","id":100000004}
---

--- 2024-09-20T06:33:42.129Z debug
[InspectorProxyWorker] RUNTIME INCOMING MESSAGE { id: 100000004, result: { id: '428f5c7616e47cb1' } }
---

--- 2024-09-20T06:33:52.128Z debug
[InspectorProxyWorker] SEND TO RUNTIME {"method":"Runtime.getIsolateId","id":100000005}
---

--- 2024-09-20T06:33:52.132Z debug
[InspectorProxyWorker] RUNTIME INCOMING MESSAGE { id: 100000005, result: { id: '428f5c7616e47cb1' } }
---

--- 2024-09-20T06:34:02.133Z debug
[InspectorProxyWorker] SEND TO RUNTIME {"method":"Runtime.getIsolateId","id":100000006}
---

--- 2024-09-20T06:34:02.141Z debug
[InspectorProxyWorker] RUNTIME INCOMING MESSAGE { id: 100000006, result: { id: '428f5c7616e47cb1' } }
---

--- 2024-09-20T06:34:12.134Z debug
[InspectorProxyWorker] SEND TO RUNTIME {"method":"Runtime.getIsolateId","id":100000007}
---

--- 2024-09-20T06:34:12.141Z debug
[InspectorProxyWorker] RUNTIME INCOMING MESSAGE { id: 100000007, result: { id: '428f5c7616e47cb1' } }
---

--- 2024-09-20T06:34:22.125Z debug
[InspectorProxyWorker] SEND TO RUNTIME {"method":"Runtime.getIsolateId","id":100000008}
---

--- 2024-09-20T06:34:22.132Z debug
[InspectorProxyWorker] RUNTIME INCOMING MESSAGE { id: 100000008, result: { id: '428f5c7616e47cb1' } }
---

--- 2024-09-20T06:34:32.125Z debug
[InspectorProxyWorker] SEND TO RUNTIME {"method":"Runtime.getIsolateId","id":100000009}
---

--- 2024-09-20T06:34:32.130Z debug
[InspectorProxyWorker] RUNTIME INCOMING MESSAGE { id: 100000009, result: { id: '428f5c7616e47cb1' } }
---

--- 2024-09-20T06:34:42.122Z debug
[InspectorProxyWorker] SEND TO RUNTIME {"method":"Runtime.getIsolateId","id":100000010}
---

--- 2024-09-20T06:34:42.130Z debug
[InspectorProxyWorker] RUNTIME INCOMING MESSAGE { id: 100000010, result: { id: '428f5c7616e47cb1' } }
---

--- 2024-09-20T06:34:52.126Z debug
[InspectorProxyWorker] SEND TO RUNTIME {"method":"Runtime.getIsolateId","id":100000011}
---

--- 2024-09-20T06:34:52.131Z debug
[InspectorProxyWorker] RUNTIME INCOMING MESSAGE { id: 100000011, result: { id: '428f5c7616e47cb1' } }
---

--- 2024-09-20T06:35:02.127Z debug
[InspectorProxyWorker] SEND TO RUNTIME {"method":"Runtime.getIsolateId","id":100000012}
---

--- 2024-09-20T06:35:02.130Z debug
[InspectorProxyWorker] RUNTIME INCOMING MESSAGE { id: 100000012, result: { id: '428f5c7616e47cb1' } }
---

--- 2024-09-20T06:35:12.126Z debug
[InspectorProxyWorker] SEND TO RUNTIME {"method":"Runtime.getIsolateId","id":100000013}
---

--- 2024-09-20T06:35:12.130Z debug
[InspectorProxyWorker] RUNTIME INCOMING MESSAGE { id: 100000013, result: { id: '428f5c7616e47cb1' } }
---

--- 2024-09-20T06:35:22.127Z debug
[InspectorProxyWorker] SEND TO RUNTIME {"method":"Runtime.getIsolateId","id":100000014}
---

--- 2024-09-20T06:35:22.131Z debug
[InspectorProxyWorker] RUNTIME INCOMING MESSAGE { id: 100000014, result: { id: '428f5c7616e47cb1' } }
---

--- 2024-09-20T06:35:32.124Z debug
[InspectorProxyWorker] SEND TO RUNTIME {"method":"Runtime.getIsolateId","id":100000015}
---

--- 2024-09-20T06:35:32.127Z debug
[InspectorProxyWorker] RUNTIME INCOMING MESSAGE { id: 100000015, result: { id: '428f5c7616e47cb1' } }
---

--- 2024-09-20T06:35:42.125Z debug
[InspectorProxyWorker] SEND TO RUNTIME {"method":"Runtime.getIsolateId","id":100000016}
---

--- 2024-09-20T06:35:42.129Z debug
[InspectorProxyWorker] RUNTIME INCOMING MESSAGE { id: 100000016, result: { id: '428f5c7616e47cb1' } }
---

--- 2024-09-20T06:35:52.123Z debug
[InspectorProxyWorker] SEND TO RUNTIME {"method":"Runtime.getIsolateId","id":100000017}
---

--- 2024-09-20T06:35:52.129Z debug
[InspectorProxyWorker] RUNTIME INCOMING MESSAGE { id: 100000017, result: { id: '428f5c7616e47cb1' } }
---

--- 2024-09-20T06:36:02.126Z debug
[InspectorProxyWorker] SEND TO RUNTIME {"method":"Runtime.getIsolateId","id":100000018}
---

--- 2024-09-20T06:36:02.132Z debug
[InspectorProxyWorker] RUNTIME INCOMING MESSAGE { id: 100000018, result: { id: '428f5c7616e47cb1' } }
---

--- 2024-09-20T06:36:12.126Z debug
[InspectorProxyWorker] SEND TO RUNTIME {"method":"Runtime.getIsolateId","id":100000019}
---

--- 2024-09-20T06:36:12.128Z debug
[InspectorProxyWorker] RUNTIME INCOMING MESSAGE { id: 100000019, result: { id: '428f5c7616e47cb1' } }
---

--- 2024-09-20T06:36:22.125Z debug
[InspectorProxyWorker] SEND TO RUNTIME {"method":"Runtime.getIsolateId","id":100000020}
---

--- 2024-09-20T06:36:22.130Z debug
[InspectorProxyWorker] RUNTIME INCOMING MESSAGE { id: 100000020, result: { id: '428f5c7616e47cb1' } }
---

--- 2024-09-20T06:36:32.123Z debug
[InspectorProxyWorker] SEND TO RUNTIME {"method":"Runtime.getIsolateId","id":100000021}
---

--- 2024-09-20T06:36:32.126Z debug
[InspectorProxyWorker] RUNTIME INCOMING MESSAGE { id: 100000021, result: { id: '428f5c7616e47cb1' } }
---

--- 2024-09-20T06:36:42.122Z debug
[InspectorProxyWorker] SEND TO RUNTIME {"method":"Runtime.getIsolateId","id":100000022}
---

--- 2024-09-20T06:36:42.125Z debug
[InspectorProxyWorker] RUNTIME INCOMING MESSAGE { id: 100000022, result: { id: '428f5c7616e47cb1' } }
---

--- 2024-09-20T06:36:52.125Z debug
[InspectorProxyWorker] SEND TO RUNTIME {"method":"Runtime.getIsolateId","id":100000023}
---

--- 2024-09-20T06:36:52.130Z debug
[InspectorProxyWorker] RUNTIME INCOMING MESSAGE { id: 100000023, result: { id: '428f5c7616e47cb1' } }
---

--- 2024-09-20T06:37:02.122Z debug
[InspectorProxyWorker] SEND TO RUNTIME {"method":"Runtime.getIsolateId","id":100000024}
---

--- 2024-09-20T06:37:02.125Z debug
[InspectorProxyWorker] RUNTIME INCOMING MESSAGE { id: 100000024, result: { id: '428f5c7616e47cb1' } }
---

--- 2024-09-20T06:37:12.127Z debug
[InspectorProxyWorker] SEND TO RUNTIME {"method":"Runtime.getIsolateId","id":100000025}
---

--- 2024-09-20T06:37:12.136Z debug
[InspectorProxyWorker] RUNTIME INCOMING MESSAGE { id: 100000025, result: { id: '428f5c7616e47cb1' } }
---

--- 2024-09-20T06:37:22.127Z debug
[InspectorProxyWorker] SEND TO RUNTIME {"method":"Runtime.getIsolateId","id":100000026}
---

--- 2024-09-20T06:37:22.131Z debug
[InspectorProxyWorker] RUNTIME INCOMING MESSAGE { id: 100000026, result: { id: '428f5c7616e47cb1' } }
---

--- 2024-09-20T06:37:32.125Z debug
[InspectorProxyWorker] SEND TO RUNTIME {"method":"Runtime.getIsolateId","id":100000027}
---

--- 2024-09-20T06:37:32.129Z debug
[InspectorProxyWorker] RUNTIME INCOMING MESSAGE { id: 100000027, result: { id: '428f5c7616e47cb1' } }
---

--- 2024-09-20T06:37:42.128Z debug
[InspectorProxyWorker] SEND TO RUNTIME {"method":"Runtime.getIsolateId","id":100000028}
---

--- 2024-09-20T06:37:42.131Z debug
[InspectorProxyWorker] RUNTIME INCOMING MESSAGE { id: 100000028, result: { id: '428f5c7616e47cb1' } }
---

--- 2024-09-20T06:37:52.127Z debug
[InspectorProxyWorker] SEND TO RUNTIME {"method":"Runtime.getIsolateId","id":100000029}
---

--- 2024-09-20T06:37:52.131Z debug
[InspectorProxyWorker] RUNTIME INCOMING MESSAGE { id: 100000029, result: { id: '428f5c7616e47cb1' } }
---

--- 2024-09-20T06:38:02.132Z debug
[InspectorProxyWorker] SEND TO RUNTIME {"method":"Runtime.getIsolateId","id":100000030}
---

--- 2024-09-20T06:38:02.136Z debug
[InspectorProxyWorker] RUNTIME INCOMING MESSAGE { id: 100000030, result: { id: '428f5c7616e47cb1' } }
---

--- 2024-09-20T06:38:12.125Z debug
[InspectorProxyWorker] SEND TO RUNTIME {"method":"Runtime.getIsolateId","id":100000031}
---

--- 2024-09-20T06:38:12.129Z debug
[InspectorProxyWorker] RUNTIME INCOMING MESSAGE { id: 100000031, result: { id: '428f5c7616e47cb1' } }
---

--- 2024-09-20T06:38:22.126Z debug
[InspectorProxyWorker] SEND TO RUNTIME {"method":"Runtime.getIsolateId","id":100000032}
---

--- 2024-09-20T06:38:22.129Z debug
[InspectorProxyWorker] RUNTIME INCOMING MESSAGE { id: 100000032, result: { id: '428f5c7616e47cb1' } }
---

--- 2024-09-20T06:38:32.129Z debug
[InspectorProxyWorker] SEND TO RUNTIME {"method":"Runtime.getIsolateId","id":100000033}
---

--- 2024-09-20T06:38:32.132Z debug
[InspectorProxyWorker] RUNTIME INCOMING MESSAGE { id: 100000033, result: { id: '428f5c7616e47cb1' } }
---

--- 2024-09-20T06:38:42.122Z debug
[InspectorProxyWorker] SEND TO RUNTIME {"method":"Runtime.getIsolateId","id":100000034}
---

--- 2024-09-20T06:38:42.126Z debug
[InspectorProxyWorker] RUNTIME INCOMING MESSAGE { id: 100000034, result: { id: '428f5c7616e47cb1' } }
---

--- 2024-09-20T06:38:52.126Z debug
[InspectorProxyWorker] SEND TO RUNTIME {"method":"Runtime.getIsolateId","id":100000035}
---

--- 2024-09-20T06:38:52.130Z debug
[InspectorProxyWorker] RUNTIME INCOMING MESSAGE { id: 100000035, result: { id: '428f5c7616e47cb1' } }
---

--- 2024-09-20T06:39:02.123Z debug
[InspectorProxyWorker] SEND TO RUNTIME {"method":"Runtime.getIsolateId","id":100000036}
---

--- 2024-09-20T06:39:02.129Z debug
[InspectorProxyWorker] RUNTIME INCOMING MESSAGE { id: 100000036, result: { id: '428f5c7616e47cb1' } }
---

--- 2024-09-20T06:39:12.130Z debug
[InspectorProxyWorker] SEND TO RUNTIME {"method":"Runtime.getIsolateId","id":100000037}
---

--- 2024-09-20T06:39:12.134Z debug
[InspectorProxyWorker] RUNTIME INCOMING MESSAGE { id: 100000037, result: { id: '428f5c7616e47cb1' } }
---

--- 2024-09-20T06:39:22.127Z debug
[InspectorProxyWorker] SEND TO RUNTIME {"method":"Runtime.getIsolateId","id":100000038}
---

--- 2024-09-20T06:39:22.133Z debug
[InspectorProxyWorker] RUNTIME INCOMING MESSAGE { id: 100000038, result: { id: '428f5c7616e47cb1' } }
---

--- 2024-09-20T06:39:32.131Z debug
[InspectorProxyWorker] SEND TO RUNTIME {"method":"Runtime.getIsolateId","id":100000039}
---

--- 2024-09-20T06:39:32.140Z debug
[InspectorProxyWorker] RUNTIME INCOMING MESSAGE { id: 100000039, result: { id: '428f5c7616e47cb1' } }
---

--- 2024-09-20T06:39:42.125Z debug
[InspectorProxyWorker] SEND TO RUNTIME {"method":"Runtime.getIsolateId","id":100000040}
---

--- 2024-09-20T06:39:42.129Z debug
[InspectorProxyWorker] RUNTIME INCOMING MESSAGE { id: 100000040, result: { id: '428f5c7616e47cb1' } }
---

--- 2024-09-20T06:39:52.122Z debug
[InspectorProxyWorker] SEND TO RUNTIME {"method":"Runtime.getIsolateId","id":100000041}
---

--- 2024-09-20T06:39:52.130Z debug
[InspectorProxyWorker] RUNTIME INCOMING MESSAGE { id: 100000041, result: { id: '428f5c7616e47cb1' } }
---

--- 2024-09-20T06:40:02.126Z debug
[InspectorProxyWorker] SEND TO RUNTIME {"method":"Runtime.getIsolateId","id":100000042}
---

--- 2024-09-20T06:40:02.129Z debug
[InspectorProxyWorker] RUNTIME INCOMING MESSAGE { id: 100000042, result: { id: '428f5c7616e47cb1' } }
---

--- 2024-09-20T06:40:12.126Z debug
[InspectorProxyWorker] SEND TO RUNTIME {"method":"Runtime.getIsolateId","id":100000043}
---

--- 2024-09-20T06:40:12.130Z debug
[InspectorProxyWorker] RUNTIME INCOMING MESSAGE { id: 100000043, result: { id: '428f5c7616e47cb1' } }
---

--- 2024-09-20T06:40:22.126Z debug
[InspectorProxyWorker] SEND TO RUNTIME {"method":"Runtime.getIsolateId","id":100000044}
---

--- 2024-09-20T06:40:22.129Z debug
[InspectorProxyWorker] RUNTIME INCOMING MESSAGE { id: 100000044, result: { id: '428f5c7616e47cb1' } }
---

--- 2024-09-20T06:40:32.121Z debug
[InspectorProxyWorker] SEND TO RUNTIME {"method":"Runtime.getIsolateId","id":100000045}
---

--- 2024-09-20T06:40:32.130Z debug
[InspectorProxyWorker] RUNTIME INCOMING MESSAGE { id: 100000045, result: { id: '428f5c7616e47cb1' } }
---

--- 2024-09-20T06:40:42.124Z debug
[InspectorProxyWorker] SEND TO RUNTIME {"method":"Runtime.getIsolateId","id":100000046}
---

--- 2024-09-20T06:40:42.127Z debug
[InspectorProxyWorker] RUNTIME INCOMING MESSAGE { id: 100000046, result: { id: '428f5c7616e47cb1' } }
---

--- 2024-09-20T06:40:52.125Z debug
[InspectorProxyWorker] SEND TO RUNTIME {"method":"Runtime.getIsolateId","id":100000047}
---

--- 2024-09-20T06:40:52.128Z debug
[InspectorProxyWorker] RUNTIME INCOMING MESSAGE { id: 100000047, result: { id: '428f5c7616e47cb1' } }
---

--- 2024-09-20T06:41:02.126Z debug
[InspectorProxyWorker] SEND TO RUNTIME {"method":"Runtime.getIsolateId","id":100000048}
---

--- 2024-09-20T06:41:02.131Z debug
[InspectorProxyWorker] RUNTIME INCOMING MESSAGE { id: 100000048, result: { id: '428f5c7616e47cb1' } }
---

--- 2024-09-20T06:41:12.131Z debug
[InspectorProxyWorker] SEND TO RUNTIME {"method":"Runtime.getIsolateId","id":100000049}
---

--- 2024-09-20T06:41:12.134Z debug
[InspectorProxyWorker] RUNTIME INCOMING MESSAGE { id: 100000049, result: { id: '428f5c7616e47cb1' } }
---

--- 2024-09-20T06:41:22.124Z debug
[InspectorProxyWorker] SEND TO RUNTIME {"method":"Runtime.getIsolateId","id":100000050}
---

--- 2024-09-20T06:41:22.127Z debug
[InspectorProxyWorker] RUNTIME INCOMING MESSAGE { id: 100000050, result: { id: '428f5c7616e47cb1' } }
---

--- 2024-09-20T06:41:32.126Z debug
[InspectorProxyWorker] SEND TO RUNTIME {"method":"Runtime.getIsolateId","id":100000051}
---

--- 2024-09-20T06:41:32.131Z debug
[InspectorProxyWorker] RUNTIME INCOMING MESSAGE { id: 100000051, result: { id: '428f5c7616e47cb1' } }
---

--- 2024-09-20T06:41:42.121Z debug
[InspectorProxyWorker] SEND TO RUNTIME {"method":"Runtime.getIsolateId","id":100000052}
---

--- 2024-09-20T06:41:42.128Z debug
[InspectorProxyWorker] RUNTIME INCOMING MESSAGE { id: 100000052, result: { id: '428f5c7616e47cb1' } }
---

--- 2024-09-20T06:41:52.127Z debug
[InspectorProxyWorker] SEND TO RUNTIME {"method":"Runtime.getIsolateId","id":100000053}
---

--- 2024-09-20T06:41:52.133Z debug
[InspectorProxyWorker] RUNTIME INCOMING MESSAGE { id: 100000053, result: { id: '428f5c7616e47cb1' } }
---

--- 2024-09-20T06:42:02.126Z debug
[InspectorProxyWorker] SEND TO RUNTIME {"method":"Runtime.getIsolateId","id":100000054}
---

--- 2024-09-20T06:42:02.129Z debug
[InspectorProxyWorker] RUNTIME INCOMING MESSAGE { id: 100000054, result: { id: '428f5c7616e47cb1' } }
---

--- 2024-09-20T06:42:12.142Z debug
[InspectorProxyWorker] SEND TO RUNTIME {"method":"Runtime.getIsolateId","id":100000055}
---

--- 2024-09-20T06:42:12.146Z debug
[InspectorProxyWorker] RUNTIME INCOMING MESSAGE { id: 100000055, result: { id: '428f5c7616e47cb1' } }
---

--- 2024-09-20T06:42:22.122Z debug
[InspectorProxyWorker] SEND TO RUNTIME {"method":"Runtime.getIsolateId","id":100000056}
---

--- 2024-09-20T06:42:22.125Z debug
[InspectorProxyWorker] RUNTIME INCOMING MESSAGE { id: 100000056, result: { id: '428f5c7616e47cb1' } }
---

--- 2024-09-20T06:42:32.127Z debug
[InspectorProxyWorker] SEND TO RUNTIME {"method":"Runtime.getIsolateId","id":100000057}
---

--- 2024-09-20T06:42:32.130Z debug
[InspectorProxyWorker] RUNTIME INCOMING MESSAGE { id: 100000057, result: { id: '428f5c7616e47cb1' } }
---

--- 2024-09-20T06:42:42.126Z debug
[InspectorProxyWorker] SEND TO RUNTIME {"method":"Runtime.getIsolateId","id":100000058}
---

--- 2024-09-20T06:42:42.136Z debug
[InspectorProxyWorker] RUNTIME INCOMING MESSAGE { id: 100000058, result: { id: '428f5c7616e47cb1' } }
---

--- 2024-09-20T06:42:52.123Z debug
[InspectorProxyWorker] SEND TO RUNTIME {"method":"Runtime.getIsolateId","id":100000059}
---

--- 2024-09-20T06:42:52.127Z debug
[InspectorProxyWorker] RUNTIME INCOMING MESSAGE { id: 100000059, result: { id: '428f5c7616e47cb1' } }
---

--- 2024-09-20T06:43:02.126Z debug
[InspectorProxyWorker] SEND TO RUNTIME {"method":"Runtime.getIsolateId","id":100000060}
---

--- 2024-09-20T06:43:02.131Z debug
[InspectorProxyWorker] RUNTIME INCOMING MESSAGE { id: 100000060, result: { id: '428f5c7616e47cb1' } }
---

--- 2024-09-20T06:43:12.138Z debug
[InspectorProxyWorker] SEND TO RUNTIME {"method":"Runtime.getIsolateId","id":100000061}
---

--- 2024-09-20T06:43:12.142Z debug
[InspectorProxyWorker] RUNTIME INCOMING MESSAGE { id: 100000061, result: { id: '428f5c7616e47cb1' } }
---

--- 2024-09-20T06:43:22.131Z debug
[InspectorProxyWorker] SEND TO RUNTIME {"method":"Runtime.getIsolateId","id":100000062}
---

--- 2024-09-20T06:43:22.142Z debug
[InspectorProxyWorker] RUNTIME INCOMING MESSAGE { id: 100000062, result: { id: '428f5c7616e47cb1' } }
---

--- 2024-09-20T06:43:32.123Z debug
[InspectorProxyWorker] SEND TO RUNTIME {"method":"Runtime.getIsolateId","id":100000063}
---

--- 2024-09-20T06:43:32.128Z debug
[InspectorProxyWorker] RUNTIME INCOMING MESSAGE { id: 100000063, result: { id: '428f5c7616e47cb1' } }
---

--- 2024-09-20T06:43:42.130Z debug
[InspectorProxyWorker] SEND TO RUNTIME {"method":"Runtime.getIsolateId","id":100000064}
---

--- 2024-09-20T06:43:42.138Z debug
[InspectorProxyWorker] RUNTIME INCOMING MESSAGE { id: 100000064, result: { id: '428f5c7616e47cb1' } }
---

--- 2024-09-20T06:43:52.126Z debug
[InspectorProxyWorker] SEND TO RUNTIME {"method":"Runtime.getIsolateId","id":100000065}
---

--- 2024-09-20T06:43:52.129Z debug
[InspectorProxyWorker] RUNTIME INCOMING MESSAGE { id: 100000065, result: { id: '428f5c7616e47cb1' } }
---

--- 2024-09-20T06:44:02.122Z debug
[InspectorProxyWorker] SEND TO RUNTIME {"method":"Runtime.getIsolateId","id":100000066}
---

--- 2024-09-20T06:44:02.127Z debug
[InspectorProxyWorker] RUNTIME INCOMING MESSAGE { id: 100000066, result: { id: '428f5c7616e47cb1' } }
---

--- 2024-09-20T06:44:12.128Z debug
[InspectorProxyWorker] SEND TO RUNTIME {"method":"Runtime.getIsolateId","id":100000067}
---

--- 2024-09-20T06:44:12.131Z debug
[InspectorProxyWorker] RUNTIME INCOMING MESSAGE { id: 100000067, result: { id: '428f5c7616e47cb1' } }
---

--- 2024-09-20T06:44:22.134Z debug
[InspectorProxyWorker] SEND TO RUNTIME {"method":"Runtime.getIsolateId","id":100000068}
---

--- 2024-09-20T06:44:22.139Z debug
[InspectorProxyWorker] RUNTIME INCOMING MESSAGE { id: 100000068, result: { id: '428f5c7616e47cb1' } }
---

--- 2024-09-20T06:44:32.127Z debug
[InspectorProxyWorker] SEND TO RUNTIME {"method":"Runtime.getIsolateId","id":100000069}
---

--- 2024-09-20T06:44:32.130Z debug
[InspectorProxyWorker] RUNTIME INCOMING MESSAGE { id: 100000069, result: { id: '428f5c7616e47cb1' } }
---

--- 2024-09-20T06:44:42.125Z debug
[InspectorProxyWorker] SEND TO RUNTIME {"method":"Runtime.getIsolateId","id":100000070}
---

--- 2024-09-20T06:44:42.129Z debug
[InspectorProxyWorker] RUNTIME INCOMING MESSAGE { id: 100000070, result: { id: '428f5c7616e47cb1' } }
---

--- 2024-09-20T06:44:52.126Z debug
[InspectorProxyWorker] SEND TO RUNTIME {"method":"Runtime.getIsolateId","id":100000071}
---

--- 2024-09-20T06:44:52.129Z debug
[InspectorProxyWorker] RUNTIME INCOMING MESSAGE { id: 100000071, result: { id: '428f5c7616e47cb1' } }
---

--- 2024-09-20T06:45:02.122Z debug
[InspectorProxyWorker] SEND TO RUNTIME {"method":"Runtime.getIsolateId","id":100000072}
---

--- 2024-09-20T06:45:02.125Z debug
[InspectorProxyWorker] RUNTIME INCOMING MESSAGE { id: 100000072, result: { id: '428f5c7616e47cb1' } }
---

--- 2024-09-20T06:45:12.126Z debug
[InspectorProxyWorker] SEND TO RUNTIME {"method":"Runtime.getIsolateId","id":100000073}
---

--- 2024-09-20T06:45:12.129Z debug
[InspectorProxyWorker] RUNTIME INCOMING MESSAGE { id: 100000073, result: { id: '428f5c7616e47cb1' } }
---

--- 2024-09-20T06:45:22.121Z debug
[InspectorProxyWorker] SEND TO RUNTIME {"method":"Runtime.getIsolateId","id":100000074}
---

--- 2024-09-20T06:45:22.126Z debug
[InspectorProxyWorker] RUNTIME INCOMING MESSAGE { id: 100000074, result: { id: '428f5c7616e47cb1' } }
---

--- 2024-09-20T06:45:32.127Z debug
[InspectorProxyWorker] SEND TO RUNTIME {"method":"Runtime.getIsolateId","id":100000075}
---

--- 2024-09-20T06:45:32.135Z debug
[InspectorProxyWorker] RUNTIME INCOMING MESSAGE { id: 100000075, result: { id: '428f5c7616e47cb1' } }
---

--- 2024-09-20T06:45:42.132Z debug
[InspectorProxyWorker] SEND TO RUNTIME {"method":"Runtime.getIsolateId","id":100000076}
---

--- 2024-09-20T06:45:42.137Z debug
[InspectorProxyWorker] RUNTIME INCOMING MESSAGE { id: 100000076, result: { id: '428f5c7616e47cb1' } }
---

--- 2024-09-20T06:45:52.128Z debug
[InspectorProxyWorker] SEND TO RUNTIME {"method":"Runtime.getIsolateId","id":100000077}
---

--- 2024-09-20T06:45:52.133Z debug
[InspectorProxyWorker] RUNTIME INCOMING MESSAGE { id: 100000077, result: { id: '428f5c7616e47cb1' } }
---

--- 2024-09-20T06:46:02.126Z debug
[InspectorProxyWorker] SEND TO RUNTIME {"method":"Runtime.getIsolateId","id":100000078}
---

--- 2024-09-20T06:46:02.134Z debug
[InspectorProxyWorker] RUNTIME INCOMING MESSAGE { id: 100000078, result: { id: '428f5c7616e47cb1' } }
---

--- 2024-09-20T06:46:12.127Z debug
[InspectorProxyWorker] SEND TO RUNTIME {"method":"Runtime.getIsolateId","id":100000079}
---

--- 2024-09-20T06:46:12.132Z debug
[InspectorProxyWorker] RUNTIME INCOMING MESSAGE { id: 100000079, result: { id: '428f5c7616e47cb1' } }
---

--- 2024-09-20T06:46:22.124Z debug
[InspectorProxyWorker] SEND TO RUNTIME {"method":"Runtime.getIsolateId","id":100000080}
---

--- 2024-09-20T06:46:22.128Z debug
[InspectorProxyWorker] RUNTIME INCOMING MESSAGE { id: 100000080, result: { id: '428f5c7616e47cb1' } }
---

--- 2024-09-20T06:46:32.124Z debug
[InspectorProxyWorker] SEND TO RUNTIME {"method":"Runtime.getIsolateId","id":100000081}
---

--- 2024-09-20T06:46:32.128Z debug
[InspectorProxyWorker] RUNTIME INCOMING MESSAGE { id: 100000081, result: { id: '428f5c7616e47cb1' } }
---

--- 2024-09-20T06:46:42.128Z debug
[InspectorProxyWorker] SEND TO RUNTIME {"method":"Runtime.getIsolateId","id":100000082}
---

--- 2024-09-20T06:46:42.130Z debug
[InspectorProxyWorker] RUNTIME INCOMING MESSAGE { id: 100000082, result: { id: '428f5c7616e47cb1' } }
---

--- 2024-09-20T06:46:52.126Z debug
[InspectorProxyWorker] SEND TO RUNTIME {"method":"Runtime.getIsolateId","id":100000083}
---

--- 2024-09-20T06:46:52.130Z debug
[InspectorProxyWorker] RUNTIME INCOMING MESSAGE { id: 100000083, result: { id: '428f5c7616e47cb1' } }
---

--- 2024-09-20T06:47:02.131Z debug
[InspectorProxyWorker] SEND TO RUNTIME {"method":"Runtime.getIsolateId","id":100000084}
---

--- 2024-09-20T06:47:02.134Z debug
[InspectorProxyWorker] RUNTIME INCOMING MESSAGE { id: 100000084, result: { id: '428f5c7616e47cb1' } }
---

--- 2024-09-20T06:47:12.126Z debug
[InspectorProxyWorker] SEND TO RUNTIME {"method":"Runtime.getIsolateId","id":100000085}
---

--- 2024-09-20T06:47:12.129Z debug
[InspectorProxyWorker] RUNTIME INCOMING MESSAGE { id: 100000085, result: { id: '428f5c7616e47cb1' } }
---

--- 2024-09-20T06:47:22.125Z debug
[InspectorProxyWorker] SEND TO RUNTIME {"method":"Runtime.getIsolateId","id":100000086}
---

--- 2024-09-20T06:47:22.129Z debug
[InspectorProxyWorker] RUNTIME INCOMING MESSAGE { id: 100000086, result: { id: '428f5c7616e47cb1' } }
---

--- 2024-09-20T06:47:32.122Z debug
[InspectorProxyWorker] SEND TO RUNTIME {"method":"Runtime.getIsolateId","id":100000087}
---

--- 2024-09-20T06:47:32.129Z debug
[InspectorProxyWorker] RUNTIME INCOMING MESSAGE { id: 100000087, result: { id: '428f5c7616e47cb1' } }
---

--- 2024-09-20T06:47:42.125Z debug
[InspectorProxyWorker] SEND TO RUNTIME {"method":"Runtime.getIsolateId","id":100000088}
---

--- 2024-09-20T06:47:42.130Z debug
[InspectorProxyWorker] RUNTIME INCOMING MESSAGE { id: 100000088, result: { id: '428f5c7616e47cb1' } }
---

--- 2024-09-20T06:47:52.124Z debug
[InspectorProxyWorker] SEND TO RUNTIME {"method":"Runtime.getIsolateId","id":100000089}
---

--- 2024-09-20T06:47:52.127Z debug
[InspectorProxyWorker] RUNTIME INCOMING MESSAGE { id: 100000089, result: { id: '428f5c7616e47cb1' } }
---

--- 2024-09-20T06:48:02.124Z debug
[InspectorProxyWorker] SEND TO RUNTIME {"method":"Runtime.getIsolateId","id":100000090}
---

--- 2024-09-20T06:48:02.127Z debug
[InspectorProxyWorker] RUNTIME INCOMING MESSAGE { id: 100000090, result: { id: '428f5c7616e47cb1' } }
---

--- 2024-09-20T06:48:12.125Z debug
[InspectorProxyWorker] SEND TO RUNTIME {"method":"Runtime.getIsolateId","id":100000091}
---

--- 2024-09-20T06:48:12.128Z debug
[InspectorProxyWorker] RUNTIME INCOMING MESSAGE { id: 100000091, result: { id: '428f5c7616e47cb1' } }
---

--- 2024-09-20T06:48:22.129Z debug
[InspectorProxyWorker] SEND TO RUNTIME {"method":"Runtime.getIsolateId","id":100000092}
---

--- 2024-09-20T06:48:22.134Z debug
[InspectorProxyWorker] RUNTIME INCOMING MESSAGE { id: 100000092, result: { id: '428f5c7616e47cb1' } }
---

--- 2024-09-20T06:48:32.125Z debug
[InspectorProxyWorker] SEND TO RUNTIME {"method":"Runtime.getIsolateId","id":100000093}
---

--- 2024-09-20T06:48:32.128Z debug
[InspectorProxyWorker] RUNTIME INCOMING MESSAGE { id: 100000093, result: { id: '428f5c7616e47cb1' } }
---

--- 2024-09-20T06:48:42.119Z debug
[InspectorProxyWorker] SEND TO RUNTIME {"method":"Runtime.getIsolateId","id":100000094}
---

--- 2024-09-20T06:48:42.122Z debug
[InspectorProxyWorker] RUNTIME INCOMING MESSAGE { id: 100000094, result: { id: '428f5c7616e47cb1' } }
---

--- 2024-09-20T06:48:52.124Z debug
[InspectorProxyWorker] SEND TO RUNTIME {"method":"Runtime.getIsolateId","id":100000095}
---

--- 2024-09-20T06:48:52.127Z debug
[InspectorProxyWorker] RUNTIME INCOMING MESSAGE { id: 100000095, result: { id: '428f5c7616e47cb1' } }
---

--- 2024-09-20T06:49:02.128Z debug
[InspectorProxyWorker] SEND TO RUNTIME {"method":"Runtime.getIsolateId","id":100000096}
---

--- 2024-09-20T06:49:02.131Z debug
[InspectorProxyWorker] RUNTIME INCOMING MESSAGE { id: 100000096, result: { id: '428f5c7616e47cb1' } }
---

--- 2024-09-20T06:49:12.125Z debug
[InspectorProxyWorker] SEND TO RUNTIME {"method":"Runtime.getIsolateId","id":100000097}
---

--- 2024-09-20T06:49:12.133Z debug
[InspectorProxyWorker] RUNTIME INCOMING MESSAGE { id: 100000097, result: { id: '428f5c7616e47cb1' } }
---

--- 2024-09-20T06:49:22.125Z debug
[InspectorProxyWorker] SEND TO RUNTIME {"method":"Runtime.getIsolateId","id":100000098}
---

--- 2024-09-20T06:49:22.129Z debug
[InspectorProxyWorker] RUNTIME INCOMING MESSAGE { id: 100000098, result: { id: '428f5c7616e47cb1' } }
---

--- 2024-09-20T06:49:32.125Z debug
[InspectorProxyWorker] SEND TO RUNTIME {"method":"Runtime.getIsolateId","id":100000099}
---

--- 2024-09-20T06:49:32.128Z debug
[InspectorProxyWorker] RUNTIME INCOMING MESSAGE { id: 100000099, result: { id: '428f5c7616e47cb1' } }
---

--- 2024-09-20T06:49:42.126Z debug
[InspectorProxyWorker] SEND TO RUNTIME {"method":"Runtime.getIsolateId","id":100000100}
---

--- 2024-09-20T06:49:42.131Z debug
[InspectorProxyWorker] RUNTIME INCOMING MESSAGE { id: 100000100, result: { id: '428f5c7616e47cb1' } }
---

--- 2024-09-20T06:49:52.120Z debug
[InspectorProxyWorker] SEND TO RUNTIME {"method":"Runtime.getIsolateId","id":100000101}
---

--- 2024-09-20T06:49:52.123Z debug
[InspectorProxyWorker] RUNTIME INCOMING MESSAGE { id: 100000101, result: { id: '428f5c7616e47cb1' } }
---

--- 2024-09-20T06:50:02.124Z debug
[InspectorProxyWorker] SEND TO RUNTIME {"method":"Runtime.getIsolateId","id":100000102}
---

--- 2024-09-20T06:50:02.127Z debug
[InspectorProxyWorker] RUNTIME INCOMING MESSAGE { id: 100000102, result: { id: '428f5c7616e47cb1' } }
---

--- 2024-09-20T06:50:12.124Z debug
[InspectorProxyWorker] SEND TO RUNTIME {"method":"Runtime.getIsolateId","id":100000103}
---

--- 2024-09-20T06:50:12.127Z debug
[InspectorProxyWorker] RUNTIME INCOMING MESSAGE { id: 100000103, result: { id: '428f5c7616e47cb1' } }
---

--- 2024-09-20T06:50:22.128Z debug
[InspectorProxyWorker] SEND TO RUNTIME {"method":"Runtime.getIsolateId","id":100000104}
---

--- 2024-09-20T06:50:22.132Z debug
[InspectorProxyWorker] RUNTIME INCOMING MESSAGE { id: 100000104, result: { id: '428f5c7616e47cb1' } }
---

--- 2024-09-20T06:50:32.124Z debug
[InspectorProxyWorker] SEND TO RUNTIME {"method":"Runtime.getIsolateId","id":100000105}
---

--- 2024-09-20T06:50:32.128Z debug
[InspectorProxyWorker] RUNTIME INCOMING MESSAGE { id: 100000105, result: { id: '428f5c7616e47cb1' } }
---

--- 2024-09-20T06:50:42.124Z debug
[InspectorProxyWorker] SEND TO RUNTIME {"method":"Runtime.getIsolateId","id":100000106}
---

--- 2024-09-20T06:50:42.128Z debug
[InspectorProxyWorker] RUNTIME INCOMING MESSAGE { id: 100000106, result: { id: '428f5c7616e47cb1' } }
---

--- 2024-09-20T06:50:52.126Z debug
[InspectorProxyWorker] SEND TO RUNTIME {"method":"Runtime.getIsolateId","id":100000107}
---

--- 2024-09-20T06:50:52.139Z debug
[InspectorProxyWorker] RUNTIME INCOMING MESSAGE { id: 100000107, result: { id: '428f5c7616e47cb1' } }
---

--- 2024-09-20T06:51:02.126Z debug
[InspectorProxyWorker] SEND TO RUNTIME {"method":"Runtime.getIsolateId","id":100000108}
---

--- 2024-09-20T06:51:02.132Z debug
[InspectorProxyWorker] RUNTIME INCOMING MESSAGE { id: 100000108, result: { id: '428f5c7616e47cb1' } }
---

--- 2024-09-20T06:51:12.125Z debug
[InspectorProxyWorker] SEND TO RUNTIME {"method":"Runtime.getIsolateId","id":100000109}
---

--- 2024-09-20T06:51:12.130Z debug
[InspectorProxyWorker] RUNTIME INCOMING MESSAGE { id: 100000109, result: { id: '428f5c7616e47cb1' } }
---

--- 2024-09-20T06:51:22.129Z debug
[InspectorProxyWorker] SEND TO RUNTIME {"method":"Runtime.getIsolateId","id":100000110}
---

--- 2024-09-20T06:51:22.134Z debug
[InspectorProxyWorker] RUNTIME INCOMING MESSAGE { id: 100000110, result: { id: '428f5c7616e47cb1' } }
---

--- 2024-09-20T06:51:32.126Z debug
[InspectorProxyWorker] SEND TO RUNTIME {"method":"Runtime.getIsolateId","id":100000111}
---

--- 2024-09-20T06:51:32.129Z debug
[InspectorProxyWorker] RUNTIME INCOMING MESSAGE { id: 100000111, result: { id: '428f5c7616e47cb1' } }
---

--- 2024-09-20T06:51:42.125Z debug
[InspectorProxyWorker] SEND TO RUNTIME {"method":"Runtime.getIsolateId","id":100000112}
---

--- 2024-09-20T06:51:42.129Z debug
[InspectorProxyWorker] RUNTIME INCOMING MESSAGE { id: 100000112, result: { id: '428f5c7616e47cb1' } }
---

--- 2024-09-20T06:51:52.125Z debug
[InspectorProxyWorker] SEND TO RUNTIME {"method":"Runtime.getIsolateId","id":100000113}
---

--- 2024-09-20T06:51:52.128Z debug
[InspectorProxyWorker] RUNTIME INCOMING MESSAGE { id: 100000113, result: { id: '428f5c7616e47cb1' } }
---

--- 2024-09-20T06:52:02.130Z debug
[InspectorProxyWorker] SEND TO RUNTIME {"method":"Runtime.getIsolateId","id":100000114}
---

--- 2024-09-20T06:52:02.134Z debug
[InspectorProxyWorker] RUNTIME INCOMING MESSAGE { id: 100000114, result: { id: '428f5c7616e47cb1' } }
---

--- 2024-09-20T06:52:12.120Z debug
[InspectorProxyWorker] SEND TO RUNTIME {"method":"Runtime.getIsolateId","id":100000115}
---

--- 2024-09-20T06:52:12.123Z debug
[InspectorProxyWorker] RUNTIME INCOMING MESSAGE { id: 100000115, result: { id: '428f5c7616e47cb1' } }
---

--- 2024-09-20T06:52:22.126Z debug
[InspectorProxyWorker] SEND TO RUNTIME {"method":"Runtime.getIsolateId","id":100000116}
---

--- 2024-09-20T06:52:22.129Z debug
[InspectorProxyWorker] RUNTIME INCOMING MESSAGE { id: 100000116, result: { id: '428f5c7616e47cb1' } }
---

--- 2024-09-20T06:52:32.125Z debug
[InspectorProxyWorker] SEND TO RUNTIME {"method":"Runtime.getIsolateId","id":100000117}
---

--- 2024-09-20T06:52:32.127Z debug
[InspectorProxyWorker] RUNTIME INCOMING MESSAGE { id: 100000117, result: { id: '428f5c7616e47cb1' } }
---

--- 2024-09-20T06:52:42.122Z debug
[InspectorProxyWorker] SEND TO RUNTIME {"method":"Runtime.getIsolateId","id":100000118}
---

--- 2024-09-20T06:52:42.125Z debug
[InspectorProxyWorker] RUNTIME INCOMING MESSAGE { id: 100000118, result: { id: '428f5c7616e47cb1' } }
---

--- 2024-09-20T06:52:52.126Z debug
[InspectorProxyWorker] SEND TO RUNTIME {"method":"Runtime.getIsolateId","id":100000119}
---

--- 2024-09-20T06:52:52.129Z debug
[InspectorProxyWorker] RUNTIME INCOMING MESSAGE { id: 100000119, result: { id: '428f5c7616e47cb1' } }
---

--- 2024-09-20T06:53:02.126Z debug
[InspectorProxyWorker] SEND TO RUNTIME {"method":"Runtime.getIsolateId","id":100000120}
---

--- 2024-09-20T06:53:02.134Z debug
[InspectorProxyWorker] RUNTIME INCOMING MESSAGE { id: 100000120, result: { id: '428f5c7616e47cb1' } }
---

--- 2024-09-20T06:53:12.124Z debug
[InspectorProxyWorker] SEND TO RUNTIME {"method":"Runtime.getIsolateId","id":100000121}
---

--- 2024-09-20T06:53:12.126Z debug
[InspectorProxyWorker] RUNTIME INCOMING MESSAGE { id: 100000121, result: { id: '428f5c7616e47cb1' } }
---

--- 2024-09-20T06:53:22.120Z debug
[InspectorProxyWorker] SEND TO RUNTIME {"method":"Runtime.getIsolateId","id":100000122}
---

--- 2024-09-20T06:53:22.123Z debug
[InspectorProxyWorker] RUNTIME INCOMING MESSAGE { id: 100000122, result: { id: '428f5c7616e47cb1' } }
---

--- 2024-09-20T06:53:32.125Z debug
[InspectorProxyWorker] SEND TO RUNTIME {"method":"Runtime.getIsolateId","id":100000123}
---

--- 2024-09-20T06:53:32.127Z debug
[InspectorProxyWorker] RUNTIME INCOMING MESSAGE { id: 100000123, result: { id: '428f5c7616e47cb1' } }
---

--- 2024-09-20T06:53:42.125Z debug
[InspectorProxyWorker] SEND TO RUNTIME {"method":"Runtime.getIsolateId","id":100000124}
---

--- 2024-09-20T06:53:42.129Z debug
[InspectorProxyWorker] RUNTIME INCOMING MESSAGE { id: 100000124, result: { id: '428f5c7616e47cb1' } }
---

--- 2024-09-20T06:53:52.125Z debug
[InspectorProxyWorker] SEND TO RUNTIME {"method":"Runtime.getIsolateId","id":100000125}
---

--- 2024-09-20T06:53:52.130Z debug
[InspectorProxyWorker] RUNTIME INCOMING MESSAGE { id: 100000125, result: { id: '428f5c7616e47cb1' } }
---

--- 2024-09-20T06:54:02.124Z debug
[InspectorProxyWorker] SEND TO RUNTIME {"method":"Runtime.getIsolateId","id":100000126}
---

--- 2024-09-20T06:54:02.127Z debug
[InspectorProxyWorker] RUNTIME INCOMING MESSAGE { id: 100000126, result: { id: '428f5c7616e47cb1' } }
---

--- 2024-09-20T06:54:12.125Z debug
[InspectorProxyWorker] SEND TO RUNTIME {"method":"Runtime.getIsolateId","id":100000127}
---

--- 2024-09-20T06:54:12.133Z debug
[InspectorProxyWorker] RUNTIME INCOMING MESSAGE { id: 100000127, result: { id: '428f5c7616e47cb1' } }
---

--- 2024-09-20T06:54:22.124Z debug
[InspectorProxyWorker] SEND TO RUNTIME {"method":"Runtime.getIsolateId","id":100000128}
---

--- 2024-09-20T06:54:22.128Z debug
[InspectorProxyWorker] RUNTIME INCOMING MESSAGE { id: 100000128, result: { id: '428f5c7616e47cb1' } }
---

--- 2024-09-20T06:54:32.120Z debug
[InspectorProxyWorker] SEND TO RUNTIME {"method":"Runtime.getIsolateId","id":100000129}
---

--- 2024-09-20T06:54:32.123Z debug
[InspectorProxyWorker] RUNTIME INCOMING MESSAGE { id: 100000129, result: { id: '428f5c7616e47cb1' } }
---

--- 2024-09-20T06:54:42.125Z debug
[InspectorProxyWorker] SEND TO RUNTIME {"method":"Runtime.getIsolateId","id":100000130}
---

--- 2024-09-20T06:54:42.128Z debug
[InspectorProxyWorker] RUNTIME INCOMING MESSAGE { id: 100000130, result: { id: '428f5c7616e47cb1' } }
---

--- 2024-09-20T06:54:52.125Z debug
[InspectorProxyWorker] SEND TO RUNTIME {"method":"Runtime.getIsolateId","id":100000131}
---

--- 2024-09-20T06:54:52.128Z debug
[InspectorProxyWorker] RUNTIME INCOMING MESSAGE { id: 100000131, result: { id: '428f5c7616e47cb1' } }
---

--- 2024-09-20T06:55:02.127Z debug
[InspectorProxyWorker] SEND TO RUNTIME {"method":"Runtime.getIsolateId","id":100000132}
---

--- 2024-09-20T06:55:02.130Z debug
[InspectorProxyWorker] RUNTIME INCOMING MESSAGE { id: 100000132, result: { id: '428f5c7616e47cb1' } }
---

--- 2024-09-20T06:55:12.121Z debug
[InspectorProxyWorker] SEND TO RUNTIME {"method":"Runtime.getIsolateId","id":100000133}
---

--- 2024-09-20T06:55:12.124Z debug
[InspectorProxyWorker] RUNTIME INCOMING MESSAGE { id: 100000133, result: { id: '428f5c7616e47cb1' } }
---

--- 2024-09-20T06:55:22.125Z debug
[InspectorProxyWorker] SEND TO RUNTIME {"method":"Runtime.getIsolateId","id":100000134}
---

--- 2024-09-20T06:55:22.128Z debug
[InspectorProxyWorker] RUNTIME INCOMING MESSAGE { id: 100000134, result: { id: '428f5c7616e47cb1' } }
---

--- 2024-09-20T06:55:32.122Z debug
[InspectorProxyWorker] SEND TO RUNTIME {"method":"Runtime.getIsolateId","id":100000135}
---

--- 2024-09-20T06:55:32.133Z debug
[InspectorProxyWorker] RUNTIME INCOMING MESSAGE { id: 100000135, result: { id: '428f5c7616e47cb1' } }
---

--- 2024-09-20T06:55:42.121Z debug
[InspectorProxyWorker] SEND TO RUNTIME {"method":"Runtime.getIsolateId","id":100000136}
---

--- 2024-09-20T06:55:42.124Z debug
[InspectorProxyWorker] RUNTIME INCOMING MESSAGE { id: 100000136, result: { id: '428f5c7616e47cb1' } }
---

--- 2024-09-20T06:55:52.123Z debug
[InspectorProxyWorker] SEND TO RUNTIME {"method":"Runtime.getIsolateId","id":100000137}
---

--- 2024-09-20T06:55:52.126Z debug
[InspectorProxyWorker] RUNTIME INCOMING MESSAGE { id: 100000137, result: { id: '428f5c7616e47cb1' } }
---

--- 2024-09-20T06:56:02.125Z debug
[InspectorProxyWorker] SEND TO RUNTIME {"method":"Runtime.getIsolateId","id":100000138}
---

--- 2024-09-20T06:56:02.134Z debug
[InspectorProxyWorker] RUNTIME INCOMING MESSAGE { id: 100000138, result: { id: '428f5c7616e47cb1' } }
---

--- 2024-09-20T06:56:12.134Z debug
[InspectorProxyWorker] SEND TO RUNTIME {"method":"Runtime.getIsolateId","id":100000139}
---

--- 2024-09-20T06:56:12.138Z debug
[InspectorProxyWorker] RUNTIME INCOMING MESSAGE { id: 100000139, result: { id: '428f5c7616e47cb1' } }
---

--- 2024-09-20T06:56:22.126Z debug
[InspectorProxyWorker] SEND TO RUNTIME {"method":"Runtime.getIsolateId","id":100000140}
---

--- 2024-09-20T06:56:22.130Z debug
[InspectorProxyWorker] RUNTIME INCOMING MESSAGE { id: 100000140, result: { id: '428f5c7616e47cb1' } }
---

--- 2024-09-20T06:56:32.127Z debug
[InspectorProxyWorker] SEND TO RUNTIME {"method":"Runtime.getIsolateId","id":100000141}
---

--- 2024-09-20T06:56:32.130Z debug
[InspectorProxyWorker] RUNTIME INCOMING MESSAGE { id: 100000141, result: { id: '428f5c7616e47cb1' } }
---

--- 2024-09-20T06:56:42.122Z debug
[InspectorProxyWorker] SEND TO RUNTIME {"method":"Runtime.getIsolateId","id":100000142}
---

--- 2024-09-20T06:56:42.128Z debug
[InspectorProxyWorker] RUNTIME INCOMING MESSAGE { id: 100000142, result: { id: '428f5c7616e47cb1' } }
---

--- 2024-09-20T06:56:52.122Z debug
[InspectorProxyWorker] SEND TO RUNTIME {"method":"Runtime.getIsolateId","id":100000143}
---

--- 2024-09-20T06:56:52.125Z debug
[InspectorProxyWorker] RUNTIME INCOMING MESSAGE { id: 100000143, result: { id: '428f5c7616e47cb1' } }
---

--- 2024-09-20T06:57:02.121Z debug
[InspectorProxyWorker] SEND TO RUNTIME {"method":"Runtime.getIsolateId","id":100000144}
---

--- 2024-09-20T06:57:02.124Z debug
[InspectorProxyWorker] RUNTIME INCOMING MESSAGE { id: 100000144, result: { id: '428f5c7616e47cb1' } }
---

--- 2024-09-20T06:57:12.129Z debug
[InspectorProxyWorker] SEND TO RUNTIME {"method":"Runtime.getIsolateId","id":100000145}
---

--- 2024-09-20T06:57:12.134Z debug
[InspectorProxyWorker] RUNTIME INCOMING MESSAGE { id: 100000145, result: { id: '428f5c7616e47cb1' } }
---

--- 2024-09-20T06:57:22.126Z debug
[InspectorProxyWorker] SEND TO RUNTIME {"method":"Runtime.getIsolateId","id":100000146}
---

--- 2024-09-20T06:57:22.130Z debug
[InspectorProxyWorker] RUNTIME INCOMING MESSAGE { id: 100000146, result: { id: '428f5c7616e47cb1' } }
---

--- 2024-09-20T06:57:32.125Z debug
[InspectorProxyWorker] SEND TO RUNTIME {"method":"Runtime.getIsolateId","id":100000147}
---

--- 2024-09-20T06:57:32.130Z debug
[InspectorProxyWorker] RUNTIME INCOMING MESSAGE { id: 100000147, result: { id: '428f5c7616e47cb1' } }
---

--- 2024-09-20T06:57:42.121Z debug
[InspectorProxyWorker] SEND TO RUNTIME {"method":"Runtime.getIsolateId","id":100000148}
---

--- 2024-09-20T06:57:42.123Z debug
[InspectorProxyWorker] RUNTIME INCOMING MESSAGE { id: 100000148, result: { id: '428f5c7616e47cb1' } }
---

--- 2024-09-20T06:57:52.134Z debug
[InspectorProxyWorker] SEND TO RUNTIME {"method":"Runtime.getIsolateId","id":100000149}
---

--- 2024-09-20T06:57:52.139Z debug
[InspectorProxyWorker] RUNTIME INCOMING MESSAGE { id: 100000149, result: { id: '428f5c7616e47cb1' } }
---

--- 2024-09-20T06:58:02.122Z debug
[InspectorProxyWorker] SEND TO RUNTIME {"method":"Runtime.getIsolateId","id":100000150}
---

--- 2024-09-20T06:58:02.129Z debug
[InspectorProxyWorker] RUNTIME INCOMING MESSAGE { id: 100000150, result: { id: '428f5c7616e47cb1' } }
---

--- 2024-09-20T06:58:12.123Z debug
[InspectorProxyWorker] SEND TO RUNTIME {"method":"Runtime.getIsolateId","id":100000151}
---

--- 2024-09-20T06:58:12.125Z debug
[InspectorProxyWorker] RUNTIME INCOMING MESSAGE { id: 100000151, result: { id: '428f5c7616e47cb1' } }
---

--- 2024-09-20T06:58:22.123Z debug
[InspectorProxyWorker] SEND TO RUNTIME {"method":"Runtime.getIsolateId","id":100000152}
---

--- 2024-09-20T06:58:22.125Z debug
[InspectorProxyWorker] RUNTIME INCOMING MESSAGE { id: 100000152, result: { id: '428f5c7616e47cb1' } }
---

--- 2024-09-20T06:58:32.123Z debug
[InspectorProxyWorker] SEND TO RUNTIME {"method":"Runtime.getIsolateId","id":100000153}
---

--- 2024-09-20T06:58:32.130Z debug
[InspectorProxyWorker] RUNTIME INCOMING MESSAGE { id: 100000153, result: { id: '428f5c7616e47cb1' } }
---

--- 2024-09-20T06:58:42.121Z debug
[InspectorProxyWorker] SEND TO RUNTIME {"method":"Runtime.getIsolateId","id":100000154}
---

--- 2024-09-20T06:58:42.124Z debug
[InspectorProxyWorker] RUNTIME INCOMING MESSAGE { id: 100000154, result: { id: '428f5c7616e47cb1' } }
---

--- 2024-09-20T06:58:52.123Z debug
[InspectorProxyWorker] SEND TO RUNTIME {"method":"Runtime.getIsolateId","id":100000155}
---

--- 2024-09-20T06:58:52.126Z debug
[InspectorProxyWorker] RUNTIME INCOMING MESSAGE { id: 100000155, result: { id: '428f5c7616e47cb1' } }
---

--- 2024-09-20T06:59:02.134Z debug
[InspectorProxyWorker] SEND TO RUNTIME {"method":"Runtime.getIsolateId","id":100000156}
---

--- 2024-09-20T06:59:02.138Z debug
[InspectorProxyWorker] RUNTIME INCOMING MESSAGE { id: 100000156, result: { id: '428f5c7616e47cb1' } }
---

--- 2024-09-20T06:59:12.116Z debug
[InspectorProxyWorker] SEND TO RUNTIME {"method":"Runtime.getIsolateId","id":100000157}
---

--- 2024-09-20T06:59:12.120Z debug
[InspectorProxyWorker] RUNTIME INCOMING MESSAGE { id: 100000157, result: { id: '428f5c7616e47cb1' } }
---

--- 2024-09-20T06:59:22.121Z debug
[InspectorProxyWorker] SEND TO RUNTIME {"method":"Runtime.getIsolateId","id":100000158}
---

--- 2024-09-20T06:59:22.124Z debug
[InspectorProxyWorker] RUNTIME INCOMING MESSAGE { id: 100000158, result: { id: '428f5c7616e47cb1' } }
---

--- 2024-09-20T06:59:32.121Z debug
[InspectorProxyWorker] SEND TO RUNTIME {"method":"Runtime.getIsolateId","id":100000159}
---

--- 2024-09-20T06:59:32.125Z debug
[InspectorProxyWorker] RUNTIME INCOMING MESSAGE { id: 100000159, result: { id: '428f5c7616e47cb1' } }
---

--- 2024-09-20T06:59:42.119Z debug
[InspectorProxyWorker] SEND TO RUNTIME {"method":"Runtime.getIsolateId","id":100000160}
---

--- 2024-09-20T06:59:42.130Z debug
[InspectorProxyWorker] RUNTIME INCOMING MESSAGE { id: 100000160, result: { id: '428f5c7616e47cb1' } }
---

--- 2024-09-20T06:59:52.117Z debug
[InspectorProxyWorker] SEND TO RUNTIME {"method":"Runtime.getIsolateId","id":100000161}
---

--- 2024-09-20T06:59:52.120Z debug
[InspectorProxyWorker] RUNTIME INCOMING MESSAGE { id: 100000161, result: { id: '428f5c7616e47cb1' } }
---

--- 2024-09-20T07:00:02.118Z debug
[InspectorProxyWorker] SEND TO RUNTIME {"method":"Runtime.getIsolateId","id":100000162}
---

--- 2024-09-20T07:00:02.123Z debug
[InspectorProxyWorker] RUNTIME INCOMING MESSAGE { id: 100000162, result: { id: '428f5c7616e47cb1' } }
---

--- 2024-09-20T07:00:12.121Z debug
[InspectorProxyWorker] SEND TO RUNTIME {"method":"Runtime.getIsolateId","id":100000163}
---

--- 2024-09-20T07:00:12.124Z debug
[InspectorProxyWorker] RUNTIME INCOMING MESSAGE { id: 100000163, result: { id: '428f5c7616e47cb1' } }
---

--- 2024-09-20T07:00:22.115Z debug
[InspectorProxyWorker] SEND TO RUNTIME {"method":"Runtime.getIsolateId","id":100000164}
---

--- 2024-09-20T07:00:22.118Z debug
[InspectorProxyWorker] RUNTIME INCOMING MESSAGE { id: 100000164, result: { id: '428f5c7616e47cb1' } }
---

--- 2024-09-20T07:00:32.121Z debug
[InspectorProxyWorker] SEND TO RUNTIME {"method":"Runtime.getIsolateId","id":100000165}
---

--- 2024-09-20T07:00:32.125Z debug
[InspectorProxyWorker] RUNTIME INCOMING MESSAGE { id: 100000165, result: { id: '428f5c7616e47cb1' } }
---

--- 2024-09-20T07:00:42.120Z debug
[InspectorProxyWorker] SEND TO RUNTIME {"method":"Runtime.getIsolateId","id":100000166}
---

--- 2024-09-20T07:00:42.123Z debug
[InspectorProxyWorker] RUNTIME INCOMING MESSAGE { id: 100000166, result: { id: '428f5c7616e47cb1' } }
---

--- 2024-09-20T07:00:52.124Z debug
[InspectorProxyWorker] SEND TO RUNTIME {"method":"Runtime.getIsolateId","id":100000167}
---

--- 2024-09-20T07:00:52.156Z debug
[InspectorProxyWorker] RUNTIME INCOMING MESSAGE { id: 100000167, result: { id: '428f5c7616e47cb1' } }
---

--- 2024-09-20T07:01:02.145Z debug
[InspectorProxyWorker] SEND TO RUNTIME {"method":"Runtime.getIsolateId","id":100000168}
---

--- 2024-09-20T07:01:02.166Z debug
[InspectorProxyWorker] RUNTIME INCOMING MESSAGE { id: 100000168, result: { id: '428f5c7616e47cb1' } }
---

--- 2024-09-20T07:01:12.122Z debug
[InspectorProxyWorker] SEND TO RUNTIME {"method":"Runtime.getIsolateId","id":100000169}
---

--- 2024-09-20T07:01:12.127Z debug
[InspectorProxyWorker] RUNTIME INCOMING MESSAGE { id: 100000169, result: { id: '428f5c7616e47cb1' } }
---

--- 2024-09-20T07:01:22.120Z debug
[InspectorProxyWorker] SEND TO RUNTIME {"method":"Runtime.getIsolateId","id":100000170}
---

--- 2024-09-20T07:01:22.140Z debug
[InspectorProxyWorker] RUNTIME INCOMING MESSAGE { id: 100000170, result: { id: '428f5c7616e47cb1' } }
---

--- 2024-09-20T07:01:32.115Z debug
[InspectorProxyWorker] SEND TO RUNTIME {"method":"Runtime.getIsolateId","id":100000171}
---

--- 2024-09-20T07:01:32.119Z debug
[InspectorProxyWorker] RUNTIME INCOMING MESSAGE { id: 100000171, result: { id: '428f5c7616e47cb1' } }
---

--- 2024-09-20T07:01:42.129Z debug
[InspectorProxyWorker] SEND TO RUNTIME {"method":"Runtime.getIsolateId","id":100000172}
---

--- 2024-09-20T07:01:42.132Z debug
[InspectorProxyWorker] RUNTIME INCOMING MESSAGE { id: 100000172, result: { id: '428f5c7616e47cb1' } }
---

--- 2024-09-20T07:01:52.112Z debug
[InspectorProxyWorker] SEND TO RUNTIME {"method":"Runtime.getIsolateId","id":100000173}
---

--- 2024-09-20T07:01:52.118Z debug
[InspectorProxyWorker] RUNTIME INCOMING MESSAGE { id: 100000173, result: { id: '428f5c7616e47cb1' } }
---

--- 2024-09-20T07:02:02.119Z debug
[InspectorProxyWorker] SEND TO RUNTIME {"method":"Runtime.getIsolateId","id":100000174}
---

--- 2024-09-20T07:02:02.125Z debug
[InspectorProxyWorker] RUNTIME INCOMING MESSAGE { id: 100000174, result: { id: '428f5c7616e47cb1' } }
---

--- 2024-09-20T07:02:12.125Z debug
[InspectorProxyWorker] SEND TO RUNTIME {"method":"Runtime.getIsolateId","id":100000175}
---

--- 2024-09-20T07:02:12.132Z debug
[InspectorProxyWorker] RUNTIME INCOMING MESSAGE { id: 100000175, result: { id: '428f5c7616e47cb1' } }
---

--- 2024-09-20T07:02:22.123Z debug
[InspectorProxyWorker] SEND TO RUNTIME {"method":"Runtime.getIsolateId","id":100000176}
---

--- 2024-09-20T07:02:22.138Z debug
[InspectorProxyWorker] RUNTIME INCOMING MESSAGE { id: 100000176, result: { id: '428f5c7616e47cb1' } }
---

--- 2024-09-20T07:02:32.120Z debug
[InspectorProxyWorker] SEND TO RUNTIME {"method":"Runtime.getIsolateId","id":100000177}
---

--- 2024-09-20T07:02:32.122Z debug
[InspectorProxyWorker] RUNTIME INCOMING MESSAGE { id: 100000177, result: { id: '428f5c7616e47cb1' } }
---

--- 2024-09-20T07:02:42.115Z debug
[InspectorProxyWorker] SEND TO RUNTIME {"method":"Runtime.getIsolateId","id":100000178}
---

--- 2024-09-20T07:02:42.119Z debug
[InspectorProxyWorker] RUNTIME INCOMING MESSAGE { id: 100000178, result: { id: '428f5c7616e47cb1' } }
---

--- 2024-09-20T07:02:52.123Z debug
[InspectorProxyWorker] SEND TO RUNTIME {"method":"Runtime.getIsolateId","id":100000179}
---

--- 2024-09-20T07:02:52.143Z debug
[InspectorProxyWorker] RUNTIME INCOMING MESSAGE { id: 100000179, result: { id: '428f5c7616e47cb1' } }
---

--- 2024-09-20T07:03:02.114Z debug
[InspectorProxyWorker] SEND TO RUNTIME {"method":"Runtime.getIsolateId","id":100000180}
---

--- 2024-09-20T07:03:02.122Z debug
[InspectorProxyWorker] RUNTIME INCOMING MESSAGE { id: 100000180, result: { id: '428f5c7616e47cb1' } }
---

--- 2024-09-20T07:03:12.115Z debug
[InspectorProxyWorker] SEND TO RUNTIME {"method":"Runtime.getIsolateId","id":100000181}
---

--- 2024-09-20T07:03:12.117Z debug
[InspectorProxyWorker] RUNTIME INCOMING MESSAGE { id: 100000181, result: { id: '428f5c7616e47cb1' } }
---

--- 2024-09-20T07:03:22.119Z debug
[InspectorProxyWorker] SEND TO RUNTIME {"method":"Runtime.getIsolateId","id":100000182}
---

--- 2024-09-20T07:03:22.122Z debug
[InspectorProxyWorker] RUNTIME INCOMING MESSAGE { id: 100000182, result: { id: '428f5c7616e47cb1' } }
---

--- 2024-09-20T07:03:32.121Z debug
[InspectorProxyWorker] SEND TO RUNTIME {"method":"Runtime.getIsolateId","id":100000183}
---

--- 2024-09-20T07:03:32.135Z debug
[InspectorProxyWorker] RUNTIME INCOMING MESSAGE { id: 100000183, result: { id: '428f5c7616e47cb1' } }
---

--- 2024-09-20T07:03:42.134Z debug
[InspectorProxyWorker] SEND TO RUNTIME {"method":"Runtime.getIsolateId","id":100000184}
---

--- 2024-09-20T07:03:42.153Z debug
[InspectorProxyWorker] RUNTIME INCOMING MESSAGE { id: 100000184, result: { id: '428f5c7616e47cb1' } }
---

--- 2024-09-20T07:03:52.115Z debug
[InspectorProxyWorker] SEND TO RUNTIME {"method":"Runtime.getIsolateId","id":100000185}
---

--- 2024-09-20T07:03:52.117Z debug
[InspectorProxyWorker] RUNTIME INCOMING MESSAGE { id: 100000185, result: { id: '428f5c7616e47cb1' } }
---

--- 2024-09-20T07:04:02.150Z debug
[InspectorProxyWorker] SEND TO RUNTIME {"method":"Runtime.getIsolateId","id":100000186}
---

--- 2024-09-20T07:04:02.161Z debug
[InspectorProxyWorker] RUNTIME INCOMING MESSAGE { id: 100000186, result: { id: '428f5c7616e47cb1' } }
---

--- 2024-09-20T07:04:12.105Z debug
[InspectorProxyWorker] SEND TO RUNTIME {"method":"Runtime.getIsolateId","id":100000187}
---

--- 2024-09-20T07:04:12.107Z debug
[InspectorProxyWorker] RUNTIME INCOMING MESSAGE { id: 100000187, result: { id: '428f5c7616e47cb1' } }
---

--- 2024-09-20T07:04:22.110Z debug
[InspectorProxyWorker] SEND TO RUNTIME {"method":"Runtime.getIsolateId","id":100000188}
---

--- 2024-09-20T07:04:22.112Z debug
[InspectorProxyWorker] RUNTIME INCOMING MESSAGE { id: 100000188, result: { id: '428f5c7616e47cb1' } }
---

--- 2024-09-20T07:04:32.135Z debug
[InspectorProxyWorker] SEND TO RUNTIME {"method":"Runtime.getIsolateId","id":100000189}
---

--- 2024-09-20T07:04:32.160Z debug
[InspectorProxyWorker] RUNTIME INCOMING MESSAGE { id: 100000189, result: { id: '428f5c7616e47cb1' } }
---

--- 2024-09-20T07:04:42.105Z debug
[InspectorProxyWorker] SEND TO RUNTIME {"method":"Runtime.getIsolateId","id":100000190}
---

--- 2024-09-20T07:04:42.106Z debug
[InspectorProxyWorker] RUNTIME INCOMING MESSAGE { id: 100000190, result: { id: '428f5c7616e47cb1' } }
---

--- 2024-09-20T07:04:52.110Z debug
[InspectorProxyWorker] SEND TO RUNTIME {"method":"Runtime.getIsolateId","id":100000191}
---

--- 2024-09-20T07:04:52.111Z debug
[InspectorProxyWorker] RUNTIME INCOMING MESSAGE { id: 100000191, result: { id: '428f5c7616e47cb1' } }
---

--- 2024-09-20T07:05:02.104Z debug
[InspectorProxyWorker] SEND TO RUNTIME {"method":"Runtime.getIsolateId","id":100000192}
---

--- 2024-09-20T07:05:02.105Z debug
[InspectorProxyWorker] RUNTIME INCOMING MESSAGE { id: 100000192, result: { id: '428f5c7616e47cb1' } }
---

--- 2024-09-20T07:05:12.113Z debug
[InspectorProxyWorker] SEND TO RUNTIME {"method":"Runtime.getIsolateId","id":100000193}
---

--- 2024-09-20T07:05:12.117Z debug
[InspectorProxyWorker] RUNTIME INCOMING MESSAGE { id: 100000193, result: { id: '428f5c7616e47cb1' } }
---

--- 2024-09-20T07:05:22.110Z debug
[InspectorProxyWorker] SEND TO RUNTIME {"method":"Runtime.getIsolateId","id":100000194}
---

--- 2024-09-20T07:05:22.112Z debug
[InspectorProxyWorker] RUNTIME INCOMING MESSAGE { id: 100000194, result: { id: '428f5c7616e47cb1' } }
---

--- 2024-09-20T07:05:32.138Z debug
[InspectorProxyWorker] SEND TO RUNTIME {"method":"Runtime.getIsolateId","id":100000195}
---

--- 2024-09-20T07:05:32.142Z debug
[InspectorProxyWorker] RUNTIME INCOMING MESSAGE { id: 100000195, result: { id: '428f5c7616e47cb1' } }
---

--- 2024-09-20T07:05:42.109Z debug
[InspectorProxyWorker] SEND TO RUNTIME {"method":"Runtime.getIsolateId","id":100000196}
---

--- 2024-09-20T07:05:42.110Z debug
[InspectorProxyWorker] RUNTIME INCOMING MESSAGE { id: 100000196, result: { id: '428f5c7616e47cb1' } }
---

--- 2024-09-20T07:05:52.119Z debug
[InspectorProxyWorker] SEND TO RUNTIME {"method":"Runtime.getIsolateId","id":100000197}
---

--- 2024-09-20T07:05:52.119Z debug
[InspectorProxyWorker] RUNTIME INCOMING MESSAGE { id: 100000197, result: { id: '428f5c7616e47cb1' } }
---

--- 2024-09-20T07:06:02.100Z debug
[InspectorProxyWorker] SEND TO RUNTIME {"method":"Runtime.getIsolateId","id":100000198}
---

--- 2024-09-20T07:06:02.102Z debug
[InspectorProxyWorker] RUNTIME INCOMING MESSAGE { id: 100000198, result: { id: '428f5c7616e47cb1' } }
---

--- 2024-09-20T07:06:12.101Z debug
[InspectorProxyWorker] SEND TO RUNTIME {"method":"Runtime.getIsolateId","id":100000199}
---

--- 2024-09-20T07:06:12.103Z debug
[InspectorProxyWorker] RUNTIME INCOMING MESSAGE { id: 100000199, result: { id: '428f5c7616e47cb1' } }
---

--- 2024-09-20T07:06:22.105Z debug
[InspectorProxyWorker] SEND TO RUNTIME {"method":"Runtime.getIsolateId","id":100000200}
---

--- 2024-09-20T07:06:22.107Z debug
[InspectorProxyWorker] RUNTIME INCOMING MESSAGE { id: 100000200, result: { id: '428f5c7616e47cb1' } }
---

--- 2024-09-20T07:06:32.144Z debug
[InspectorProxyWorker] SEND TO RUNTIME {"method":"Runtime.getIsolateId","id":100000201}
---

--- 2024-09-20T07:06:32.153Z debug
[InspectorProxyWorker] RUNTIME INCOMING MESSAGE { id: 100000201, result: { id: '428f5c7616e47cb1' } }
---

--- 2024-09-20T07:06:42.102Z debug
[InspectorProxyWorker] SEND TO RUNTIME {"method":"Runtime.getIsolateId","id":100000202}
---

--- 2024-09-20T07:06:42.103Z debug
[InspectorProxyWorker] RUNTIME INCOMING MESSAGE { id: 100000202, result: { id: '428f5c7616e47cb1' } }
---

--- 2024-09-20T07:06:52.111Z debug
[InspectorProxyWorker] SEND TO RUNTIME {"method":"Runtime.getIsolateId","id":100000203}
---

--- 2024-09-20T07:06:52.115Z debug
[InspectorProxyWorker] RUNTIME INCOMING MESSAGE { id: 100000203, result: { id: '428f5c7616e47cb1' } }
---

--- 2024-09-20T07:07:02.110Z debug
[InspectorProxyWorker] SEND TO RUNTIME {"method":"Runtime.getIsolateId","id":100000204}
---

--- 2024-09-20T07:07:02.112Z debug
[InspectorProxyWorker] RUNTIME INCOMING MESSAGE { id: 100000204, result: { id: '428f5c7616e47cb1' } }
---

--- 2024-09-20T07:07:12.107Z debug
[InspectorProxyWorker] SEND TO RUNTIME {"method":"Runtime.getIsolateId","id":100000205}
---

--- 2024-09-20T07:07:12.108Z debug
[InspectorProxyWorker] RUNTIME INCOMING MESSAGE { id: 100000205, result: { id: '428f5c7616e47cb1' } }
---
